>spike_rna
>Fendrr
((((((((&))))))))  73,80  :  63,70  (-10.32 = -16.94 +  0.49 +  6.13) i:80,j:63 <-13.43>
>spike_rna
>Ftx
(((((.((((((.(..((((((((((((..(((((&)))))))))))))..))))..).)))..)))))))) 841,875 :   5,40  (-13.96 = -31.92 +  7.60 + 10.36) i:875,j:5 <-14.25>
>spike_rna
>H19
((((((((.(((((((((((.((.((.((((&)))).)).)).))))))))))))))))))) 3142,3172 :  27,56  (-28.12 = -43.28 +  8.70 +  6.46) i:3172,j:27 <-30.48>
>spike_rna
>Hotair
(((((((..((.((((((..((.((((((((...(((..........((((((((.(.....(((((.(((&))).)))))....).))))))))..........)))....))))))))..))..)))))).))))))))) 1890,1960 :   5,74  (-10.96 = -59.30 + 19.31 + 29.03) i:1960,j:5 <-17.07>
>spike_rna
>Malat1
(((((((((&))))))))) 1289,1297 :   1,8   (-12.40 = -20.12 +  2.98 +  4.74) i:1297,j:1 <-14.10>
>spike_rna
>Meg3
((((((...((((((((.(&).))))))))...)))))) 647,665 :  17,35  (-10.50 = -24.78 +  4.16 + 10.12) i:665,j:17 <-17.30>
>spike_rna
>Mhrt
(((((((((((((&))))))))).))))  52,64  :  35,48  (-11.70 = -19.68 +  0.62 +  7.36) i:64,j:35 <-12.33>
>spike_rna
>Miat
((((((((((&)))))))))) 3151,3160 :  39,48  (-17.79 = -21.30 +  1.09 +  2.42) i:3160,j:39 <-17.80>
>spike_rna
>Nron
(((..((((((((((.(&).))))))))))..))) 3775,3791 :  58,74  (-11.84 = -20.90 +  2.77 +  6.29) i:3791,j:58 <-11.76>
>spike_rna
>Sencr
(((((((((.((((&)))).)))..)))))) 1705,1718 :   5,20  (-7.86 = -14.72 +  1.69 +  5.17) i:1718,j:5 <-11.16>
>spike_rna
>lncWDR59_no_0.23
(((((((((&))))))))) 3635,3643 :  39,47  (-9.59 = -18.09 +  1.77 +  6.73) i:3643,j:39 <-14.26>
>spike_rna
>LINC01505_no_0.23
((((((....(((((((((..(((&)))..))))..)))))..)))))) 874,897 :  25,48  (-11.97 = -20.58 +  3.44 +  5.17) i:897,j:25 <-14.06>
>spike_rna
>APOA1-AS
(((((((((&))))))))) 2534,2542 :  71,79  (-9.89 = -12.60 +  1.38 +  1.33) i:2542,j:71 <-11.99>
