hsa-let-7a-5p -6.69 109 115 9 3 elsewhere
hsa-let-7a-3p -3.13 28 34 21 15 leader
hsa-let-7a-2-3p -10.0 99 112 17 6 elsewhere
hsa-let-7b-5p -10.42 63 76 21 8 leader
hsa-let-7c-5p -6.75 109 115 9 3 elsewhere
hsa-let-7c-3p -8.16 104 112 22 14 elsewhere
hsa-let-7d-5p -6.23 13 22 21 12 leader
hsa-let-7d-3p -3.39 26 32 22 16 leader
hsa-let-7e-5p -7.99 176 186 16 6 elsewhere
hsa-let-7e-3p -9.3 99 112 17 6 elsewhere
hsa-let-7f-5p -6.7 109 115 9 3 elsewhere
hsa-let-7f-2-3p -4.69 27 34 22 15 leader
hsa-miR-15a-3p -4.4 72 79 16 9 leader
hsa-miR-16-5p -1.3 11 22 20 10 leader
hsa-miR-16-1-3p -4.38 85 91 16 10 elsewhere
hsa-miR-18a-3p -8.0 64 76 23 11 leader
hsa-miR-19a-5p -3.97 151 157 21 15 elsewhere
hsa-miR-19b-1-5p -7.57 119 143 21 1 elsewhere
hsa-miR-19b-2-5p -7.33 121 143 21 1 elsewhere
hsa-miR-20a-5p -0.88 154 160 17 11 elsewhere
hsa-miR-20a-3p -3.23 151 157 10 4 elsewhere
hsa-miR-21-5p -4.42 19 27 21 13 leader
hsa-miR-22-5p -9.57 106 127 21 2 elsewhere
hsa-miR-22-3p -2.49 4 15 17 3 leader
hsa-miR-23a-5p -10.01 153 165 21 9 elsewhere
hsa-miR-23a-3p -8.78 120 136 21 3 elsewhere
hsa-miR-24-1-5p -5.6 148 157 10 2 elsewhere
hsa-miR-24-2-5p -8.57 133 157 21 2 elsewhere
hsa-miR-25-3p -11.15 77 99 19 1 elsewhere
hsa-miR-26a-5p -7.93 28 39 12 1 leader
hsa-miR-26a-1-3p -5.2 133 154 22 2 elsewhere
hsa-miR-26b-5p -5.68 28 39 12 1 leader
hsa-miR-26b-3p -6.87 99 110 20 4 elsewhere
hsa-miR-27a-5p -6.88 124 130 7 1 elsewhere
hsa-miR-27a-3p -6.0 31 47 18 7 leader
hsa-miR-28-5p -5.03 178 185 8 1 elsewhere
hsa-miR-28-3p -9.06 64 85 21 1 leader
hsa-miR-29a-5p -3.12 56 63 17 10 leader
hsa-miR-29a-3p -9.4 140 159 21 1 elsewhere
hsa-miR-30a-5p -0.21 146 152 21 15 elsewhere
hsa-miR-30a-3p -4.64 90 107 19 1 elsewhere
hsa-miR-31-5p -5.66 97 115 17 1 elsewhere
hsa-miR-31-3p -4.29 12 19 18 11 leader
hsa-miR-32-5p -5.28 130 139 12 3 elsewhere
hsa-miR-32-3p -2.21 21 27 11 5 leader
hsa-miR-33a-5p -2.06 16 22 17 11 leader
hsa-miR-92a-1-5p -3.64 150 177 23 3 elsewhere
hsa-miR-92a-3p -10.31 61 87 20 4 leader
hsa-miR-92a-2-5p -13.54 151 166 22 3 elsewhere
hsa-miR-93-5p -0.22 152 158 10 4 elsewhere
hsa-miR-93-3p -3.61 147 155 9 1 elsewhere
hsa-miR-95-3p -2.17 84 101 22 8 elsewhere
hsa-miR-96-5p -6.13 136 159 22 3 elsewhere
hsa-miR-96-3p -3.69 151 172 15 1 elsewhere
hsa-miR-98-5p -7.45 93 115 22 3 elsewhere
hsa-miR-98-3p -6.1 103 109 22 16 elsewhere
hsa-miR-99a-3p -6.11 112 127 19 4 elsewhere
hsa-miR-100-3p -3.93 111 127 20 4 elsewhere
hsa-miR-101-3p -3.09 82 92 18 6 elsewhere
hsa-miR-29b-1-5p -13.09 41 69 21 1 leader
hsa-miR-29b-3p -5.46 141 159 20 1 elsewhere
hsa-miR-29b-2-5p -12.53 41 49 20 12 leader
hsa-miR-103a-2-5p -5.15 151 158 19 12 elsewhere
hsa-miR-103a-3p -7.23 84 92 14 6 elsewhere
hsa-miR-103a-1-5p -2.62 151 158 19 12 elsewhere
hsa-miR-106a-3p -4.13 101 111 21 11 elsewhere
hsa-miR-107 -8.11 81 101 22 4 elsewhere
hsa-miR-16-2-3p -10.57 81 93 20 7 elsewhere
hsa-miR-192-5p -2.17 142 154 16 6 elsewhere
hsa-miR-192-3p -4.26 112 127 17 3 elsewhere
hsa-miR-196a-5p -6.85 107 116 10 1 elsewhere
hsa-miR-197-5p -8.24 109 115 17 11 elsewhere
hsa-miR-198 -1.88 31 37 22 16 leader
hsa-miR-199a-3p -11.55 8 22 22 7 leader
hsa-miR-208a-5p -6.31 16 45 22 1 leader
hsa-miR-129-5p -10.62 124 141 19 3 elsewhere
hsa-miR-148a-5p -1.65 30 36 8 2 leader
hsa-miR-148a-3p -8.85 68 88 22 4 leader
hsa-miR-30c-5p -7.94 81 96 18 1 elsewhere
hsa-miR-30c-2-3p -5.93 175 187 16 1 elsewhere
hsa-miR-30d-5p -1.31 146 152 21 15 elsewhere
hsa-miR-30d-3p -5.7 88 107 21 1 elsewhere
hsa-miR-139-5p -5.37 119 138 21 8 elsewhere
hsa-miR-139-3p -3.04 5 19 22 6 leader
hsa-miR-147a -5.06 50 60 13 2 leader
hsa-miR-7-5p -5.29 191 200 24 15 elsewhere
hsa-miR-7-1-3p -5.43 166 173 12 5 elsewhere
hsa-miR-10a-3p -1.04 181 193 18 4 elsewhere
hsa-miR-10b-3p -3.88 77 84 12 5 elsewhere
hsa-miR-34a-5p -4.25 8 25 21 5 leader
hsa-miR-34a-3p -3.84 82 93 17 4 elsewhere
hsa-miR-181a-5p -7.3 54 64 22 11 leader
hsa-miR-181a-2-3p -10.42 85 95 21 11 elsewhere
hsa-miR-181b-5p -5.38 54 64 22 11 leader
hsa-miR-181c-5p -4.2 54 61 21 14 leader
hsa-miR-182-5p -4.44 82 104 24 1 elsewhere
hsa-miR-182-3p -5.51 27 46 16 1 leader
hsa-miR-183-5p -14.19 144 160 18 2 elsewhere
hsa-miR-183-3p -3.33 162 173 16 3 elsewhere
hsa-miR-187-3p -6.99 14 33 20 1 leader
hsa-miR-199b-3p -11.55 8 22 22 7 leader
hsa-miR-203a-5p -11.54 31 47 18 2 leader
hsa-miR-203a-3p -2.31 49 55 9 3 leader
hsa-miR-204-5p -8.23 189 199 16 6 elsewhere
hsa-miR-204-3p -4.22 180 187 9 2 elsewhere
hsa-miR-210-5p -12.17 12 29 22 4 leader
hsa-miR-210-3p -3.38 62 90 20 1 leader
hsa-miR-211-5p -9.67 187 199 18 6 elsewhere
hsa-miR-211-3p -2.49 179 185 19 13 elsewhere
hsa-miR-212-5p -7.97 40 46 11 5 leader
hsa-miR-212-3p -3.16 166 172 18 12 elsewhere
hsa-miR-181a-3p -8.32 73 92 21 3 leader
hsa-miR-214-5p -7.82 73 90 22 4 leader
hsa-miR-214-3p -6.27 109 115 22 16 elsewhere
hsa-miR-215-5p -2.36 142 154 16 6 elsewhere
hsa-miR-215-3p -7.14 183 197 17 3 elsewhere
hsa-miR-216a-3p -8.93 55 67 18 6 leader
hsa-miR-217-5p -5.77 6 20 23 4 leader
hsa-miR-217-3p -7.0 12 30 20 7 leader
hsa-miR-218-5p -7.12 77 84 12 5 elsewhere
hsa-miR-218-2-3p -8.29 27 46 21 3 leader
hsa-miR-219a-5p -2.89 68 81 15 1 leader
hsa-miR-219a-1-3p -6.46 27 38 21 5 leader
hsa-miR-221-5p -7.63 81 104 22 2 elsewhere
hsa-miR-221-3p -6.0 124 136 22 4 elsewhere
hsa-miR-222-3p -2.62 147 155 20 12 elsewhere
hsa-miR-223-5p -3.72 79 88 11 2 elsewhere
hsa-miR-223-3p -6.14 193 199 13 7 elsewhere
hsa-miR-224-5p -8.81 41 47 18 12 leader
hsa-miR-224-3p -8.4 17 29 23 10 leader
hsa-miR-200b-5p -10.16 109 122 16 3 elsewhere
hsa-miR-200b-3p -7.06 95 107 18 6 elsewhere
hsa-let-7g-5p -6.01 101 115 17 3 elsewhere
hsa-let-7g-3p -3.17 84 90 7 1 elsewhere
hsa-let-7i-5p -4.56 93 115 22 3 elsewhere
hsa-let-7i-3p -0.52 149 155 15 9 elsewhere
hsa-miR-1-3p -4.72 179 185 16 10 elsewhere
hsa-miR-15b-3p -4.85 81 99 20 6 elsewhere
hsa-miR-23b-5p -11.24 9 30 21 5 leader
hsa-miR-23b-3p -7.37 2 18 18 3 leader
hsa-miR-27b-5p -7.23 4 19 20 4 leader
hsa-miR-27b-3p -8.65 28 47 21 7 leader
hsa-miR-30b-5p -8.04 81 96 18 1 elsewhere
hsa-miR-30b-3p -2.57 89 101 20 7 elsewhere
hsa-miR-122-5p -4.46 43 55 17 2 leader
hsa-miR-124-5p -8.45 78 96 22 3 elsewhere
hsa-miR-124-3p -7.83 54 65 16 4 leader
hsa-miR-125b-5p -7.13 177 188 14 3 elsewhere
hsa-miR-125b-1-3p -8.4 178 196 22 5 elsewhere
hsa-miR-128-1-5p -18.0 146 164 23 2 elsewhere
hsa-miR-128-3p -4.12 102 110 21 13 elsewhere
hsa-miR-130a-5p -8.96 89 110 22 1 elsewhere
hsa-miR-130a-3p -1.75 19 25 13 7 leader
hsa-miR-132-5p -6.19 60 68 11 3 leader
hsa-miR-135a-5p -9.35 30 46 17 3 leader
hsa-miR-135a-3p -6.43 1 9 11 3 elsewhere
hsa-miR-135a-2-3p -6.41 154 163 16 6 elsewhere
hsa-miR-137-5p -9.52 64 76 18 5 leader
hsa-miR-137-3p -4.92 132 156 21 2 elsewhere
hsa-miR-138-5p -3.02 90 103 16 3 elsewhere
hsa-miR-140-5p -7.64 101 113 16 3 elsewhere
hsa-miR-141-5p -3.57 119 125 9 3 elsewhere
hsa-miR-141-3p -6.65 3 17 20 3 leader
hsa-miR-142-5p -8.12 150 161 21 10 elsewhere
hsa-miR-142-3p -2.79 4 26 23 3 leader
hsa-miR-143-3p -8.14 81 92 21 11 elsewhere
hsa-miR-144-5p -5.7 12 19 18 11 leader
hsa-miR-145-5p -10.48 103 112 13 4 elsewhere
hsa-miR-145-3p -5.27 92 106 21 4 elsewhere
hsa-miR-152-5p -10.64 81 95 18 3 elsewhere
hsa-miR-153-3p -3.39 133 139 7 1 elsewhere
hsa-miR-153-5p -7.33 13 26 22 10 leader
hsa-miR-191-3p -6.92 70 87 21 3 leader
hsa-miR-9-5p -6.07 85 106 21 1 elsewhere
hsa-miR-125a-5p -6.74 12 30 21 1 leader
hsa-miR-125a-3p -6.79 31 48 22 4 leader
hsa-miR-125b-2-3p -7.6 39 45 17 11 leader
hsa-miR-126-5p -5.55 134 156 20 1 elsewhere
hsa-miR-127-5p -9.07 123 137 19 6 elsewhere
hsa-miR-134-5p -4.42 1 15 21 5 leader
hsa-miR-134-3p -4.32 99 118 17 3 elsewhere
hsa-miR-136-3p -1.33 31 45 22 8 leader
hsa-miR-146a-5p -3.17 112 123 21 12 elsewhere
hsa-miR-146a-3p -5.95 104 112 20 12 elsewhere
hsa-miR-149-5p -9.64 60 74 17 5 leader
hsa-miR-149-3p -6.01 176 184 19 11 elsewhere
hsa-miR-150-3p -2.45 181 188 18 11 elsewhere
hsa-miR-154-5p -12.78 60 76 20 4 leader
hsa-miR-154-3p -2.52 150 172 22 1 elsewhere
hsa-miR-184 -6.74 3 15 22 11 leader
hsa-miR-185-5p -8.68 104 115 20 10 elsewhere
hsa-miR-185-3p -13.45 99 115 21 3 elsewhere
hsa-miR-186-5p -8.59 178 193 22 7 elsewhere
hsa-miR-188-5p -4.19 160 170 18 7 elsewhere
hsa-miR-188-3p -8.66 124 136 18 5 elsewhere
hsa-miR-190a-5p -6.26 128 142 21 7 elsewhere
hsa-miR-190a-3p -3.94 120 138 20 2 elsewhere
hsa-miR-193a-5p -11.0 63 76 15 3 leader
hsa-miR-194-5p -5.94 114 122 21 13 elsewhere
hsa-miR-195-5p -1.87 11 17 20 14 leader
hsa-miR-195-3p -9.8 81 94 21 7 elsewhere
hsa-miR-206 -9.52 44 56 22 11 leader
hsa-miR-320a-5p -11.04 103 126 22 6 elsewhere
hsa-miR-320a-3p -3.56 171 182 16 3 elsewhere
hsa-miR-1-5p -4.9 13 19 7 1 leader
hsa-miR-155-5p -5.56 2 26 24 2 leader
hsa-miR-155-3p -7.92 129 138 14 5 elsewhere
hsa-miR-181b-2-3p -6.84 1 16 18 3 leader
hsa-miR-128-2-5p -8.91 84 92 20 12 elsewhere
hsa-miR-194-3p -7.34 125 134 11 2 elsewhere
hsa-miR-106b-5p -1.17 152 158 10 4 elsewhere
hsa-miR-106b-3p -6.96 80 92 18 4 elsewhere
hsa-miR-29c-5p -7.08 20 37 21 5 leader
hsa-miR-29c-3p -7.2 140 159 21 1 elsewhere
hsa-miR-30c-1-3p -7.24 89 101 20 8 elsewhere
hsa-miR-200a-5p -3.98 152 162 20 10 elsewhere
hsa-miR-200a-3p -3.6 98 107 15 6 elsewhere
hsa-miR-302a-5p -5.56 68 91 22 1 leader
hsa-miR-302a-3p -10.94 55 76 23 4 leader
hsa-miR-219a-2-3p -6.18 62 68 12 6 leader
hsa-miR-34b-5p -9.3 99 116 17 1 elsewhere
hsa-miR-34c-5p -6.75 95 115 22 1 elsewhere
hsa-miR-299-3p -8.18 150 167 21 1 elsewhere
hsa-miR-301a-5p -8.69 150 157 22 15 elsewhere
hsa-miR-301a-3p -3.23 91 112 19 1 elsewhere
hsa-miR-99b-3p -5.21 112 127 19 4 elsewhere
hsa-miR-296-3p -6.54 104 130 22 2 elsewhere
hsa-miR-130b-5p -11.95 16 33 18 3 leader
hsa-miR-30e-5p -1.11 22 30 18 9 leader
hsa-miR-30e-3p -5.79 90 107 19 1 elsewhere
hsa-miR-26a-2-3p -4.41 77 83 13 7 elsewhere
hsa-miR-361-3p -1.08 48 54 13 7 leader
hsa-miR-362-5p -6.25 46 63 24 4 leader
hsa-miR-362-3p -9.19 2 19 20 2 leader
hsa-miR-363-5p -3.2 164 173 16 6 elsewhere
hsa-miR-363-3p -3.18 13 21 11 3 leader
hsa-miR-365a-5p -4.45 48 65 23 3 leader
hsa-miR-365b-5p -14.1 108 130 20 1 elsewhere
hsa-miR-302b-5p -2.97 50 57 17 10 leader
hsa-miR-302b-3p -7.26 116 127 15 4 elsewhere
hsa-miR-302c-5p -16.22 149 168 22 5 elsewhere
hsa-miR-302c-3p -6.84 109 124 21 7 elsewhere
hsa-miR-302d-5p -5.57 80 92 21 8 elsewhere
hsa-miR-302d-3p -6.75 116 127 15 4 elsewhere
hsa-miR-367-3p -0.2 81 87 10 4 elsewhere
hsa-miR-376c-5p -7.85 20 48 21 1 leader
hsa-miR-369-5p -5.79 16 24 18 10 leader
hsa-miR-369-3p -6.34 7 19 16 5 leader
hsa-miR-370-5p -4.82 151 173 22 2 elsewhere
hsa-miR-370-3p -3.73 46 64 22 5 leader
hsa-miR-371a-5p -8.65 153 167 20 9 elsewhere
hsa-miR-371a-3p -5.42 33 47 21 3 leader
hsa-miR-372-5p -10.26 150 170 21 3 elsewhere
hsa-miR-372-3p -7.95 75 91 23 6 leader
hsa-miR-373-5p -9.75 104 114 22 13 elsewhere
hsa-miR-373-3p -6.03 65 88 22 4 leader
hsa-miR-374a-3p -5.92 72 80 16 8 leader
hsa-miR-375-3p -11.28 65 83 21 5 leader
hsa-miR-376a-5p -7.56 102 113 13 1 elsewhere
hsa-miR-377-5p -8.91 54 66 19 7 leader
hsa-miR-378a-5p -5.45 30 37 18 11 leader
hsa-miR-380-5p -1.32 7 13 7 1 elsewhere
hsa-miR-381-5p -1.64 83 101 22 1 elsewhere
hsa-miR-381-3p -11.58 102 115 22 8 elsewhere
hsa-miR-382-5p -11.34 80 98 22 4 elsewhere
hsa-miR-383-5p -8.91 42 56 22 7 leader
hsa-miR-383-3p -8.36 151 158 10 3 elsewhere
hsa-miR-340-5p -5.42 9 17 22 14 leader
hsa-miR-330-5p -3.33 100 106 7 1 elsewhere
hsa-miR-328-5p -9.6 124 137 19 7 elsewhere
hsa-miR-328-3p -6.24 101 111 13 3 elsewhere
hsa-miR-342-5p -8.16 142 158 21 4 elsewhere
hsa-miR-342-3p -6.26 166 174 18 10 elsewhere
hsa-miR-337-3p -3.37 26 32 20 14 leader
hsa-miR-323a-5p -12.59 90 115 22 1 elsewhere
hsa-miR-323a-3p -7.42 120 136 18 1 elsewhere
hsa-miR-326 -5.36 26 32 16 10 leader
hsa-miR-151a-5p -5.71 178 185 10 3 elsewhere
hsa-miR-151a-3p -4.03 24 31 19 12 leader
hsa-miR-135b-5p -9.08 21 46 21 3 leader
hsa-miR-135b-3p -7.5 117 131 20 4 elsewhere
hsa-miR-148b-5p -10.2 13 23 17 7 leader
hsa-miR-148b-3p -4.4 68 88 22 4 leader
hsa-miR-324-5p -9.55 95 110 19 2 elsewhere
hsa-miR-324-3p -5.17 149 169 22 3 elsewhere
hsa-miR-338-5p -5.31 11 28 19 9 leader
hsa-miR-338-3p -1.73 194 200 21 15 elsewhere
hsa-miR-339-5p -7.34 178 197 19 5 elsewhere
hsa-miR-335-5p -2.15 49 55 23 17 leader
hsa-miR-335-3p -8.66 184 202 20 1 elsewhere
hsa-miR-325 -6.33 91 104 15 1 elsewhere
hsa-miR-345-5p -8.02 124 130 22 16 elsewhere
hsa-miR-384 -13.22 90 106 19 2 elsewhere
hsa-miR-196b-5p -9.23 91 116 21 1 elsewhere
hsa-miR-422a -6.11 126 138 14 3 elsewhere
hsa-miR-423-5p -4.97 179 186 8 1 elsewhere
hsa-miR-423-3p -6.61 77 84 9 2 elsewhere
hsa-miR-424-3p -11.14 149 158 20 11 elsewhere
hsa-miR-425-3p -4.66 68 79 20 10 leader
hsa-miR-18b-3p -0.17 184 190 21 15 elsewhere
hsa-miR-20b-5p -1.52 154 160 17 11 elsewhere
hsa-miR-20b-3p -7.67 103 119 20 7 elsewhere
hsa-miR-448 -8.05 118 139 22 1 elsewhere
hsa-miR-429 -3.03 98 107 15 6 elsewhere
hsa-miR-449a -9.68 88 114 20 2 elsewhere
hsa-miR-450a-5p -6.87 70 81 16 6 leader
hsa-miR-450a-1-3p -5.41 132 152 20 1 elsewhere
hsa-miR-431-3p -6.56 124 130 20 14 elsewhere
hsa-miR-433-5p -6.54 49 60 14 3 leader
hsa-miR-433-3p -10.12 56 66 21 8 leader
hsa-miR-329-5p -4.94 175 191 21 5 elsewhere
hsa-miR-329-3p -10.86 7 19 15 2 leader
hsa-miR-451a -6.61 147 156 20 11 elsewhere
hsa-miR-452-5p -3.31 90 96 10 4 elsewhere
hsa-miR-452-3p -7.09 179 195 17 2 elsewhere
hsa-miR-409-5p -4.34 68 88 21 2 leader
hsa-miR-409-3p -10.88 11 25 16 2 leader
hsa-miR-412-5p -0.9 171 177 17 11 elsewhere
hsa-miR-410-5p -4.39 31 48 20 2 leader
hsa-miR-376b-5p -2.8 20 47 21 2 leader
hsa-miR-376b-3p -4.73 116 131 21 5 elsewhere
hsa-miR-483-3p -10.24 27 33 16 10 leader
hsa-miR-485-5p -6.23 177 184 8 1 elsewhere
hsa-miR-485-3p -12.93 103 112 18 9 elsewhere
hsa-miR-486-5p -2.58 147 153 12 6 elsewhere
hsa-miR-486-3p -11.69 107 115 11 3 elsewhere
hsa-miR-487a-5p -5.82 80 113 22 1 elsewhere
hsa-miR-487a-3p -6.28 160 172 13 1 elsewhere
hsa-miR-488-5p -6.15 150 160 18 9 elsewhere
hsa-miR-488-3p -2.57 77 83 21 15 elsewhere
hsa-miR-489-5p -8.57 62 80 18 1 leader
hsa-miR-489-3p -3.41 155 175 20 2 elsewhere
hsa-miR-490-3p -3.25 12 28 22 4 leader
hsa-miR-491-5p -9.06 113 131 22 3 elsewhere
hsa-miR-491-3p -3.94 119 139 21 2 elsewhere
hsa-miR-511-5p -7.33 62 79 20 3 leader
hsa-miR-146b-5p -6.01 112 123 21 12 elsewhere
hsa-miR-146b-3p -5.15 106 121 19 2 elsewhere
hsa-miR-202-5p -6.2 13 30 16 1 leader
hsa-miR-202-3p -8.89 162 168 18 12 elsewhere
hsa-miR-493-5p -8.76 118 138 21 4 elsewhere
hsa-miR-493-3p -7.74 62 76 19 5 leader
hsa-miR-432-5p -7.09 162 189 20 1 elsewhere
hsa-miR-432-3p -9.83 116 128 19 7 elsewhere
hsa-miR-494-5p -11.05 60 76 19 3 leader
hsa-miR-495-5p -6.87 188 197 21 12 elsewhere
hsa-miR-495-3p -9.37 81 92 19 8 elsewhere
hsa-miR-496 -7.27 163 171 14 6 elsewhere
hsa-miR-193b-5p -6.09 112 130 15 2 elsewhere
hsa-miR-497-5p -7.3 12 19 13 6 leader
hsa-miR-497-3p -3.38 45 51 17 11 leader
hsa-miR-181d-5p -6.08 76 94 21 5 elsewhere
hsa-miR-181d-3p -9.38 158 169 13 2 elsewhere
hsa-miR-512-3p -4.46 145 158 21 2 elsewhere
hsa-miR-498-5p -4.17 121 137 23 7 elsewhere
hsa-miR-520e-5p -4.25 107 113 19 13 elsewhere
hsa-miR-520e-3p -5.9 22 36 17 2 leader
hsa-miR-515-5p -1.94 25 36 24 13 leader
hsa-miR-515-3p -0.2 37 43 14 8 leader
hsa-miR-519e-5p -7.33 179 192 16 1 elsewhere
hsa-miR-519e-3p -8.49 20 36 22 1 leader
hsa-miR-520f-5p -6.02 104 113 22 14 elsewhere
hsa-miR-520f-3p -3.53 26 36 12 1 leader
hsa-miR-519c-5p -3.64 179 190 14 1 elsewhere
hsa-miR-519c-3p -4.2 4 20 20 5 leader
hsa-miR-520a-5p -4.74 179 190 14 1 elsewhere
hsa-miR-520a-3p -6.67 22 36 16 2 leader
hsa-miR-526b-5p -6.15 179 191 14 2 elsewhere
hsa-miR-526b-3p -2.73 50 56 7 1 leader
hsa-miR-519b-5p -3.64 179 190 14 1 elsewhere
hsa-miR-519b-3p -6.52 2 20 22 5 leader
hsa-miR-525-5p -3.64 13 31 17 1 leader
hsa-miR-525-3p -3.24 26 32 14 8 leader
hsa-miR-523-5p -3.64 179 190 14 1 elsewhere
hsa-miR-523-3p -6.78 13 19 9 3 leader
hsa-miR-518f-5p -4.36 179 190 14 1 elsewhere
hsa-miR-518f-3p -7.64 100 113 18 5 elsewhere
hsa-miR-520b-5p -6.25 179 190 15 2 elsewhere
hsa-miR-520b-3p -4.04 26 36 13 2 leader
hsa-miR-518b -4.45 3 19 22 5 leader
hsa-miR-526a-5p -3.92 179 190 14 1 elsewhere
hsa-miR-526a-3p -0.58 26 32 14 8 leader
hsa-miR-520c-5p -3.92 179 190 14 1 elsewhere
hsa-miR-520c-3p -3.84 26 36 13 2 leader
hsa-miR-518c-5p -5.17 179 191 15 1 elsewhere
hsa-miR-518c-3p -5.55 100 113 18 5 elsewhere
hsa-miR-524-5p -4.31 103 113 22 13 elsewhere
hsa-miR-524-3p -3.44 22 32 17 8 leader
hsa-miR-517-5p -6.7 150 162 22 10 elsewhere
hsa-miR-517a-3p -7.79 70 79 11 1 leader
hsa-miR-519d-5p -6.8 179 190 15 2 elsewhere
hsa-miR-519d-3p -11.01 26 36 14 3 leader
hsa-miR-521 -4.05 5 19 19 2 leader
hsa-miR-520d-5p -0.53 179 185 14 8 elsewhere
hsa-miR-520d-3p -8.07 54 76 21 4 leader
hsa-miR-517b-3p -7.79 70 79 11 1 leader
hsa-miR-520g-5p -3.9 179 189 12 1 elsewhere
hsa-miR-520g-3p -9.43 21 36 24 4 leader
hsa-miR-516b-5p -6.72 179 186 17 10 elsewhere
hsa-miR-516b-3p -2.26 35 44 13 2 leader
hsa-miR-518e-5p -3.64 179 190 14 1 elsewhere
hsa-miR-518e-3p -4.65 26 32 13 7 leader
hsa-miR-518a-5p -0.49 179 185 14 8 elsewhere
hsa-miR-518a-3p -5.72 26 32 14 8 leader
hsa-miR-518d-5p -3.92 179 190 14 1 elsewhere
hsa-miR-518d-3p -3.02 22 32 17 8 leader
hsa-miR-517c-3p -7.54 70 79 11 1 leader
hsa-miR-520h -8.96 26 36 15 4 leader
hsa-miR-522-5p -3.64 179 190 14 1 elsewhere
hsa-miR-522-3p -2.54 49 66 22 5 leader
hsa-miR-519a-5p -3.64 179 190 14 1 elsewhere
hsa-miR-519a-3p -3.59 21 33 22 9 leader
hsa-miR-527 -0.49 179 185 14 8 elsewhere
hsa-miR-516a-5p -6.48 179 192 17 1 elsewhere
hsa-miR-516a-3p -2.26 35 44 13 2 leader
hsa-miR-519a-2-5p -6.25 179 190 15 2 elsewhere
hsa-miR-499a-5p -5.17 20 38 20 1 leader
hsa-miR-499a-3p -2.57 31 37 17 11 leader
hsa-miR-500a-5p -7.55 53 72 23 4 leader
hsa-miR-500a-3p -9.76 2 20 19 2 leader
hsa-miR-501-5p -8.35 53 63 22 12 leader
hsa-miR-501-3p -5.39 2 20 20 3 leader
hsa-miR-502-5p -1.38 152 158 21 15 elsewhere
hsa-miR-502-3p -9.74 2 20 20 3 leader
hsa-miR-450a-2-3p -8.16 118 133 18 1 elsewhere
hsa-miR-503-5p -1.37 104 115 21 8 elsewhere
hsa-miR-503-3p -6.56 88 101 18 3 elsewhere
hsa-miR-504-5p -8.49 13 29 19 4 leader
hsa-miR-504-3p -9.14 124 138 20 6 elsewhere
hsa-miR-505-5p -6.16 173 188 19 6 elsewhere
hsa-miR-505-3p -8.53 70 86 21 6 leader
hsa-miR-513a-5p -3.72 49 56 15 8 leader
hsa-miR-513a-3p -6.41 180 195 22 7 elsewhere
hsa-miR-506-5p -5.86 18 25 18 11 leader
hsa-miR-506-3p -4.81 180 194 20 6 elsewhere
hsa-miR-507 -3.58 126 141 18 1 elsewhere
hsa-miR-508-3p -4.97 70 81 11 1 leader
hsa-miR-509-3p -4.72 110 118 22 14 elsewhere
hsa-miR-510-5p -2.76 50 62 14 3 leader
hsa-miR-510-3p -2.97 181 187 17 11 elsewhere
hsa-miR-514a-5p -2.75 50 62 14 3 leader
hsa-miR-514a-3p -2.07 110 124 20 8 elsewhere
hsa-miR-532-5p -5.43 113 127 17 4 elsewhere
hsa-miR-455-3p -4.97 14 20 21 15 leader
hsa-miR-539-5p -6.91 56 63 19 12 leader
hsa-miR-544a -4.2 92 110 22 6 elsewhere
hsa-miR-545-5p -3.59 90 101 15 3 elsewhere
hsa-miR-376a-2-5p -7.58 102 114 14 1 elsewhere
hsa-miR-487b-3p -6.79 73 79 8 2 leader
hsa-miR-551a -4.94 60 81 19 2 leader
hsa-miR-552-5p -1.06 173 179 21 15 elsewhere
hsa-miR-552-3p -4.94 6 15 18 9 leader
hsa-miR-553 -7.66 49 60 18 5 leader
hsa-miR-92b-3p -15.34 60 87 21 4 leader
hsa-miR-555 -0.64 23 29 21 15 leader
hsa-miR-556-5p -2.43 86 93 15 8 elsewhere
hsa-miR-557 -11.74 120 140 21 2 elsewhere
hsa-miR-558 -6.33 85 91 13 7 elsewhere
hsa-miR-559 -4.3 14 20 16 10 leader
hsa-miR-561-5p -5.07 68 80 21 7 leader
hsa-miR-561-3p -3.95 21 39 22 6 leader
hsa-miR-562 -8.72 80 95 19 4 elsewhere
hsa-miR-563 -0.59 131 137 15 9 elsewhere
hsa-miR-567 -5.67 119 127 14 6 elsewhere
hsa-miR-568 -7.15 14 25 20 8 leader
hsa-miR-551b-5p -9.85 160 174 18 1 elsewhere
hsa-miR-551b-3p -3.27 77 86 17 8 elsewhere
hsa-miR-569 -1.54 141 147 7 1 elsewhere
hsa-miR-570-5p -11.53 103 113 21 11 elsewhere
hsa-miR-571 -0.11 142 148 8 2 elsewhere
hsa-miR-572 -9.77 62 88 18 1 leader
hsa-miR-574-5p -9.96 48 69 22 4 leader
hsa-miR-574-3p -6.53 14 20 15 9 leader
hsa-miR-576-5p -1.71 13 29 20 2 leader
hsa-miR-576-3p -7.71 47 55 9 1 leader
hsa-miR-577 -4.18 10 17 16 9 leader
hsa-miR-578 -7.09 143 157 20 7 elsewhere
hsa-miR-579-5p -3.86 103 113 14 3 elsewhere
hsa-miR-580-3p -3.95 48 57 12 2 leader
hsa-miR-581 -7.26 25 38 14 1 leader
hsa-miR-582-5p -6.1 91 98 13 6 elsewhere
hsa-miR-582-3p -5.36 6 15 12 3 leader
hsa-miR-584-5p -4.15 182 195 17 4 elsewhere
hsa-miR-586 -8.38 77 92 21 5 elsewhere
hsa-miR-587 -4.38 117 124 8 1 elsewhere
hsa-miR-548b-5p -10.03 58 68 20 10 leader
hsa-miR-589-5p -6.45 69 81 20 10 leader
hsa-miR-550a-5p -4.39 179 188 15 5 elsewhere
hsa-miR-590-3p -4.86 125 144 18 1 elsewhere
hsa-miR-591 -6.73 123 137 14 3 elsewhere
hsa-miR-593-5p -8.54 91 115 23 1 elsewhere
hsa-miR-593-3p -5.45 124 131 17 10 elsewhere
hsa-miR-595 -9.3 37 55 20 1 leader
hsa-miR-597-5p -8.46 78 89 13 1 elsewhere
hsa-miR-597-3p -9.64 41 47 17 11 leader
hsa-miR-598-5p -1.01 155 161 18 12 elsewhere
hsa-miR-598-3p -6.54 188 198 21 11 elsewhere
hsa-miR-599 -0.19 73 79 7 1 leader
hsa-miR-548a-5p -4.54 27 37 22 12 leader
hsa-miR-601 -5.35 1 13 13 1 elsewhere
hsa-miR-603 -7.78 12 19 9 2 leader
hsa-miR-605-5p -5.63 103 121 23 7 elsewhere
hsa-miR-605-3p -10.41 144 161 18 2 elsewhere
hsa-miR-606 -8.2 146 155 12 3 elsewhere
hsa-miR-608 -3.54 156 163 9 2 elsewhere
hsa-miR-609 -5.4 103 115 14 2 elsewhere
hsa-miR-610 -3.83 48 54 13 7 leader
hsa-miR-612 -8.54 99 116 20 3 elsewhere
hsa-miR-613 -2.72 26 33 16 9 leader
hsa-miR-615-5p -3.08 77 85 22 13 elsewhere
hsa-miR-615-3p -8.72 102 113 19 6 elsewhere
hsa-miR-616-3p -8.31 119 136 21 4 elsewhere
hsa-miR-548c-5p -6.28 103 113 21 11 elsewhere
hsa-miR-617 -5.31 109 124 22 4 elsewhere
hsa-miR-618 -7.81 27 43 19 4 leader
hsa-miR-619-5p -4.57 143 152 10 1 elsewhere
hsa-miR-620 -4.47 3 9 8 2 elsewhere
hsa-miR-622 -7.79 143 158 17 3 elsewhere
hsa-miR-623 -4.96 172 188 22 4 elsewhere
hsa-miR-624-5p -1.98 71 78 21 14 leader
hsa-miR-624-3p -7.5 151 169 19 1 elsewhere
hsa-miR-625-5p -6.64 117 130 17 3 elsewhere
hsa-miR-625-3p -6.79 103 109 17 11 elsewhere
hsa-miR-626 -6.6 49 64 16 2 leader
hsa-miR-627-5p -2.92 181 196 15 1 elsewhere
hsa-miR-627-3p -1.22 89 109 20 2 elsewhere
hsa-miR-628-5p -5.65 5 19 21 7 leader
hsa-miR-628-3p -5.75 79 104 21 1 elsewhere
hsa-miR-629-5p -6.06 128 136 15 7 elsewhere
hsa-miR-629-3p -10.78 103 110 8 1 elsewhere
hsa-miR-630 -6.75 68 76 10 2 leader
hsa-miR-33b-5p -3.41 134 157 17 3 elsewhere
hsa-miR-33b-3p -4.71 58 67 11 3 leader
hsa-miR-632 -3.83 22 34 16 3 leader
hsa-miR-633 -3.72 151 160 14 4 elsewhere
hsa-miR-635 -5.84 11 21 13 3 leader
hsa-miR-636 -5.43 62 77 19 1 leader
hsa-miR-637 -11.52 66 91 24 1 leader
hsa-miR-638 -9.64 155 174 21 2 elsewhere
hsa-miR-639 -4.02 152 171 22 1 elsewhere
hsa-miR-641 -4.52 167 175 21 13 elsewhere
hsa-miR-642a-5p -4.56 48 63 17 4 leader
hsa-miR-642a-3p -9.27 127 137 18 3 elsewhere
hsa-miR-643 -3.12 82 90 11 3 elsewhere
hsa-miR-644a -9.86 60 69 11 2 leader
hsa-miR-645 -12.29 148 162 19 5 elsewhere
hsa-miR-647 -9.43 26 47 20 1 leader
hsa-miR-648 -6.33 10 25 19 2 leader
hsa-miR-649 -9.48 91 104 16 4 elsewhere
hsa-miR-650 -12.3 103 115 16 4 elsewhere
hsa-miR-651-3p -3.32 49 56 12 5 leader
hsa-miR-652-3p -10.18 143 160 19 2 elsewhere
hsa-miR-548d-5p -7.14 39 47 19 11 leader
hsa-miR-548d-3p -1.93 37 43 20 14 leader
hsa-miR-661 -0.51 132 138 24 18 elsewhere
hsa-miR-662 -8.22 62 70 15 6 leader
hsa-miR-449b-5p -9.88 88 115 20 1 elsewhere
hsa-miR-653-5p -1.77 171 178 9 2 elsewhere
hsa-miR-653-3p -5.13 88 94 7 1 elsewhere
hsa-miR-411-5p -4.42 111 121 19 8 elsewhere
hsa-miR-654-5p -4.58 54 60 7 1 leader
hsa-miR-654-3p -2.83 148 154 12 6 elsewhere
hsa-miR-655-5p -8.04 66 76 15 5 leader
hsa-miR-655-3p -5.83 7 19 15 4 leader
hsa-miR-656-3p -5.49 123 139 21 5 elsewhere
hsa-miR-657 -12.09 24 48 22 1 leader
hsa-miR-658 -2.95 179 185 13 7 elsewhere
hsa-miR-659-5p -6.4 24 32 14 6 leader
hsa-miR-659-3p -3.76 77 83 7 1 elsewhere
hsa-miR-660-5p -6.27 125 139 21 7 elsewhere
hsa-miR-660-3p -4.96 77 92 20 6 elsewhere
hsa-miR-421 -4.93 134 146 23 11 elsewhere
hsa-miR-542-5p -1.17 164 174 15 4 elsewhere
hsa-miR-542-3p -2.19 146 171 22 2 elsewhere
hsa-miR-758-5p -1.42 4 13 14 3 elsewhere
hsa-miR-1264 -8.78 12 37 21 1 leader
hsa-miR-671-3p -8.81 120 130 21 11 elsewhere
hsa-miR-668-5p -11.01 50 66 19 1 leader
hsa-miR-668-3p -9.58 70 89 18 1 leader
hsa-miR-550a-3-5p -6.03 179 188 15 5 elsewhere
hsa-miR-767-5p -4.5 68 87 20 1 leader
hsa-miR-767-3p -6.69 60 78 22 6 leader
hsa-miR-1224-5p -9.3 50 69 18 1 leader
hsa-miR-1224-3p -8.69 26 37 15 4 leader
hsa-miR-151b -5.96 178 185 10 3 elsewhere
hsa-miR-320b -3.78 166 182 21 3 elsewhere
hsa-miR-320c -4.71 171 182 16 3 elsewhere
hsa-miR-1296-5p -9.02 118 132 18 1 elsewhere
hsa-miR-1296-3p -4.54 59 69 13 3 leader
hsa-miR-1468-5p -8.64 88 107 21 1 elsewhere
hsa-miR-1323 -8.97 179 187 15 7 elsewhere
hsa-miR-1271-5p -7.1 89 114 20 4 elsewhere
hsa-miR-1301-3p -4.2 181 198 17 1 elsewhere
hsa-miR-454-3p -0.22 150 156 15 9 elsewhere
hsa-miR-449c-5p -12.97 94 116 25 1 elsewhere
hsa-miR-449c-3p -8.87 25 33 22 14 leader
hsa-miR-1283 -5.18 104 113 22 14 elsewhere
hsa-miR-769-5p -5.92 123 129 17 11 elsewhere
hsa-miR-769-3p -9.49 57 73 22 8 leader
hsa-miR-766-5p -9.56 150 164 19 2 elsewhere
hsa-miR-762 -1.5 177 183 7 1 elsewhere
hsa-miR-802 -2.76 2 8 14 8 elsewhere
hsa-miR-670-5p -11.39 45 63 20 4 leader
hsa-miR-1298-5p -2.42 75 85 13 3 leader
hsa-miR-2113 -11.86 36 51 20 4 leader
hsa-miR-761 -5.43 50 59 17 8 leader
hsa-miR-764 -14.13 27 48 22 4 leader
hsa-miR-759 -0.04 137 143 20 14 elsewhere
hsa-miR-765 -4.74 50 56 18 12 leader
hsa-miR-675-3p -5.32 83 90 8 1 elsewhere
hsa-miR-298 -7.65 103 115 23 11 elsewhere
hsa-miR-891a-3p -3.86 154 160 8 2 elsewhere
hsa-miR-300 -15.27 102 115 22 8 elsewhere
hsa-miR-892a -10.72 66 92 19 1 leader
hsa-miR-450b-5p -4.96 184 200 19 1 elsewhere
hsa-miR-450b-3p -2.47 134 150 17 2 elsewhere
hsa-miR-874-3p -2.38 99 107 10 1 elsewhere
hsa-miR-890 -1.64 79 85 7 1 elsewhere
hsa-miR-891b -1.73 167 173 19 13 elsewhere
hsa-miR-888-5p -5.27 168 190 21 3 elsewhere
hsa-miR-892b -6.72 110 128 21 5 elsewhere
hsa-miR-541-5p -6.48 62 74 20 6 leader
hsa-miR-541-3p -4.31 47 60 19 1 leader
hsa-miR-889-5p -0.92 154 172 18 1 elsewhere
hsa-miR-875-5p -2.88 106 112 14 8 elsewhere
hsa-miR-875-3p -7.14 1 23 19 3 leader
hsa-miR-876-5p -1.74 167 173 20 14 elsewhere
hsa-miR-876-3p -10.33 28 49 21 1 leader
hsa-miR-708-5p -6.0 162 185 23 1 elsewhere
hsa-miR-190b-5p -5.12 11 24 18 5 leader
hsa-miR-190b-3p -5.13 13 25 19 5 leader
hsa-miR-744-5p -8.36 125 138 15 1 elsewhere
hsa-miR-885-3p -9.82 99 115 17 1 elsewhere
hsa-miR-877-5p -12.45 154 164 16 6 elsewhere
hsa-miR-877-3p -12.54 27 43 19 3 leader
hsa-miR-887-5p -6.37 172 188 18 1 elsewhere
hsa-miR-543 -12.24 81 94 19 6 elsewhere
hsa-miR-374b-5p -5.29 147 154 20 13 elsewhere
hsa-miR-374b-3p -5.84 90 104 21 1 elsewhere
hsa-miR-760 -9.11 160 181 20 2 elsewhere
hsa-miR-301b-5p -9.12 150 157 22 15 elsewhere
hsa-miR-216b-5p -6.6 48 73 21 5 leader
hsa-miR-216b-3p -10.8 2 19 21 1 leader
hsa-miR-208b-5p -3.84 79 91 15 3 elsewhere
hsa-miR-920 -4.22 171 185 15 1 elsewhere
hsa-miR-921 -1.0 52 58 10 4 leader
hsa-miR-924 -3.99 21 36 15 2 leader
hsa-miR-509-3-5p -0.31 166 172 22 16 elsewhere
hsa-miR-933 -6.43 83 89 7 1 elsewhere
hsa-miR-934 -4.18 134 156 19 5 elsewhere
hsa-miR-936 -4.65 166 184 21 6 elsewhere
hsa-miR-937-5p -9.33 50 67 19 1 leader
hsa-miR-937-3p -7.07 25 44 20 7 leader
hsa-miR-938 -2.52 3 10 13 6 elsewhere
hsa-miR-939-5p -7.38 158 186 24 1 elsewhere
hsa-miR-941 -7.27 14 29 19 3 leader
hsa-miR-942-5p -6.29 14 33 19 1 leader
hsa-miR-942-3p -7.41 163 169 7 1 elsewhere
hsa-miR-943 -9.08 28 34 19 13 leader
hsa-miR-944 -10.77 78 93 19 4 elsewhere
hsa-miR-297 -3.21 83 100 20 3 elsewhere
hsa-miR-1178-3p -11.65 25 44 20 3 leader
hsa-miR-1179 -8.39 88 101 16 2 elsewhere
hsa-miR-1180-3p -9.57 64 77 16 5 leader
hsa-miR-1182 -14.79 48 65 21 4 leader
hsa-miR-1183 -13.76 63 92 26 1 leader
hsa-miR-1184 -6.16 60 77 22 8 leader
hsa-miR-1225-5p -7.94 160 166 21 15 elsewhere
hsa-miR-1226-3p -9.16 100 112 22 5 elsewhere
hsa-miR-1227-5p -6.58 109 131 15 2 elsewhere
hsa-miR-1227-3p -4.57 120 126 16 10 elsewhere
hsa-miR-1228-5p -9.86 48 67 19 1 leader
hsa-miR-1229-5p -6.16 124 131 13 6 elsewhere
hsa-miR-1231 -1.86 110 116 12 6 elsewhere
hsa-miR-1233-5p -2.34 179 186 10 3 elsewhere
hsa-miR-1233-3p -11.44 27 34 16 9 leader
hsa-miR-1236-5p -9.68 47 59 20 10 leader
hsa-miR-1236-3p -8.21 104 126 20 2 elsewhere
hsa-miR-1237-3p -9.57 68 82 14 1 leader
hsa-miR-1200 -7.43 179 190 19 1 elsewhere
hsa-miR-1202 -6.11 160 166 19 13 elsewhere
hsa-miR-1203 -7.35 107 113 21 15 elsewhere
hsa-miR-663b -2.73 182 188 22 16 elsewhere
hsa-miR-1204 -12.07 57 68 12 2 leader
hsa-miR-1205 -5.59 89 100 15 4 elsewhere
hsa-miR-1206 -6.49 83 96 13 1 elsewhere
hsa-miR-1207-5p -5.26 177 185 14 6 elsewhere
hsa-miR-1208 -5.72 80 93 18 1 elsewhere
hsa-miR-548e-5p -3.84 103 113 22 12 elsewhere
hsa-miR-548e-3p -7.49 135 152 22 5 elsewhere
hsa-miR-548j-5p -7.11 57 70 22 10 leader
hsa-miR-548j-3p -6.66 150 157 16 9 elsewhere
hsa-miR-1285-5p -9.59 58 80 21 1 leader
hsa-miR-1287-5p -5.29 32 47 22 11 leader
hsa-miR-1287-3p -4.65 78 105 22 1 elsewhere
hsa-miR-1289 -4.13 153 175 21 1 elsewhere
hsa-miR-548k -5.16 136 158 21 4 elsewhere
hsa-miR-1293 -12.17 48 70 21 1 leader
hsa-miR-1294 -6.81 149 166 19 2 elsewhere
hsa-miR-1297 -6.58 22 39 17 1 leader
hsa-miR-1299 -8.36 65 74 17 8 leader
hsa-miR-548l -9.97 59 76 20 5 leader
hsa-miR-1302 -6.87 13 23 12 2 leader
hsa-miR-1303 -4.69 59 68 18 9 leader
hsa-miR-1304-5p -9.43 48 65 22 6 leader
hsa-miR-1304-3p -16.61 79 93 17 3 elsewhere
hsa-miR-1305 -3.46 22 29 15 8 leader
hsa-miR-1243 -1.99 163 172 18 10 elsewhere
hsa-miR-548f-5p -4.27 166 172 16 10 elsewhere
hsa-miR-1244 -2.6 139 147 13 5 elsewhere
hsa-miR-1248 -8.35 85 107 23 3 elsewhere
hsa-miR-1249-5p -8.11 47 59 17 6 leader
hsa-miR-1249-3p -4.36 26 44 20 3 leader
hsa-miR-1250-5p -12.71 47 60 16 2 leader
hsa-miR-1250-3p -7.03 187 194 9 2 elsewhere
hsa-miR-1251-5p -3.04 99 105 8 2 elsewhere
hsa-miR-1251-3p -5.86 62 74 14 2 leader
hsa-miR-1253 -4.71 151 185 20 2 elsewhere
hsa-miR-1256 -6.96 82 101 18 2 elsewhere
hsa-miR-1257 -7.59 120 129 20 11 elsewhere
hsa-miR-1258 -3.93 74 80 18 12 leader
hsa-miR-548g-5p -3.18 105 113 22 14 elsewhere
hsa-miR-1261 -7.13 58 65 16 9 leader
hsa-miR-1262 -1.7 111 117 7 1 elsewhere
hsa-miR-1263 -12.2 11 29 20 7 leader
hsa-miR-548n -1.32 137 143 21 15 elsewhere
hsa-miR-548m -7.83 39 47 20 12 leader
hsa-miR-1265 -7.61 46 55 11 2 leader
hsa-miR-1266-5p -3.42 162 188 21 1 elsewhere
hsa-miR-1266-3p -1.57 117 126 12 3 elsewhere
hsa-miR-1267 -5.18 170 179 11 2 elsewhere
hsa-miR-1268a -13.06 53 69 17 4 leader
hsa-miR-1269a -7.67 149 165 21 2 elsewhere
hsa-miR-1270 -4.81 47 57 12 2 leader
hsa-miR-1272 -7.35 146 166 26 2 elsewhere
hsa-miR-548h-5p -6.54 103 113 21 11 elsewhere
hsa-miR-1275 -9.69 152 166 15 1 elsewhere
hsa-miR-1276 -6.2 52 64 18 7 leader
hsa-miR-302e -5.73 117 127 14 4 elsewhere
hsa-miR-302f -7.4 116 124 15 7 elsewhere
hsa-miR-1277-5p -0.73 14 20 10 4 leader
hsa-miR-548i -3.66 136 143 21 14 elsewhere
hsa-miR-1278 -10.81 77 92 19 4 elsewhere
hsa-miR-1279 -6.41 120 136 16 2 elsewhere
hsa-miR-1281 -8.66 27 38 12 1 leader
hsa-miR-1282 -3.76 37 46 15 6 leader
hsa-miR-1284 -10.41 121 138 22 3 elsewhere
hsa-miR-1288-3p -6.2 23 34 14 2 leader
hsa-miR-1292-5p -1.54 31 37 13 7 leader
hsa-miR-1252-5p -2.35 142 149 13 6 elsewhere
hsa-miR-1252-3p -4.28 102 113 20 8 elsewhere
hsa-miR-1255b-5p -5.46 50 56 19 13 leader
hsa-miR-1255b-2-3p -3.71 99 112 15 4 elsewhere
hsa-miR-664a-5p -12.4 47 66 22 3 leader
hsa-miR-1306-3p -9.95 40 46 11 5 leader
hsa-miR-1307-3p -19.56 57 74 18 1 leader
hsa-miR-513b-5p -6.68 190 197 20 13 elsewhere
hsa-miR-513b-3p -7.95 180 197 21 4 elsewhere
hsa-miR-513c-5p -6.73 190 197 20 13 elsewhere
hsa-miR-513c-3p -7.33 180 195 22 7 elsewhere
hsa-miR-1321 -7.09 48 59 16 7 leader
hsa-miR-1322 -8.01 10 25 15 1 leader
hsa-miR-1197 -5.67 163 175 12 1 elsewhere
hsa-miR-1324 -5.59 13 20 21 14 leader
hsa-miR-1471 -12.88 56 71 21 3 leader
hsa-miR-1537-5p -3.38 105 112 21 14 elsewhere
hsa-miR-1537-3p -1.81 166 172 17 11 elsewhere
hsa-miR-1538 -4.76 149 164 18 2 elsewhere
hsa-miR-1539 -0.43 132 138 10 4 elsewhere
hsa-miR-103b -5.63 84 90 15 9 elsewhere
hsa-miR-320d -4.79 171 182 16 3 elsewhere
hsa-miR-1825 -6.84 27 33 17 11 leader
hsa-miR-1827 -8.74 109 115 9 3 elsewhere
hsa-miR-1908-3p -7.55 68 81 17 2 leader
hsa-miR-1911-5p -0.09 128 134 23 17 elsewhere
hsa-miR-1911-3p -7.44 60 68 19 11 leader
hsa-miR-1912-5p -8.61 154 171 21 4 elsewhere
hsa-miR-1913 -5.78 149 156 19 12 elsewhere
hsa-miR-1914-3p -4.49 11 22 18 7 leader
hsa-miR-1972 -7.0 41 65 21 4 leader
hsa-miR-1973 -7.49 109 121 16 2 elsewhere
hsa-miR-1976 -9.6 21 38 20 3 leader
hsa-miR-2053 -1.95 140 146 9 3 elsewhere
hsa-miR-2054 -3.58 139 157 20 3 elsewhere
hsa-miR-2114-5p -4.24 26 35 12 2 leader
hsa-miR-2115-5p -3.46 117 124 10 3 elsewhere
hsa-miR-2115-3p -7.85 177 195 21 3 elsewhere
hsa-miR-2116-5p -7.97 112 128 19 1 elsewhere
hsa-miR-2117 -2.97 101 110 11 2 elsewhere
hsa-miR-2277-5p -7.31 151 168 19 2 elsewhere
hsa-miR-2278 -2.61 12 24 21 12 leader
hsa-miR-2681-5p -2.72 128 142 17 1 elsewhere
hsa-miR-2681-3p -3.11 167 183 22 7 elsewhere
hsa-miR-2682-5p -6.69 97 115 22 2 elsewhere
hsa-miR-2682-3p -6.99 28 45 22 2 leader
hsa-miR-2861 -7.68 54 65 16 3 leader
hsa-miR-2909 -8.54 126 133 8 1 elsewhere
hsa-miR-3115 -5.6 162 168 7 1 elsewhere
hsa-miR-3117-5p -4.1 165 184 20 1 elsewhere
hsa-miR-3117-3p -4.62 112 131 18 2 elsewhere
hsa-miR-3118 -7.4 144 161 21 4 elsewhere
hsa-miR-3119 -6.86 39 46 8 1 leader
hsa-miR-3120-5p -4.93 84 96 21 7 elsewhere
hsa-miR-3121-3p -5.79 111 117 15 9 elsewhere
hsa-miR-3123 -4.37 91 98 14 7 elsewhere
hsa-miR-3124-3p -2.54 103 109 8 2 elsewhere
hsa-miR-548s -4.23 189 196 23 16 elsewhere
hsa-miR-3125 -9.59 171 185 18 4 elsewhere
hsa-miR-3126-3p -7.23 90 103 17 4 elsewhere
hsa-miR-3127-5p -9.96 113 130 20 4 elsewhere
hsa-miR-3127-3p -4.84 148 158 22 13 elsewhere
hsa-miR-3128 -3.64 98 104 7 1 elsewhere
hsa-miR-3129-5p -8.56 1 17 18 1 leader
hsa-miR-3129-3p -7.66 149 156 21 14 elsewhere
hsa-miR-3131 -4.91 53 59 16 10 leader
hsa-miR-3132 -3.88 178 185 17 10 elsewhere
hsa-miR-3133 -2.95 184 190 14 8 elsewhere
hsa-miR-378b -3.63 4 15 14 1 leader
hsa-miR-3134 -3.97 13 20 23 16 leader
hsa-miR-3135a -1.5 146 157 14 2 elsewhere
hsa-miR-466 -7.57 14 20 14 8 leader
hsa-miR-3136-5p -4.88 110 117 16 9 elsewhere
hsa-miR-3136-3p -2.04 141 159 22 1 elsewhere
hsa-miR-544b -7.79 13 28 17 2 leader
hsa-miR-3137 -5.67 161 195 23 1 elsewhere
hsa-miR-3138 -3.46 179 185 24 18 elsewhere
hsa-miR-3139 -5.76 178 184 8 2 elsewhere
hsa-miR-3140-5p -2.03 167 173 11 5 elsewhere
hsa-miR-3140-3p -4.16 109 115 22 16 elsewhere
hsa-miR-548t-5p -8.27 39 47 20 12 leader
hsa-miR-548t-3p -7.61 134 147 23 10 elsewhere
hsa-miR-3141 -9.27 50 65 17 3 leader
hsa-miR-3142 -3.71 24 36 13 2 leader
hsa-miR-3143 -7.57 76 92 25 5 elsewhere
hsa-miR-3144-5p -3.64 114 130 22 2 elsewhere
hsa-miR-3144-3p -4.15 101 110 22 13 elsewhere
hsa-miR-3145-3p -2.07 29 40 17 6 leader
hsa-miR-3146 -4.69 145 153 11 3 elsewhere
hsa-miR-3147 -11.05 48 65 23 6 leader
hsa-miR-548v -10.56 134 152 20 2 elsewhere
hsa-miR-3148 -5.5 71 84 22 9 leader
hsa-miR-3150a-3p -4.35 1 7 21 15 elsewhere
hsa-miR-3151-5p -8.35 47 59 13 1 leader
hsa-miR-3152-3p -3.67 161 178 16 3 elsewhere
hsa-miR-3074-5p -3.1 147 154 12 5 elsewhere
hsa-miR-3074-3p -4.7 111 127 19 8 elsewhere
hsa-miR-3154 -4.71 177 185 14 6 elsewhere
hsa-miR-3155a -10.62 64 74 16 5 leader
hsa-miR-3156-5p -6.41 47 57 17 8 leader
hsa-miR-3156-3p -4.56 102 112 21 11 elsewhere
hsa-miR-3157-3p -7.86 11 29 18 4 leader
hsa-miR-3158-5p -2.99 179 185 16 10 elsewhere
hsa-miR-3158-3p -8.01 25 45 16 4 leader
hsa-miR-3159 -4.09 166 175 10 1 elsewhere
hsa-miR-3160-5p -12.16 104 112 22 14 elsewhere
hsa-miR-3160-3p -3.76 146 158 16 3 elsewhere
hsa-miR-3162-5p -12.46 160 187 22 1 elsewhere
hsa-miR-3163 -8.83 109 115 17 11 elsewhere
hsa-miR-3164 -6.42 50 67 19 2 leader
hsa-miR-3166 -3.09 148 169 19 1 elsewhere
hsa-miR-3167 -4.82 10 17 20 13 leader
hsa-miR-3168 -3.46 30 36 7 1 leader
hsa-miR-3169 -5.02 68 80 16 4 leader
hsa-miR-3170 -7.96 123 131 10 2 elsewhere
hsa-miR-3173-5p -8.38 186 197 20 10 elsewhere
hsa-miR-3173-3p -7.57 110 117 18 11 elsewhere
hsa-miR-1193 -9.41 155 163 9 1 elsewhere
hsa-miR-323b-5p -5.21 54 66 17 5 leader
hsa-miR-3174 -6.79 3 16 15 1 leader
hsa-miR-3176 -2.46 182 188 12 6 elsewhere
hsa-miR-3177-5p -6.59 14 24 11 2 leader
hsa-miR-3177-3p -6.77 132 157 21 2 elsewhere
hsa-miR-3179 -6.72 53 59 13 7 leader
hsa-miR-3180-5p -6.79 59 74 25 10 leader
hsa-miR-548w -5.78 102 113 23 11 elsewhere
hsa-miR-3182 -6.52 109 124 16 2 elsewhere
hsa-miR-3183 -4.71 79 110 21 1 elsewhere
hsa-miR-3184-5p -3.44 105 111 24 18 elsewhere
hsa-miR-3184-3p -6.83 104 110 15 9 elsewhere
hsa-miR-3185 -3.83 104 115 21 7 elsewhere
hsa-miR-3065-5p -7.74 4 16 23 11 leader
hsa-miR-3186-5p -9.61 62 77 21 5 leader
hsa-miR-3186-3p -8.81 59 70 21 4 leader
hsa-miR-3187-5p -7.51 62 74 18 6 leader
hsa-miR-3187-3p -8.84 154 167 18 6 elsewhere
hsa-miR-3188 -7.98 58 74 21 5 leader
hsa-miR-3189-5p -1.06 110 122 23 8 elsewhere
hsa-miR-3189-3p -3.39 157 173 21 6 elsewhere
hsa-miR-320e -4.91 171 182 15 2 elsewhere
hsa-miR-3191-5p -9.13 90 107 16 1 elsewhere
hsa-miR-3192-5p -9.98 176 187 13 2 elsewhere
hsa-miR-3192-3p -1.39 23 29 7 1 leader
hsa-miR-3193 -6.57 179 187 22 14 elsewhere
hsa-miR-3194-3p -3.79 63 74 19 2 leader
hsa-miR-3196 -3.0 109 115 9 3 elsewhere
hsa-miR-548x-5p -3.18 105 113 22 14 elsewhere
hsa-miR-3198 -6.92 50 67 18 1 leader
hsa-miR-3199 -1.6 181 188 17 10 elsewhere
hsa-miR-3200-5p -7.24 163 187 21 4 elsewhere
hsa-miR-3200-3p -8.78 150 157 14 7 elsewhere
hsa-miR-514b-5p -5.07 167 192 22 1 elsewhere
hsa-miR-514b-3p -5.24 64 73 20 9 leader
hsa-miR-4295 -7.69 102 113 18 5 elsewhere
hsa-miR-4297 -8.75 21 32 15 3 leader
hsa-miR-4301 -4.78 150 156 10 4 elsewhere
hsa-miR-4299 -5.27 179 186 18 11 elsewhere
hsa-miR-4298 -6.03 179 185 20 14 elsewhere
hsa-miR-4300 -5.83 177 184 9 2 elsewhere
hsa-miR-4302 -11.03 62 71 11 1 leader
hsa-miR-4303 -2.17 181 187 14 8 elsewhere
hsa-miR-4306 -8.85 109 115 16 10 elsewhere
hsa-miR-4307 -6.23 185 197 14 3 elsewhere
hsa-miR-4308 -6.12 20 30 11 1 leader
hsa-miR-4310 -0.69 116 127 13 4 elsewhere
hsa-miR-4311 -3.63 48 54 18 12 leader
hsa-miR-4312 -8.45 59 65 7 1 leader
hsa-miR-4313 -7.88 99 111 11 1 elsewhere
hsa-miR-4315 -3.24 99 110 13 3 elsewhere
hsa-miR-4316 -7.68 46 59 16 1 leader
hsa-miR-4314 -4.81 47 62 14 1 leader
hsa-miR-4318 -5.45 86 92 7 1 elsewhere
hsa-miR-4319 -7.16 14 30 17 1 leader
hsa-miR-4320 -5.12 103 113 18 9 elsewhere
hsa-miR-4317 -6.23 178 194 16 2 elsewhere
hsa-miR-4322 -12.15 64 90 19 1 leader
hsa-miR-4321 -1.78 54 60 11 5 leader
hsa-miR-4324 -6.38 177 188 13 2 elsewhere
hsa-miR-4256 -5.62 22 33 13 2 leader
hsa-miR-4257 -7.58 160 166 13 7 elsewhere
hsa-miR-4258 -12.06 58 71 17 3 leader
hsa-miR-4259 -2.42 31 38 11 4 leader
hsa-miR-4260 -2.08 126 132 8 2 elsewhere
hsa-miR-4253 -4.28 179 194 18 5 elsewhere
hsa-miR-4251 -4.44 179 188 14 1 elsewhere
hsa-miR-4254 -2.2 177 188 11 2 elsewhere
hsa-miR-4325 -4.32 77 87 11 2 elsewhere
hsa-miR-4327 -11.5 152 170 18 4 elsewhere
hsa-miR-4265 -7.72 106 118 16 2 elsewhere
hsa-miR-4266 -9.71 58 65 14 7 leader
hsa-miR-4267 -7.59 55 62 13 6 leader
hsa-miR-2355-3p -6.37 3 23 22 3 leader
hsa-miR-4268 -11.5 21 45 20 1 leader
hsa-miR-4269 -6.31 99 115 21 3 elsewhere
hsa-miR-4263 -9.49 58 74 16 1 leader
hsa-miR-4264 -0.9 166 172 11 5 elsewhere
hsa-miR-4270 -11.72 156 174 20 5 elsewhere
hsa-miR-4271 -4.57 53 59 19 13 leader
hsa-miR-4272 -3.46 75 92 18 1 leader
hsa-miR-4273 -1.92 22 34 13 3 leader
hsa-miR-4276 -2.91 164 170 16 10 elsewhere
hsa-miR-4275 -0.84 26 32 17 11 leader
hsa-miR-4277 -8.59 90 113 21 1 elsewhere
hsa-miR-4279 -9.93 27 33 10 4 leader
hsa-miR-4280 -4.25 106 113 12 5 elsewhere
hsa-miR-4282 -5.23 128 140 17 6 elsewhere
hsa-miR-4285 -6.89 27 37 15 5 leader
hsa-miR-4283 -9.66 31 49 17 1 leader
hsa-miR-4286 -3.41 98 105 15 8 elsewhere
hsa-miR-4287 -7.01 13 32 17 1 leader
hsa-miR-4288 -5.14 147 157 12 3 elsewhere
hsa-miR-4292 -10.42 58 71 18 4 leader
hsa-miR-4289 -6.97 77 92 18 2 elsewhere
hsa-miR-4290 -8.23 26 33 18 11 leader
hsa-miR-4329 -6.6 177 188 12 1 elsewhere
hsa-miR-500b-3p -3.03 2 19 17 1 leader
hsa-miR-4328 -12.03 96 112 17 2 elsewhere
hsa-miR-3605-5p -10.04 155 164 15 4 elsewhere
hsa-miR-3605-3p -10.96 61 73 14 2 leader
hsa-miR-3606-5p -4.0 169 182 21 8 elsewhere
hsa-miR-3606-3p -6.09 150 156 18 12 elsewhere
hsa-miR-3609 -6.17 11 26 21 6 leader
hsa-miR-3610 -5.12 179 185 16 10 elsewhere
hsa-miR-3611 -2.51 52 58 9 3 leader
hsa-miR-3612 -5.12 179 185 7 1 elsewhere
hsa-miR-3613-5p -9.29 194 206 21 9 elsewhere
hsa-miR-3614-5p -5.28 62 85 22 2 leader
hsa-miR-3614-3p -5.2 56 63 19 12 leader
hsa-miR-3615 -7.32 107 128 21 7 elsewhere
hsa-miR-3616-5p -9.11 81 88 13 6 elsewhere
hsa-miR-3617-5p -4.96 162 172 22 9 elsewhere
hsa-miR-3617-3p -7.85 26 34 23 15 leader
hsa-miR-3618 -2.46 130 136 11 5 elsewhere
hsa-miR-3619-3p -3.29 86 92 21 15 elsewhere
hsa-miR-23c -3.46 2 18 18 3 leader
hsa-miR-3622a-5p -4.71 178 184 14 8 elsewhere
hsa-miR-3622b-5p -7.94 156 168 18 3 elsewhere
hsa-miR-3650 -7.6 31 54 19 1 leader
hsa-miR-3651 -2.89 10 29 18 6 leader
hsa-miR-3652 -13.44 48 60 14 1 leader
hsa-miR-3654 -3.35 181 187 18 12 elsewhere
hsa-miR-3655 -4.07 18 24 20 14 leader
hsa-miR-3657 -3.34 55 67 19 2 leader
hsa-miR-3658 -4.62 3 17 22 10 leader
hsa-miR-3659 -3.78 90 101 14 3 elsewhere
hsa-miR-3661 -5.43 177 188 22 4 elsewhere
hsa-miR-3662 -4.5 50 56 7 1 leader
hsa-miR-3663-5p -18.52 58 75 21 3 leader
hsa-miR-3664-5p -3.0 68 74 8 2 leader
hsa-miR-3665 -7.96 109 115 17 11 elsewhere
hsa-miR-3667-5p -3.45 4 11 16 9 elsewhere
hsa-miR-3667-3p -5.93 27 33 11 5 leader
hsa-miR-3668 -8.08 1 9 13 5 elsewhere
hsa-miR-3670 -8.82 25 45 24 2 leader
hsa-miR-3672 -0.89 115 121 14 8 elsewhere
hsa-miR-3674 -7.16 179 188 21 10 elsewhere
hsa-miR-3675-5p -8.48 117 131 15 3 elsewhere
hsa-miR-3675-3p -3.1 178 187 15 6 elsewhere
hsa-miR-3677-3p -4.87 112 129 21 6 elsewhere
hsa-miR-3678-5p -9.26 65 77 20 3 leader
hsa-miR-3678-3p -4.23 80 100 21 3 elsewhere
hsa-miR-3679-5p -6.02 47 57 11 1 leader
hsa-miR-3680-5p -11.89 73 93 21 4 leader
hsa-miR-3680-3p -7.27 179 200 20 1 elsewhere
hsa-miR-3681-5p -5.68 73 95 22 3 leader
hsa-miR-3681-3p -5.2 150 169 22 2 elsewhere
hsa-miR-3682-5p -5.4 14 33 22 5 leader
hsa-miR-3682-3p -7.53 51 59 19 11 leader
hsa-miR-3683 -5.71 154 168 20 5 elsewhere
hsa-miR-3684 -4.86 90 104 15 6 elsewhere
hsa-miR-3685 -3.69 185 191 7 1 elsewhere
hsa-miR-3688-5p -10.68 27 47 17 2 leader
hsa-miR-3688-3p -3.53 68 80 16 5 leader
hsa-miR-3689a-5p -7.93 182 195 22 8 elsewhere
hsa-miR-3689a-3p -9.44 43 56 22 4 leader
hsa-miR-3691-5p -6.38 78 96 21 3 elsewhere
hsa-miR-3691-3p -10.52 60 72 20 7 leader
hsa-miR-3692-5p -1.97 134 154 22 2 elsewhere
hsa-miR-3692-3p -11.55 11 22 12 1 leader
hsa-miR-3713 -8.25 156 165 20 11 elsewhere
hsa-miR-3714 -10.8 103 115 18 3 elsewhere
hsa-miR-3907 -11.77 62 76 18 3 leader
hsa-miR-3689b-5p -7.93 182 195 22 8 elsewhere
hsa-miR-3689b-3p -10.54 43 56 22 4 leader
hsa-miR-3908 -7.21 104 119 22 6 elsewhere
hsa-miR-3909 -6.0 28 34 8 2 leader
hsa-miR-3911 -8.54 53 70 20 1 leader
hsa-miR-3912-5p -4.17 109 122 21 4 elsewhere
hsa-miR-3913-5p -5.15 21 39 20 1 leader
hsa-miR-3913-3p -2.07 168 174 14 8 elsewhere
hsa-miR-3914 -5.1 179 186 22 15 elsewhere
hsa-miR-3915 -4.55 60 66 19 13 leader
hsa-miR-3916 -9.02 40 56 23 6 leader
hsa-miR-3150b-3p -4.94 1 7 20 14 elsewhere
hsa-miR-3920 -6.22 8 15 8 1 leader
hsa-miR-3921 -5.69 14 30 16 1 leader
hsa-miR-3922-3p -9.7 59 66 10 3 leader
hsa-miR-3923 -4.86 127 155 22 2 elsewhere
hsa-miR-3924 -5.66 149 168 20 1 elsewhere
hsa-miR-3925-5p -5.61 50 57 16 9 leader
hsa-miR-3925-3p -7.49 103 112 20 11 elsewhere
hsa-miR-3927-5p -4.67 165 171 11 5 elsewhere
hsa-miR-3927-3p -4.95 111 117 21 15 elsewhere
hsa-miR-676-3p -10.08 172 191 19 2 elsewhere
hsa-miR-3928-5p -1.83 65 74 22 13 leader
hsa-miR-3928-3p -8.1 58 71 21 8 leader
hsa-miR-3929 -4.93 177 183 7 1 elsewhere
hsa-miR-3934-5p -3.96 47 54 10 3 leader
hsa-miR-3934-3p -7.11 15 22 15 8 leader
hsa-miR-3936 -3.09 179 186 8 1 elsewhere
hsa-miR-3937 -8.26 160 166 23 17 elsewhere
hsa-miR-548y -6.32 87 93 15 9 elsewhere
hsa-miR-3939 -7.44 3 20 19 1 leader
hsa-miR-3940-5p -7.46 126 135 12 3 elsewhere
hsa-miR-3941 -11.32 3 21 18 1 leader
hsa-miR-3942-5p -2.72 145 158 22 2 elsewhere
hsa-miR-3942-3p -5.94 151 158 19 12 elsewhere
hsa-miR-3943 -4.24 98 111 23 10 elsewhere
hsa-miR-3944-3p -3.75 69 75 22 16 leader
hsa-miR-3945 -8.46 1 19 19 4 leader
hsa-miR-374c-5p -4.35 147 154 18 11 elsewhere
hsa-miR-374c-3p -7.04 72 92 18 1 leader
hsa-miR-642b-5p -4.19 48 65 19 1 leader
hsa-miR-642b-3p -9.11 127 137 18 3 elsewhere
hsa-miR-550b-2-5p -6.1 179 188 16 6 elsewhere
hsa-miR-550b-3p -6.09 152 158 20 14 elsewhere
hsa-miR-548aa -7.61 134 147 23 10 elsewhere
hsa-miR-548o-5p -6.28 103 113 21 11 elsewhere
hsa-miR-1268b -16.82 50 69 20 4 leader
hsa-miR-548ab -3.66 136 143 21 14 elsewhere
hsa-miR-4420 -8.21 11 27 21 5 leader
hsa-miR-4421 -6.1 177 185 22 14 elsewhere
hsa-miR-4422 -3.43 179 185 16 10 elsewhere
hsa-miR-4423-5p -4.85 194 201 15 8 elsewhere
hsa-miR-4423-3p -4.36 98 117 17 1 elsewhere
hsa-miR-4426 -6.46 71 77 16 10 leader
hsa-miR-4427 -2.11 169 175 13 7 elsewhere
hsa-miR-4429 -8.0 179 187 19 11 elsewhere
hsa-miR-548ad-5p -8.32 39 47 19 11 leader
hsa-miR-548ad-3p -2.44 135 141 22 16 elsewhere
hsa-miR-4431 -2.27 146 157 19 1 elsewhere
hsa-miR-4432 -8.43 61 74 20 5 leader
hsa-miR-4433a-3p -16.04 154 166 19 7 elsewhere
hsa-miR-4434 -5.39 179 185 9 3 elsewhere
hsa-miR-4437 -2.51 2 20 21 1 leader
hsa-miR-548ae-5p -8.32 39 47 19 11 leader
hsa-miR-4439 -3.78 4 15 19 4 leader
hsa-miR-4440 -6.82 150 167 20 4 elsewhere
hsa-miR-4441 -5.92 1 8 15 8 elsewhere
hsa-miR-4443 -6.33 162 168 13 7 elsewhere
hsa-miR-4444 -4.7 179 185 17 11 elsewhere
hsa-miR-4445-5p -4.8 84 98 22 3 elsewhere
hsa-miR-4446-5p -4.68 102 108 8 2 elsewhere
hsa-miR-4446-3p -12.13 162 182 21 3 elsewhere
hsa-miR-4447 -8.24 174 184 14 4 elsewhere
hsa-miR-548ag -8.07 60 68 18 10 leader
hsa-miR-4450 -8.6 159 165 7 1 elsewhere
hsa-miR-548ah-5p -1.58 166 172 13 7 elsewhere
hsa-miR-4451 -6.63 146 159 14 1 elsewhere
hsa-miR-4452 -10.67 55 78 22 1 leader
hsa-miR-4453 -4.76 67 84 17 3 leader
hsa-miR-4454 -1.87 154 173 18 7 elsewhere
hsa-miR-4455 -6.19 39 54 17 2 leader
hsa-miR-4456 -12.71 41 49 11 3 leader
hsa-miR-4457 -5.16 97 115 21 6 elsewhere
hsa-miR-4458 -9.83 47 59 14 4 leader
hsa-miR-4460 -2.24 74 81 12 5 leader
hsa-miR-378h -9.4 50 66 20 3 leader
hsa-miR-4462 -10.04 41 48 18 11 leader
hsa-miR-4463 -10.21 154 163 16 7 elsewhere
hsa-miR-548ai -11.53 103 113 21 11 elsewhere
hsa-miR-548aj-5p -3.18 105 113 22 14 elsewhere
hsa-miR-4467 -7.71 112 131 20 1 elsewhere
hsa-miR-4469 -5.3 79 110 21 1 elsewhere
hsa-miR-4471 -2.16 2 9 19 12 elsewhere
hsa-miR-4472 -8.96 48 59 11 1 leader
hsa-miR-4473 -9.46 104 110 12 6 elsewhere
hsa-miR-4474-3p -5.39 62 68 8 2 leader
hsa-miR-4476 -3.92 2 8 11 5 elsewhere
hsa-miR-4477a -3.81 4 11 10 3 elsewhere
hsa-miR-4477b -4.83 7 19 21 8 leader
hsa-miR-4478 -5.22 177 183 7 1 elsewhere
hsa-miR-3689c -10.54 43 56 22 4 leader
hsa-miR-3689d -1.75 80 86 22 16 elsewhere
hsa-miR-3689e -7.93 182 195 22 8 elsewhere
hsa-miR-3689f -10.83 64 78 20 8 leader
hsa-miR-4479 -6.91 69 85 17 1 leader
hsa-miR-3155b -10.71 64 74 16 5 leader
hsa-miR-548ak -4.94 105 113 19 11 elsewhere
hsa-miR-4480 -4.65 51 64 14 2 leader
hsa-miR-4481 -9.67 42 49 17 10 leader
hsa-miR-4482-5p -8.55 50 71 22 4 leader
hsa-miR-4482-3p -9.39 124 136 22 10 elsewhere
hsa-miR-4483 -9.4 149 163 14 1 elsewhere
hsa-miR-4484 -2.4 179 185 16 10 elsewhere
hsa-miR-4486 -0.58 177 183 14 8 elsewhere
hsa-miR-4487 -1.83 146 152 14 8 elsewhere
hsa-miR-4488 -2.19 179 185 7 1 elsewhere
hsa-miR-4489 -8.42 125 131 7 1 elsewhere
hsa-miR-4490 -6.49 2 14 14 2 leader
hsa-miR-4491 -6.13 43 53 13 1 leader
hsa-miR-4492 -2.55 177 183 7 1 elsewhere
hsa-miR-4493 -7.41 118 128 15 5 elsewhere
hsa-miR-4494 -2.76 62 68 13 7 leader
hsa-miR-4495 -6.53 38 45 18 11 leader
hsa-miR-4496 -6.95 180 187 21 14 elsewhere
hsa-miR-4498 -3.66 152 163 22 11 elsewhere
hsa-miR-4499 -6.84 180 187 12 5 elsewhere
hsa-miR-4500 -7.71 102 115 16 3 elsewhere
hsa-miR-4502 -8.24 152 166 19 5 elsewhere
hsa-miR-4503 -4.8 144 158 20 5 elsewhere
hsa-miR-4504 -4.75 3 9 15 9 elsewhere
hsa-miR-4505 -3.94 146 158 14 2 elsewhere
hsa-miR-4506 -9.47 58 70 17 4 leader
hsa-miR-2392 -10.21 48 59 20 10 leader
hsa-miR-4509 -3.81 2 8 20 14 elsewhere
hsa-miR-4510 -5.44 46 59 21 5 leader
hsa-miR-4511 -8.19 80 91 18 6 elsewhere
hsa-miR-4512 -8.86 85 93 16 8 elsewhere
hsa-miR-4514 -10.66 4 19 17 1 leader
hsa-miR-4516 -3.36 162 174 16 7 elsewhere
hsa-miR-4518 -1.74 85 91 21 15 elsewhere
hsa-miR-4520-5p -9.85 60 71 13 2 leader
hsa-miR-4521 -2.2 30 44 14 1 leader
hsa-miR-1269b -7.02 149 165 21 2 elsewhere
hsa-miR-4522 -9.39 62 74 18 3 leader
hsa-miR-4523 -9.76 58 71 17 3 leader
hsa-miR-4524a-3p -3.21 149 158 21 8 elsewhere
hsa-miR-4525 -15.91 148 164 19 3 elsewhere
hsa-miR-4528 -2.09 164 171 10 3 elsewhere
hsa-miR-4529-3p -5.89 148 157 13 4 elsewhere
hsa-miR-4531 -0.48 184 190 17 11 elsewhere
hsa-miR-4533 -4.29 1 8 13 6 elsewhere
hsa-miR-4534 -2.9 179 185 15 9 elsewhere
hsa-miR-378i -1.58 181 187 13 7 elsewhere
hsa-miR-4535 -1.4 146 160 16 1 elsewhere
hsa-miR-548am-5p -6.28 103 113 21 11 elsewhere
hsa-miR-4536-5p -2.19 10 20 21 12 leader
hsa-miR-4536-3p -3.84 14 20 10 4 leader
hsa-miR-548an -7.15 122 137 19 4 elsewhere
hsa-miR-4540 -4.12 112 127 18 4 elsewhere
hsa-miR-3973 -4.77 124 138 21 7 elsewhere
hsa-miR-3974 -6.03 141 158 21 4 elsewhere
hsa-miR-3975 -7.85 150 164 18 4 elsewhere
hsa-miR-3976 -6.57 141 161 22 5 elsewhere
hsa-miR-3977 -6.1 66 76 12 1 leader
hsa-miR-3978 -2.75 52 58 7 1 leader
hsa-miR-4632-5p -10.92 155 174 21 1 elsewhere
hsa-miR-4632-3p -2.49 150 156 18 12 elsewhere
hsa-miR-4633-3p -7.23 164 184 20 1 elsewhere
hsa-miR-4635 -4.22 166 176 13 3 elsewhere
hsa-miR-4636 -5.79 60 78 19 4 leader
hsa-miR-4637 -4.4 33 39 20 14 leader
hsa-miR-4638-5p -9.67 54 65 16 5 leader
hsa-miR-4639-5p -7.82 142 158 22 7 elsewhere
hsa-miR-4639-3p -7.95 68 85 20 2 leader
hsa-miR-4640-5p -0.87 179 188 13 5 elsewhere
hsa-miR-4640-3p -6.01 99 107 18 10 elsewhere
hsa-miR-4642 -8.72 42 66 22 2 leader
hsa-miR-4645-3p -12.38 99 113 21 6 elsewhere
hsa-miR-4646-5p -5.83 177 185 17 9 elsewhere
hsa-miR-4646-3p -10.75 102 113 15 4 elsewhere
hsa-miR-4647 -10.43 147 161 20 4 elsewhere
hsa-miR-4649-5p -4.83 123 137 19 4 elsewhere
hsa-miR-4649-3p -9.3 103 115 19 5 elsewhere
hsa-miR-4650-5p -9.28 37 45 13 4 leader
hsa-miR-4651 -7.5 47 59 19 8 leader
hsa-miR-4652-5p -7.59 4 19 18 2 leader
hsa-miR-4652-3p -2.75 173 179 10 4 elsewhere
hsa-miR-4653-5p -2.21 14 30 21 1 leader
hsa-miR-4653-3p -6.23 160 183 23 2 elsewhere
hsa-miR-4654 -2.25 152 175 21 3 elsewhere
hsa-miR-4655-5p -14.42 155 164 14 5 elsewhere
hsa-miR-4655-3p -8.74 28 38 17 8 leader
hsa-miR-4656 -0.86 146 152 10 4 elsewhere
hsa-miR-4657 -6.54 61 67 16 10 leader
hsa-miR-4658 -8.66 47 56 10 1 leader
hsa-miR-4659a-5p -6.96 180 187 17 10 elsewhere
hsa-miR-4659a-3p -7.1 97 109 15 2 elsewhere
hsa-miR-4660 -8.95 106 113 9 2 elsewhere
hsa-miR-4661-5p -8.93 61 74 19 6 leader
hsa-miR-4662a-5p -1.97 100 112 22 2 elsewhere
hsa-miR-4659b-5p -7.3 180 198 17 1 elsewhere
hsa-miR-4659b-3p -12.7 108 125 22 3 elsewhere
hsa-miR-4664-5p -5.41 68 74 17 11 leader
hsa-miR-4665-5p -2.03 181 187 7 1 elsewhere
hsa-miR-4666a-5p -6.4 70 87 21 2 leader
hsa-miR-4666a-3p -0.38 71 77 21 15 leader
hsa-miR-4667-5p -8.03 179 187 10 2 elsewhere
hsa-miR-4667-3p -7.76 14 32 19 3 leader
hsa-miR-4668-5p -3.8 2 8 19 13 elsewhere
hsa-miR-4668-3p -6.08 187 201 21 9 elsewhere
hsa-miR-219b-3p -4.41 160 174 15 1 elsewhere
hsa-miR-4669 -3.77 44 64 22 2 leader
hsa-miR-4670-3p -6.6 153 175 21 1 elsewhere
hsa-miR-4671-5p -12.65 77 91 21 8 elsewhere
hsa-miR-4671-3p -5.6 77 88 20 4 elsewhere
hsa-miR-4672 -8.4 4 21 19 1 leader
hsa-miR-4675 -2.73 7 13 14 8 elsewhere
hsa-miR-4676-5p -9.15 48 64 20 3 leader
hsa-miR-4676-3p -9.89 39 46 22 15 leader
hsa-miR-4677-5p -6.9 28 44 17 3 leader
hsa-miR-4678 -10.38 91 101 13 3 elsewhere
hsa-miR-4679 -4.23 2 13 15 5 elsewhere
hsa-miR-4680-3p -5.09 174 189 21 7 elsewhere
hsa-miR-4681 -4.96 37 56 21 4 leader
hsa-miR-4682 -2.2 23 37 21 3 leader
hsa-miR-4683 -1.66 3 9 7 1 elsewhere
hsa-miR-4684-5p -7.48 14 31 21 1 leader
hsa-miR-4684-3p -8.02 49 67 22 2 leader
hsa-miR-4685-5p -7.79 111 130 21 4 elsewhere
hsa-miR-4685-3p -7.8 99 107 19 10 elsewhere
hsa-miR-4686 -5.62 116 129 22 9 elsewhere
hsa-miR-4687-5p -9.79 27 33 13 7 leader
hsa-miR-4687-3p -0.14 5 11 12 6 elsewhere
hsa-miR-1343-5p -2.01 162 186 22 1 elsewhere
hsa-miR-1343-3p -6.68 179 190 14 1 elsewhere
hsa-miR-4688 -8.68 100 115 21 4 elsewhere
hsa-miR-4689 -7.08 160 166 20 14 elsewhere
hsa-miR-4690-5p -4.29 177 183 15 9 elsewhere
hsa-miR-4691-5p -7.9 28 34 7 1 leader
hsa-miR-4691-3p -9.46 50 64 20 4 leader
hsa-miR-4692 -7.71 109 115 9 3 elsewhere
hsa-miR-4693-5p -7.6 83 94 22 12 elsewhere
hsa-miR-4693-3p -3.87 50 57 8 1 leader
hsa-miR-4694-5p -3.15 18 25 9 2 leader
hsa-miR-4695-5p -7.63 98 115 20 5 elsewhere
hsa-miR-4695-3p -6.56 26 32 21 15 leader
hsa-miR-4697-5p -2.44 164 185 17 1 elsewhere
hsa-miR-4697-3p -9.99 57 79 24 2 leader
hsa-miR-4698 -2.27 49 55 9 3 leader
hsa-miR-4699-5p -5.9 1 8 9 2 elsewhere
hsa-miR-4699-3p -8.19 68 75 12 5 leader
hsa-miR-4700-5p -11.55 154 165 15 3 elsewhere
hsa-miR-4701-3p -15.64 45 59 19 4 leader
hsa-miR-4703-3p -3.94 94 100 14 8 elsewhere
hsa-miR-4704-3p -4.63 21 38 19 1 leader
hsa-miR-4705 -7.03 149 172 21 3 elsewhere
hsa-miR-4706 -10.89 150 164 24 4 elsewhere
hsa-miR-4707-5p -6.97 123 129 21 15 elsewhere
hsa-miR-4708-3p -16.78 101 115 20 5 elsewhere
hsa-miR-4709-5p -9.67 104 110 20 14 elsewhere
hsa-miR-4709-3p -5.88 68 80 20 9 leader
hsa-miR-203b-3p -7.77 163 183 22 3 elsewhere
hsa-miR-4710 -13.12 42 59 18 2 leader
hsa-miR-4711-3p -3.49 78 96 18 3 elsewhere
hsa-miR-4712-5p -6.41 27 37 17 8 leader
hsa-miR-4712-3p -5.66 85 92 21 14 elsewhere
hsa-miR-4713-5p -7.12 103 109 7 1 elsewhere
hsa-miR-4713-3p -0.4 52 58 20 14 leader
hsa-miR-4714-3p -4.32 109 115 14 8 elsewhere
hsa-miR-4715-5p -4.43 5 22 19 3 leader
hsa-miR-4716-5p -6.99 27 33 15 9 leader
hsa-miR-3529-5p -6.44 140 158 19 2 elsewhere
hsa-miR-3529-3p -9.01 28 38 23 11 leader
hsa-miR-4717-5p -3.71 115 121 21 15 elsewhere
hsa-miR-4717-3p -10.21 162 169 9 2 elsewhere
hsa-miR-4718 -5.56 82 91 10 2 elsewhere
hsa-miR-4720-5p -7.04 97 104 8 1 elsewhere
hsa-miR-4720-3p -4.72 73 79 14 8 leader
hsa-miR-4721 -9.45 124 130 9 3 elsewhere
hsa-miR-4722-5p -6.18 76 101 23 1 elsewhere
hsa-miR-4722-3p -8.48 101 112 19 7 elsewhere
hsa-miR-4723-5p -3.32 170 185 17 3 elsewhere
hsa-miR-4723-3p -10.53 27 38 18 6 leader
hsa-miR-4726-5p -2.47 179 185 14 8 elsewhere
hsa-miR-4726-3p -5.8 99 111 18 6 elsewhere
hsa-miR-4727-3p -6.96 177 186 14 5 elsewhere
hsa-miR-4728-5p -9.87 109 115 18 12 elsewhere
hsa-miR-4728-3p -9.15 22 32 19 9 leader
hsa-miR-4729 -12.45 177 195 22 1 elsewhere
hsa-miR-4731-5p -7.51 48 71 22 3 leader
hsa-miR-4732-5p -5.61 178 184 23 17 elsewhere
hsa-miR-4733-5p -2.95 147 153 15 9 elsewhere
hsa-miR-4733-3p -6.16 95 104 18 9 elsewhere
hsa-miR-4735-5p -5.01 57 63 21 15 leader
hsa-miR-4737 -3.86 11 19 15 7 leader
hsa-miR-3064-5p -11.05 43 66 19 3 leader
hsa-miR-3064-3p -6.23 12 18 11 5 leader
hsa-miR-4738-5p -5.2 118 137 22 5 elsewhere
hsa-miR-4738-3p -1.53 146 152 11 5 elsewhere
hsa-miR-4739 -4.27 179 185 14 8 elsewhere
hsa-miR-4740-5p -2.76 27 33 15 9 leader
hsa-miR-4742-3p -6.66 179 197 21 3 elsewhere
hsa-miR-4743-5p -3.51 179 185 21 15 elsewhere
hsa-miR-4743-3p -8.86 23 40 17 1 leader
hsa-miR-4744 -5.43 68 74 19 13 leader
hsa-miR-122b-5p -3.06 96 102 20 14 elsewhere
hsa-miR-4745-5p -11.74 112 131 22 5 elsewhere
hsa-miR-4746-3p -13.7 62 76 19 5 leader
hsa-miR-4747-5p -5.28 60 69 20 11 leader
hsa-miR-4747-3p -10.67 27 45 20 9 leader
hsa-miR-4748 -3.5 2 8 17 11 elsewhere
hsa-miR-4750-5p -7.02 42 62 17 1 leader
hsa-miR-4751 -9.34 146 164 22 2 elsewhere
hsa-miR-4753-3p -11.13 94 109 20 5 elsewhere
hsa-miR-371b-5p -6.35 150 161 20 9 elsewhere
hsa-miR-371b-3p -2.03 31 39 23 15 leader
hsa-miR-4755-5p -5.46 60 69 22 13 leader
hsa-miR-499b-5p -2.86 20 29 19 10 leader
hsa-miR-499b-3p -7.37 27 37 21 11 leader
hsa-miR-4756-3p -9.21 101 114 21 9 elsewhere
hsa-miR-4757-5p -7.91 56 76 22 2 leader
hsa-miR-4757-3p -5.56 59 65 21 15 leader
hsa-miR-4758-5p -5.02 125 137 22 11 elsewhere
hsa-miR-4758-3p -4.85 148 154 15 9 elsewhere
hsa-miR-4759 -5.44 143 159 21 1 elsewhere
hsa-miR-4760-5p -4.09 177 183 21 15 elsewhere
hsa-miR-4760-3p -0.67 116 122 10 4 elsewhere
hsa-miR-4761-5p -4.95 11 25 19 5 leader
hsa-miR-4761-3p -7.47 13 20 15 8 leader
hsa-miR-4762-5p -5.65 77 83 13 7 elsewhere
hsa-miR-4762-3p -7.75 45 51 22 16 leader
hsa-miR-4763-3p -9.27 152 164 18 6 elsewhere
hsa-miR-4764-5p -6.59 47 54 9 2 leader
hsa-miR-4764-3p -5.65 27 38 12 1 leader
hsa-miR-4765 -3.14 7 15 11 3 leader
hsa-miR-4766-5p -2.47 20 26 21 15 leader
hsa-miR-4766-3p -6.16 37 44 17 10 leader
hsa-miR-4767 -2.65 99 105 16 10 elsewhere
hsa-miR-4768-5p -6.54 100 109 11 2 elsewhere
hsa-miR-4769-5p -8.32 47 59 10 1 leader
hsa-miR-4769-3p -11.1 26 42 15 1 leader
hsa-miR-4770 -7.06 82 92 18 9 elsewhere
hsa-miR-4772-3p -3.94 65 74 16 7 leader
hsa-miR-4774-5p -3.54 109 125 17 1 elsewhere
hsa-miR-4775 -6.56 57 64 18 11 leader
hsa-miR-4776-5p -9.44 150 166 22 1 elsewhere
hsa-miR-4776-3p -5.38 88 110 20 4 elsewhere
hsa-miR-4777-5p -2.4 14 20 21 15 leader
hsa-miR-4777-3p -2.63 86 107 22 5 elsewhere
hsa-miR-4778-5p -1.65 64 74 13 2 leader
hsa-miR-4778-3p -7.69 93 108 20 4 elsewhere
hsa-miR-4779 -3.61 180 186 7 1 elsewhere
hsa-miR-4780 -10.95 99 111 22 8 elsewhere
hsa-miR-4436b-3p -3.9 179 185 16 10 elsewhere
hsa-miR-4781-5p -2.04 11 17 21 15 leader
hsa-miR-4781-3p -4.5 169 178 12 3 elsewhere
hsa-miR-4782-3p -6.1 70 81 11 1 leader
hsa-miR-4783-3p -4.43 120 133 21 8 elsewhere
hsa-miR-4784 -7.8 47 56 14 4 leader
hsa-miR-1245b-5p -5.03 167 182 16 2 elsewhere
hsa-miR-2467-5p -7.26 58 74 20 5 leader
hsa-miR-2467-3p -3.93 178 185 18 11 elsewhere
hsa-miR-4786-3p -6.13 100 112 20 7 elsewhere
hsa-miR-4787-5p -7.19 151 164 17 3 elsewhere
hsa-miR-4788 -3.01 179 185 22 16 elsewhere
hsa-miR-4789-5p -3.79 10 20 13 2 leader
hsa-miR-4789-3p -2.33 83 102 20 7 elsewhere
hsa-miR-4790-5p -3.57 116 127 19 4 elsewhere
hsa-miR-4791 -8.21 146 162 18 2 elsewhere
hsa-miR-4793-3p -6.73 62 92 23 5 leader
hsa-miR-4795-5p -3.71 11 25 21 4 leader
hsa-miR-4795-3p -1.72 149 156 9 2 elsewhere
hsa-miR-4796-5p -6.57 68 79 14 2 leader
hsa-miR-4797-5p -5.34 147 161 21 5 elsewhere
hsa-miR-4797-3p -8.24 149 160 20 10 elsewhere
hsa-miR-4798-5p -7.92 64 82 22 2 leader
hsa-miR-4799-3p -5.94 9 19 16 5 leader
hsa-miR-4802-5p -2.13 30 36 12 6 leader
hsa-miR-4802-3p -5.11 160 169 12 1 elsewhere
hsa-miR-4803 -4.98 47 53 16 10 leader
hsa-miR-4804-5p -2.37 6 21 18 1 leader
hsa-miR-4999-5p -4.55 74 91 20 2 leader
hsa-miR-5000-5p -1.94 183 190 21 14 elsewhere
hsa-miR-5000-3p -0.42 184 190 15 9 elsewhere
hsa-miR-5001-3p -9.73 29 46 22 4 leader
hsa-miR-5002-5p -4.44 60 84 21 2 leader
hsa-miR-5003-3p -4.98 177 191 18 4 elsewhere
hsa-miR-5004-3p -6.3 183 198 16 2 elsewhere
hsa-miR-548ao-5p -4.07 119 128 22 13 elsewhere
hsa-miR-548ao-3p -3.48 135 157 22 8 elsewhere
hsa-miR-5006-5p -7.33 53 71 21 1 leader
hsa-miR-5006-3p -9.04 110 124 21 7 elsewhere
hsa-miR-5007-5p -4.05 163 175 19 1 elsewhere
hsa-miR-5007-3p -5.37 148 171 21 1 elsewhere
hsa-miR-548ap-5p -3.15 29 35 19 13 leader
hsa-miR-5008-5p -3.58 126 137 15 5 elsewhere
hsa-miR-5008-3p -16.14 59 77 20 3 leader
hsa-miR-5009-5p -8.11 159 165 24 18 elsewhere
hsa-miR-5009-3p -2.31 51 57 16 10 leader
hsa-miR-5010-5p -19.94 144 164 22 3 elsewhere
hsa-miR-5010-3p -3.31 62 72 12 2 leader
hsa-miR-5011-5p -5.83 81 91 21 11 elsewhere
hsa-miR-5011-3p -6.12 83 100 16 3 elsewhere
hsa-miR-5087 -11.04 97 113 22 7 elsewhere
hsa-miR-5088-5p -9.59 124 130 8 2 elsewhere
hsa-miR-5088-3p -7.33 107 126 20 5 elsewhere
hsa-miR-5089-5p -7.61 154 166 20 1 elsewhere
hsa-miR-5089-3p -3.06 150 156 8 2 elsewhere
hsa-miR-5090 -10.06 113 130 20 3 elsewhere
hsa-miR-5091 -5.68 85 91 21 15 elsewhere
hsa-miR-5092 -6.8 11 18 12 5 leader
hsa-miR-5093 -11.95 42 56 17 2 leader
hsa-miR-5186 -5.15 1 8 8 1 elsewhere
hsa-miR-5187-5p -8.59 145 163 19 2 elsewhere
hsa-miR-5187-3p -5.24 26 33 14 7 leader
hsa-miR-5191 -3.75 180 186 11 5 elsewhere
hsa-miR-5192 -6.86 43 56 22 3 leader
hsa-miR-5193 -7.72 27 33 7 1 leader
hsa-miR-5194 -10.53 163 186 22 1 elsewhere
hsa-miR-5195-5p -2.89 182 188 11 5 elsewhere
hsa-miR-5195-3p -7.42 178 193 21 6 elsewhere
hsa-miR-5196-5p -5.77 1 8 20 13 elsewhere
hsa-miR-5196-3p -7.68 102 108 16 10 elsewhere
hsa-miR-5197-5p -6.21 154 160 9 3 elsewhere
hsa-miR-5197-3p -3.84 167 185 18 1 elsewhere
hsa-miR-4524b-3p -4.11 12 22 17 8 leader
hsa-miR-5571-5p -9.13 179 193 16 3 elsewhere
hsa-miR-5571-3p -11.38 178 189 13 2 elsewhere
hsa-miR-5572 -7.62 126 133 8 1 elsewhere
hsa-miR-548aq-5p -3.45 149 161 14 1 elsewhere
hsa-miR-548ar-5p -7.0 103 113 21 11 elsewhere
hsa-miR-548ar-3p -3.69 188 196 19 11 elsewhere
hsa-miR-548as-5p -7.1 59 70 20 10 leader
hsa-miR-5579-5p -8.53 70 79 11 2 leader
hsa-miR-5579-3p -7.04 179 188 14 5 elsewhere
hsa-miR-664b-5p -8.45 43 66 23 1 leader
hsa-miR-5580-5p -10.83 115 128 19 5 elsewhere
hsa-miR-5581-3p -11.38 178 194 20 4 elsewhere
hsa-miR-548at-5p -5.54 58 65 20 13 leader
hsa-miR-5582-5p -9.2 143 158 18 3 elsewhere
hsa-miR-5582-3p -5.9 24 39 21 7 leader
hsa-miR-5583-5p -2.12 69 77 22 14 leader
hsa-miR-5583-3p -6.18 162 168 9 3 elsewhere
hsa-miR-5584-5p -5.76 47 56 12 4 leader
hsa-miR-5584-3p -10.04 99 112 16 1 elsewhere
hsa-miR-5585-5p -4.34 79 85 19 13 elsewhere
hsa-miR-5586-5p -3.15 115 127 21 7 elsewhere
hsa-miR-5586-3p -11.91 5 22 22 5 leader
hsa-miR-5587-3p -5.07 109 115 12 6 elsewhere
hsa-miR-548au-5p -6.65 103 113 21 11 elsewhere
hsa-miR-548au-3p -6.64 98 114 17 2 elsewhere
hsa-miR-5588-5p -7.6 120 135 21 5 elsewhere
hsa-miR-5589-5p -6.23 65 76 17 7 leader
hsa-miR-5589-3p -6.92 156 169 18 3 elsewhere
hsa-miR-5590-3p -7.31 111 122 20 8 elsewhere
hsa-miR-5591-5p -8.52 111 131 20 1 elsewhere
hsa-miR-548av-5p -0.45 80 86 11 5 elsewhere
hsa-miR-5680 -2.81 11 17 12 6 leader
hsa-miR-5681a -6.08 151 162 17 6 elsewhere
hsa-miR-5682 -3.62 145 160 17 1 elsewhere
hsa-miR-548aw -4.53 163 174 18 6 elsewhere
hsa-miR-5683 -1.64 187 193 18 12 elsewhere
hsa-miR-5684 -2.99 99 105 9 3 elsewhere
hsa-miR-548ax -8.57 103 113 21 11 elsewhere
hsa-miR-5692c -0.41 111 117 19 13 elsewhere
hsa-miR-5687 -8.26 126 137 17 6 elsewhere
hsa-miR-5681b -6.46 23 32 22 13 leader
hsa-miR-5690 -4.98 149 155 10 4 elsewhere
hsa-miR-5691 -3.49 69 75 8 2 leader
hsa-miR-4666b -7.45 70 87 22 2 leader
hsa-miR-5693 -11.39 40 47 11 4 leader
hsa-miR-5694 -4.08 156 173 16 2 elsewhere
hsa-miR-5696 -8.18 22 43 20 1 leader
hsa-miR-5697 -3.24 107 113 11 5 elsewhere
hsa-miR-5698 -8.11 74 88 21 8 leader
hsa-miR-5699-3p -7.03 17 38 20 1 leader
hsa-miR-5700 -4.42 5 20 21 4 leader
hsa-miR-5701 -6.23 77 93 19 1 elsewhere
hsa-miR-5703 -4.78 179 185 9 3 elsewhere
hsa-miR-5692b -0.92 111 117 19 13 elsewhere
hsa-miR-5705 -4.42 120 130 19 7 elsewhere
hsa-miR-5706 -8.21 146 162 20 5 elsewhere
hsa-miR-5707 -7.23 84 95 18 3 elsewhere
hsa-miR-5708 -6.44 82 91 16 8 elsewhere
hsa-miR-5739 -10.81 47 60 16 2 leader
hsa-miR-5787 -3.46 179 185 20 14 elsewhere
hsa-miR-6068 -3.08 22 37 20 5 leader
hsa-miR-6070 -6.6 100 112 17 2 elsewhere
hsa-miR-6072 -8.25 12 33 14 1 leader
hsa-miR-6073 -0.59 176 182 13 7 elsewhere
hsa-miR-6074 -7.49 177 184 15 8 elsewhere
hsa-miR-6075 -6.89 109 115 14 8 elsewhere
hsa-miR-6076 -3.93 179 185 19 13 elsewhere
hsa-miR-6077 -2.58 84 91 15 8 elsewhere
hsa-miR-6079 -2.24 178 184 9 3 elsewhere
hsa-miR-6080 -2.21 22 28 7 1 leader
hsa-miR-6082 -8.52 7 19 16 3 leader
hsa-miR-6083 -7.55 176 184 17 9 elsewhere
hsa-miR-6084 -3.83 55 72 16 2 leader
hsa-miR-6085 -6.35 154 185 18 1 elsewhere
hsa-miR-6086 -5.9 1 8 8 1 elsewhere
hsa-miR-6088 -3.23 179 185 19 13 elsewhere
hsa-miR-6089 -11.33 43 65 22 4 leader
hsa-miR-6090 -4.41 161 185 18 1 elsewhere
hsa-miR-6126 -4.17 44 58 15 1 leader
hsa-miR-6127 -12.45 44 56 15 4 leader
hsa-miR-6128 -5.21 143 152 10 1 elsewhere
hsa-miR-6129 -5.38 177 185 11 3 elsewhere
hsa-miR-6130 -5.74 73 80 18 11 leader
hsa-miR-6131 -8.95 50 69 19 2 leader
hsa-miR-6132 -9.66 155 165 19 9 elsewhere
hsa-miR-6133 -6.87 1 8 15 8 elsewhere
hsa-miR-6134 -6.96 49 59 16 4 leader
hsa-miR-6165 -6.29 44 56 17 6 leader
hsa-miR-6499-5p -9.89 151 164 19 3 elsewhere
hsa-miR-6499-3p -2.36 133 158 20 1 elsewhere
hsa-miR-548ay-5p -8.14 39 47 19 11 leader
hsa-miR-6500-5p -5.27 176 184 9 1 elsewhere
hsa-miR-6500-3p -4.74 80 86 7 1 elsewhere
hsa-miR-548az-5p -7.96 39 55 20 3 leader
hsa-miR-6502-5p -6.59 143 158 16 1 elsewhere
hsa-miR-6502-3p -4.51 100 108 16 8 elsewhere
hsa-miR-6503-5p -3.74 81 87 12 6 elsewhere
hsa-miR-6503-3p -2.91 145 164 11 1 elsewhere
hsa-miR-6504-5p -4.17 85 93 11 3 elsewhere
hsa-miR-6505-5p -7.8 158 164 15 9 elsewhere
hsa-miR-6505-3p -8.67 119 126 18 11 elsewhere
hsa-miR-6506-5p -3.15 145 152 8 1 elsewhere
hsa-miR-6506-3p -3.52 2 8 14 8 elsewhere
hsa-miR-6507-5p -3.48 68 80 21 10 leader
hsa-miR-6507-3p -14.71 25 36 14 3 leader
hsa-miR-6508-3p -7.05 100 116 18 1 elsewhere
hsa-miR-6509-5p -6.58 95 116 17 3 elsewhere
hsa-miR-6510-5p -4.44 179 185 21 15 elsewhere
hsa-miR-6510-3p -5.96 63 77 19 4 leader
hsa-miR-6511a-5p -8.54 125 137 17 4 elsewhere
hsa-miR-6512-5p -4.26 163 177 18 5 elsewhere
hsa-miR-6512-3p -5.36 22 39 17 1 leader
hsa-miR-6513-5p -2.7 1 7 10 4 elsewhere
hsa-miR-6513-3p -10.18 100 112 21 9 elsewhere
hsa-miR-6514-5p -7.92 35 52 18 2 leader
hsa-miR-6514-3p -9.34 119 127 15 7 elsewhere
hsa-miR-6515-5p -8.06 47 56 13 4 leader
hsa-miR-6715a-3p -9.46 67 79 20 9 leader
hsa-miR-6715b-5p -6.12 9 19 16 5 leader
hsa-miR-6715b-3p -3.97 82 91 18 10 elsewhere
hsa-miR-6716-5p -11.74 154 166 19 6 elsewhere
hsa-miR-6717-5p -11.58 155 168 18 6 elsewhere
hsa-miR-6511b-5p -7.73 125 137 20 7 elsewhere
hsa-miR-6718-5p -7.05 124 130 17 11 elsewhere
hsa-miR-6719-3p -9.9 185 196 22 11 elsewhere
hsa-miR-6720-5p -5.77 14 33 22 2 leader
hsa-miR-6721-5p -10.5 113 138 21 1 elsewhere
hsa-miR-6724-5p -1.72 161 168 23 16 elsewhere
hsa-miR-892c-3p -5.57 25 33 16 8 leader
hsa-miR-6726-5p -5.8 163 184 20 2 elsewhere
hsa-miR-6727-5p -6.61 99 130 22 4 elsewhere
hsa-miR-6728-5p -9.17 146 163 20 3 elsewhere
hsa-miR-6728-3p -13.28 103 113 18 6 elsewhere
hsa-miR-6729-5p -6.79 108 115 15 8 elsewhere
hsa-miR-6730-5p -7.44 46 59 19 6 leader
hsa-miR-6731-5p -5.57 152 165 18 1 elsewhere
hsa-miR-6731-3p -9.51 103 112 18 10 elsewhere
hsa-miR-6732-5p -16.09 148 164 18 3 elsewhere
hsa-miR-6732-3p -10.15 102 109 18 11 elsewhere
hsa-miR-6733-3p -5.49 24 38 20 1 leader
hsa-miR-6734-5p -13.83 44 59 20 6 leader
hsa-miR-6734-3p -6.7 26 32 9 3 leader
hsa-miR-6735-3p -11.92 26 45 19 2 leader
hsa-miR-6736-5p -9.86 46 59 21 4 leader
hsa-miR-6736-3p -12.37 25 38 14 1 leader
hsa-miR-6737-3p -5.94 70 77 10 3 leader
hsa-miR-6738-5p -11.19 161 185 23 2 elsewhere
hsa-miR-6738-3p -8.46 70 90 21 4 leader
hsa-miR-6739-3p -10.94 27 44 19 4 leader
hsa-miR-6740-5p -7.9 157 163 12 6 elsewhere
hsa-miR-6740-3p -10.35 27 39 16 5 leader
hsa-miR-6741-5p -6.98 48 69 22 1 leader
hsa-miR-6741-3p -14.35 102 114 14 3 elsewhere
hsa-miR-6742-5p -5.14 149 164 20 2 elsewhere
hsa-miR-6743-5p -2.12 156 168 20 6 elsewhere
hsa-miR-6743-3p -11.48 101 113 17 2 elsewhere
hsa-miR-6744-5p -2.23 52 58 16 10 leader
hsa-miR-6744-3p -7.22 12 36 20 1 leader
hsa-miR-6745 -7.65 46 59 15 3 leader
hsa-miR-6746-5p -7.25 61 67 20 14 leader
hsa-miR-6747-5p -6.49 43 55 18 2 leader
hsa-miR-6747-3p -5.94 16 38 18 1 leader
hsa-miR-6748-5p -8.5 47 59 19 5 leader
hsa-miR-6748-3p -8.41 185 197 18 4 elsewhere
hsa-miR-6749-5p -3.26 127 135 18 10 elsewhere
hsa-miR-6749-3p -9.08 27 33 8 2 leader
hsa-miR-6751-5p -9.75 42 59 21 6 leader
hsa-miR-6751-3p -8.43 102 113 17 6 elsewhere
hsa-miR-6752-5p -9.74 47 56 11 2 leader
hsa-miR-6753-3p -12.95 98 114 21 2 elsewhere
hsa-miR-6754-5p -4.21 160 188 22 1 elsewhere
hsa-miR-6755-5p -8.27 11 20 15 6 leader
hsa-miR-6755-3p -8.97 100 113 22 10 elsewhere
hsa-miR-6756-5p -10.13 40 59 23 3 leader
hsa-miR-6756-3p -11.97 25 33 15 7 leader
hsa-miR-6757-5p -8.23 145 163 20 3 elsewhere
hsa-miR-6757-3p -8.24 59 66 13 6 leader
hsa-miR-6758-5p -9.62 48 59 19 8 leader
hsa-miR-6758-3p -11.39 186 195 12 3 elsewhere
hsa-miR-6759-5p -5.95 102 117 22 7 elsewhere
hsa-miR-6759-3p -9.6 103 113 17 9 elsewhere
hsa-miR-6760-5p -11.2 50 65 19 4 leader
hsa-miR-6760-3p -6.93 103 109 18 12 elsewhere
hsa-miR-6761-5p -6.13 76 90 18 2 elsewhere
hsa-miR-6761-3p -13.2 103 113 17 7 elsewhere
hsa-miR-6762-3p -9.73 99 114 17 2 elsewhere
hsa-miR-6763-5p -8.33 160 187 18 1 elsewhere
hsa-miR-6764-5p -0.91 143 164 22 6 elsewhere
hsa-miR-6764-3p -8.52 26 38 15 3 leader
hsa-miR-6765-5p -9.77 48 69 24 6 leader
hsa-miR-6766-5p -2.59 52 59 10 3 leader
hsa-miR-6766-3p -10.08 27 34 13 6 leader
hsa-miR-6767-5p -7.43 163 169 20 14 elsewhere
hsa-miR-6767-3p -7.35 120 136 17 2 elsewhere
hsa-miR-6768-3p -9.3 98 115 23 4 elsewhere
hsa-miR-6769a-5p -0.86 179 185 18 12 elsewhere
hsa-miR-6769a-3p -6.65 104 110 19 13 elsewhere
hsa-miR-6770-5p -5.98 164 186 23 1 elsewhere
hsa-miR-6770-3p -7.83 102 114 15 3 elsewhere
hsa-miR-6771-5p -5.32 156 174 22 4 elsewhere
hsa-miR-6772-5p -8.67 146 165 22 1 elsewhere
hsa-miR-6772-3p -8.83 62 84 19 3 leader
hsa-miR-6773-3p -4.58 25 32 15 8 leader
hsa-miR-6774-5p -5.33 97 116 24 4 elsewhere
hsa-miR-6775-5p -13.77 149 168 24 6 elsewhere
hsa-miR-6775-3p -7.78 28 45 14 2 leader
hsa-miR-6776-5p -7.94 159 165 18 12 elsewhere
hsa-miR-6776-3p -8.58 103 110 20 12 elsewhere
hsa-miR-6777-5p -10.82 44 70 22 2 leader
hsa-miR-6777-3p -5.77 99 112 14 3 elsewhere
hsa-miR-6778-5p -6.55 43 58 18 2 leader
hsa-miR-6778-3p -13.03 15 32 20 3 leader
hsa-miR-6779-5p -5.47 177 185 13 5 elsewhere
hsa-miR-6779-3p -10.99 27 44 17 3 leader
hsa-miR-6780a-5p -6.1 146 165 22 2 elsewhere
hsa-miR-6780a-3p -7.85 25 43 20 4 leader
hsa-miR-6781-5p -2.53 168 174 14 8 elsewhere
hsa-miR-6781-3p -5.76 119 126 13 6 elsewhere
hsa-miR-6782-5p -7.24 160 166 12 6 elsewhere
hsa-miR-6782-3p -5.04 62 73 15 4 leader
hsa-miR-6783-5p -4.11 30 36 15 9 leader
hsa-miR-6783-3p -9.29 98 123 21 1 elsewhere
hsa-miR-6784-5p -12.09 53 71 19 2 leader
hsa-miR-6784-3p -6.96 68 74 17 11 leader
hsa-miR-6785-5p -9.01 155 175 22 1 elsewhere
hsa-miR-6786-5p -5.81 54 60 8 2 leader
hsa-miR-6786-3p -7.48 68 86 21 3 leader
hsa-miR-6787-5p -11.06 149 164 21 5 elsewhere
hsa-miR-6787-3p -4.07 149 155 12 6 elsewhere
hsa-miR-6788-5p -7.69 52 60 21 13 leader
hsa-miR-6788-3p -10.66 25 32 19 12 leader
hsa-miR-6790-5p -10.84 43 56 17 1 leader
hsa-miR-6791-5p -3.31 125 131 11 5 elsewhere
hsa-miR-6791-3p -8.43 60 72 15 5 leader
hsa-miR-6792-5p -10.14 123 135 15 5 elsewhere
hsa-miR-6793-5p -9.49 112 129 20 4 elsewhere
hsa-miR-6794-5p -8.36 156 165 20 10 elsewhere
hsa-miR-6794-3p -12.2 26 43 20 1 leader
hsa-miR-6795-5p -8.38 176 186 24 14 elsewhere
hsa-miR-6795-3p -8.1 27 38 17 6 leader
hsa-miR-6796-5p -7.26 148 167 20 2 elsewhere
hsa-miR-6796-3p -14.06 103 111 11 3 elsewhere
hsa-miR-6797-5p -7.62 146 164 19 2 elsewhere
hsa-miR-6797-3p -6.63 26 32 16 10 leader
hsa-miR-6798-5p -9.21 150 164 19 5 elsewhere
hsa-miR-6799-5p -12.25 42 59 18 1 leader
hsa-miR-6799-3p -3.11 154 169 21 6 elsewhere
hsa-miR-6800-5p -4.02 98 117 20 1 elsewhere
hsa-miR-6800-3p -9.83 90 112 18 1 elsewhere
hsa-miR-6801-5p -9.96 109 115 14 8 elsewhere
hsa-miR-6802-5p -7.24 156 169 13 2 elsewhere
hsa-miR-6803-5p -14.07 147 165 19 2 elsewhere
hsa-miR-6804-5p -3.73 45 57 18 1 leader
hsa-miR-6805-5p -9.09 97 115 22 5 elsewhere
hsa-miR-6805-3p -8.62 62 75 18 2 leader
hsa-miR-6806-5p -5.74 111 118 8 1 elsewhere
hsa-miR-6807-3p -11.58 62 92 20 1 leader
hsa-miR-6808-5p -6.87 53 65 17 3 leader
hsa-miR-6809-5p -2.43 168 185 22 10 elsewhere
hsa-miR-6809-3p -8.61 27 43 18 4 leader
hsa-miR-6810-5p -9.55 151 166 23 1 elsewhere
hsa-miR-6811-5p -2.31 83 100 16 3 elsewhere
hsa-miR-6811-3p -2.59 71 77 11 5 leader
hsa-miR-6812-5p -16.94 155 175 23 2 elsewhere
hsa-miR-6812-3p -10.86 120 127 10 3 elsewhere
hsa-miR-6813-5p -2.76 124 130 15 9 elsewhere
hsa-miR-6813-3p -13.02 103 114 18 7 elsewhere
hsa-miR-6814-5p -4.6 48 59 19 8 leader
hsa-miR-6814-3p -9.9 98 113 21 5 elsewhere
hsa-miR-6815-5p -2.15 154 161 10 3 elsewhere
hsa-miR-6815-3p -7.9 14 35 17 2 leader
hsa-miR-6816-5p -5.6 31 49 17 1 leader
hsa-miR-6817-5p -7.97 170 191 22 1 elsewhere
hsa-miR-6817-3p -5.7 24 32 9 1 leader
hsa-miR-6818-5p -3.52 63 71 10 1 leader
hsa-miR-6818-3p -2.91 185 191 10 4 elsewhere
hsa-miR-6819-5p -4.92 119 132 16 1 elsewhere
hsa-miR-6820-3p -7.03 99 109 17 7 elsewhere
hsa-miR-6821-5p -15.81 34 50 22 5 leader
hsa-miR-6821-3p -9.22 68 74 17 11 leader
hsa-miR-6822-5p -9.15 124 137 20 7 elsewhere
hsa-miR-6822-3p -13.74 98 128 24 2 elsewhere
hsa-miR-6823-5p -5.44 1 9 19 11 elsewhere
hsa-miR-6823-3p -8.5 102 111 13 3 elsewhere
hsa-miR-6824-5p -5.16 1 8 13 6 elsewhere
hsa-miR-6824-3p -6.6 14 30 16 1 leader
hsa-miR-6825-5p -12.33 47 60 13 1 leader
hsa-miR-6825-3p -3.67 11 17 7 1 leader
hsa-miR-6826-5p -3.99 53 59 20 14 leader
hsa-miR-6826-3p -8.32 31 43 20 8 leader
hsa-miR-6827-3p -5.75 118 127 14 4 elsewhere
hsa-miR-6828-5p -5.54 179 185 7 1 elsewhere
hsa-miR-6828-3p -7.72 103 110 12 5 elsewhere
hsa-miR-6829-3p -14.55 60 73 18 4 leader
hsa-miR-6830-5p -5.85 177 185 16 8 elsewhere
hsa-miR-6830-3p -12.96 98 109 22 11 elsewhere
hsa-miR-6831-5p -9.21 48 59 13 3 leader
hsa-miR-6832-5p -8.35 126 133 22 15 elsewhere
hsa-miR-6832-3p -7.28 27 43 17 4 leader
hsa-miR-6833-5p -8.03 44 56 17 6 leader
hsa-miR-6833-3p -5.92 103 109 10 4 elsewhere
hsa-miR-6834-5p -6.52 47 58 21 1 leader
hsa-miR-6835-5p -14.89 147 164 21 2 elsewhere
hsa-miR-6835-3p -4.68 103 113 14 5 elsewhere
hsa-miR-6780b-5p -4.29 95 113 19 2 elsewhere
hsa-miR-6780b-3p -10.95 100 109 21 12 elsewhere
hsa-miR-6836-5p -8.83 98 113 15 2 elsewhere
hsa-miR-6837-5p -6.9 49 65 21 6 leader
hsa-miR-6837-3p -11.22 81 94 15 3 elsewhere
hsa-miR-6838-3p -9.89 17 36 19 1 leader
hsa-miR-6839-5p -5.21 4 12 13 5 elsewhere
hsa-miR-6839-3p -2.95 186 192 14 8 elsewhere
hsa-miR-6840-3p -1.8 67 74 15 8 leader
hsa-miR-6841-5p -4.66 176 190 22 8 elsewhere
hsa-miR-6842-5p -11.09 148 165 16 1 elsewhere
hsa-miR-6842-3p -10.49 68 94 20 1 leader
hsa-miR-6843-3p -7.02 60 66 8 2 leader
hsa-miR-6844 -0.97 188 195 12 5 elsewhere
hsa-miR-6845-3p -11.76 22 33 15 5 leader
hsa-miR-6846-5p -9.64 157 184 19 2 elsewhere
hsa-miR-6846-3p -10.31 100 108 21 13 elsewhere
hsa-miR-6847-5p -6.38 48 58 20 11 leader
hsa-miR-6847-3p -12.91 27 45 21 1 leader
hsa-miR-6848-5p -4.7 157 163 15 9 elsewhere
hsa-miR-6848-3p -6.69 60 67 8 1 leader
hsa-miR-6849-5p -11.27 44 67 22 3 leader
hsa-miR-6850-5p -5.39 11 17 14 8 leader
hsa-miR-6851-5p -8.24 152 164 14 2 elsewhere
hsa-miR-6851-3p -0.28 134 140 13 7 elsewhere
hsa-miR-6852-5p -6.66 123 130 12 5 elsewhere
hsa-miR-6852-3p -7.65 26 34 10 2 leader
hsa-miR-6853-5p -2.87 162 168 8 2 elsewhere
hsa-miR-6853-3p -8.25 83 96 20 1 elsewhere
hsa-miR-6854-5p -5.58 148 155 24 17 elsewhere
hsa-miR-6854-3p -7.89 179 197 19 1 elsewhere
hsa-miR-6855-5p -5.3 124 132 9 1 elsewhere
hsa-miR-6856-5p -2.16 179 185 11 5 elsewhere
hsa-miR-6856-3p -3.43 27 33 20 14 leader
hsa-miR-6857-5p -7.32 159 165 8 2 elsewhere
hsa-miR-6857-3p -7.97 27 36 16 6 leader
hsa-miR-6858-5p -6.72 31 58 22 1 leader
hsa-miR-6859-5p -9.39 154 174 22 2 elsewhere
hsa-miR-6769b-5p -10.69 151 166 23 7 elsewhere
hsa-miR-6769b-3p -7.59 25 32 9 2 leader
hsa-miR-6860 -9.16 54 71 21 2 leader
hsa-miR-6861-5p -6.3 125 131 17 11 elsewhere
hsa-miR-6861-3p -7.97 27 33 15 9 leader
hsa-miR-6862-5p -10.03 4 19 18 4 leader
hsa-miR-6862-3p -8.81 99 112 19 8 elsewhere
hsa-miR-6863 -10.14 1 20 19 1 leader
hsa-miR-6864-5p -2.3 4 10 7 1 elsewhere
hsa-miR-6864-3p -7.19 102 112 17 7 elsewhere
hsa-miR-6865-5p -7.36 109 115 8 2 elsewhere
hsa-miR-6865-3p -8.85 101 109 16 8 elsewhere
hsa-miR-6866-5p -9.14 2 21 21 1 leader
hsa-miR-6866-3p -8.36 28 43 20 6 leader
hsa-miR-6867-3p -10.35 13 32 19 2 leader
hsa-miR-6868-5p -6.03 11 17 16 10 leader
hsa-miR-6868-3p -7.62 84 96 20 8 elsewhere
hsa-miR-6869-5p -2.02 154 160 14 8 elsewhere
hsa-miR-6870-5p -11.26 42 60 17 1 leader
hsa-miR-6870-3p -8.16 27 44 20 1 leader
hsa-miR-6871-5p -9.94 42 48 20 14 leader
hsa-miR-6871-3p -4.71 41 47 16 10 leader
hsa-miR-6872-5p -4.2 179 191 16 1 elsewhere
hsa-miR-6873-3p -7.21 26 43 20 5 leader
hsa-miR-6874-5p -4.29 166 183 22 3 elsewhere
hsa-miR-6874-3p -5.12 100 112 23 1 elsewhere
hsa-miR-6875-3p -8.09 99 107 17 8 elsewhere
hsa-miR-6876-5p -10.28 107 115 21 13 elsewhere
hsa-miR-6876-3p -6.84 186 197 18 4 elsewhere
hsa-miR-6877-5p -10.74 50 65 21 3 leader
hsa-miR-6877-3p -12.92 60 73 20 5 leader
hsa-miR-6878-5p -8.32 146 164 23 2 elsewhere
hsa-miR-6878-3p -11.06 27 46 19 2 leader
hsa-miR-6879-5p -10.15 47 65 18 3 leader
hsa-miR-6879-3p -4.92 25 38 16 3 leader
hsa-miR-6880-5p -10.78 107 115 22 14 elsewhere
hsa-miR-6880-3p -10.36 27 44 17 3 leader
hsa-miR-6881-5p -3.88 3 9 12 6 elsewhere
hsa-miR-6881-3p -15.65 27 43 18 4 leader
hsa-miR-6882-5p -4.9 177 184 16 9 elsewhere
hsa-miR-6882-3p -7.04 103 113 13 2 elsewhere
hsa-miR-6883-5p -14.41 46 59 14 2 leader
hsa-miR-6883-3p -7.46 103 109 19 13 elsewhere
hsa-miR-6884-5p -7.45 177 187 16 6 elsewhere
hsa-miR-6884-3p -3.42 102 124 23 10 elsewhere
hsa-miR-6885-5p -10.23 151 164 13 2 elsewhere
hsa-miR-6885-3p -3.67 25 33 12 4 leader
hsa-miR-6886-5p -6.12 42 59 21 7 leader
hsa-miR-6886-3p -8.18 27 44 17 2 leader
hsa-miR-6887-5p -2.78 154 186 22 1 elsewhere
hsa-miR-6887-3p -8.16 27 33 19 13 leader
hsa-miR-6888-5p -4.56 43 56 16 3 leader
hsa-miR-6888-3p -12.5 70 90 19 3 leader
hsa-miR-6889-5p -1.15 179 185 9 3 elsewhere
hsa-miR-6890-5p -14.37 154 167 13 1 elsewhere
hsa-miR-6891-5p -9.19 158 164 14 8 elsewhere
hsa-miR-6891-3p -7.93 27 38 13 4 leader
hsa-miR-6892-3p -9.56 103 109 10 4 elsewhere
hsa-miR-6893-5p -8.07 53 65 20 7 leader
hsa-miR-6894-5p -4.33 50 56 9 3 leader
hsa-miR-6894-3p -8.29 102 113 17 7 elsewhere
hsa-miR-6895-3p -11.86 60 77 20 1 leader
hsa-miR-7106-5p -4.96 162 186 20 1 elsewhere
hsa-miR-7106-3p -8.6 24 31 10 3 leader
hsa-miR-7107-3p -8.66 187 195 17 9 elsewhere
hsa-miR-7108-5p -11.37 44 69 21 1 leader
hsa-miR-7109-3p -7.93 103 111 12 3 elsewhere
hsa-miR-7110-5p -11.58 44 57 13 1 leader
hsa-miR-7110-3p -9.52 25 43 19 2 leader
hsa-miR-7111-3p -12.54 27 43 20 4 leader
hsa-miR-7112-5p -7.12 101 115 22 8 elsewhere
hsa-miR-7112-3p -3.66 99 112 18 8 elsewhere
hsa-miR-7113-3p -8.73 25 32 8 1 leader
hsa-miR-7150 -4.86 179 185 17 11 elsewhere
hsa-miR-7152-5p -11.36 28 40 13 1 leader
hsa-miR-7152-3p -2.65 179 189 20 6 elsewhere
hsa-miR-7153-5p -8.31 44 57 23 8 leader
hsa-miR-7154-5p -3.27 25 37 22 10 leader
hsa-miR-7154-3p -2.57 176 182 15 9 elsewhere
hsa-miR-7155-5p -8.11 58 72 13 1 leader
hsa-miR-7156-5p -6.76 176 195 19 1 elsewhere
hsa-miR-7156-3p -1.57 79 85 14 8 elsewhere
hsa-miR-7157-5p -9.82 79 101 21 3 elsewhere
hsa-miR-7157-3p -8.18 147 157 14 4 elsewhere
hsa-miR-7158-5p -6.8 95 111 19 1 elsewhere
hsa-miR-7158-3p -9.2 1 14 15 1 leader
hsa-miR-7161-3p -2.5 98 112 19 1 elsewhere
hsa-miR-7159-5p -3.68 44 55 21 8 leader
hsa-miR-7160-5p -4.85 176 187 18 3 elsewhere
hsa-miR-7160-3p -6.68 99 112 12 1 elsewhere
hsa-miR-7162-5p -6.17 99 113 16 2 elsewhere
hsa-miR-7162-3p -4.52 53 59 12 6 leader
hsa-miR-7515 -7.68 48 59 16 5 leader
hsa-miR-7702 -7.44 101 112 21 11 elsewhere
hsa-miR-7703 -7.15 103 114 20 10 elsewhere
hsa-miR-7705 -1.98 106 112 22 16 elsewhere
hsa-miR-7706 -9.37 68 81 19 6 leader
hsa-miR-7843-5p -7.96 101 115 21 3 elsewhere
hsa-miR-7843-3p -6.17 25 38 15 2 leader
hsa-miR-4433b-3p -14.5 154 164 19 9 elsewhere
hsa-miR-1273h-5p -5.33 179 187 9 1 elsewhere
hsa-miR-6516-5p -1.75 48 54 18 12 leader
hsa-miR-6516-3p -2.97 151 171 17 1 elsewhere
hsa-miR-7844-5p -9.51 61 71 21 11 leader
hsa-miR-7845-5p -3.36 74 80 20 14 leader
hsa-miR-7847-3p -4.98 179 185 21 15 elsewhere
hsa-miR-7848-3p -9.43 71 87 17 2 leader
hsa-miR-7849-3p -3.3 183 198 19 6 elsewhere
hsa-miR-7850-5p -9.48 62 78 19 3 leader
hsa-miR-7851-3p -3.15 1 18 20 1 leader
hsa-miR-7852-3p -1.93 109 120 11 1 elsewhere
hsa-miR-7855-5p -6.25 41 61 20 1 leader
hsa-miR-7856-5p -8.89 3 19 20 7 leader
hsa-miR-548ba -1.37 134 158 21 4 elsewhere
hsa-miR-7973 -3.33 140 151 18 8 elsewhere
hsa-miR-7974 -9.45 103 110 18 11 elsewhere
hsa-miR-7975 -5.91 16 29 16 2 leader
hsa-miR-7976 -4.91 178 188 18 4 elsewhere
hsa-miR-7978 -8.59 150 165 19 3 elsewhere
hsa-miR-8057 -11.45 40 47 8 1 leader
hsa-miR-8058 -5.76 73 90 17 1 leader
hsa-miR-8060 -3.52 180 186 22 16 elsewhere
hsa-miR-8061 -6.1 5 12 12 5 elsewhere
hsa-miR-8062 -5.2 2 16 16 1 leader
hsa-miR-8063 -8.06 124 130 22 16 elsewhere
hsa-miR-8064 -11.26 5 19 15 2 leader
hsa-miR-8065 -1.02 137 143 21 15 elsewhere
hsa-miR-8066 -2.65 35 47 16 5 leader
hsa-miR-8068 -4.37 192 199 10 3 elsewhere
hsa-miR-8069 -4.92 109 115 17 11 elsewhere
hsa-miR-8070 -3.55 1 13 16 4 elsewhere
hsa-miR-8071 -12.68 44 60 20 1 leader
hsa-miR-8072 -5.75 111 135 19 2 elsewhere
hsa-miR-8073 -1.37 90 104 17 2 elsewhere
hsa-miR-8074 -4.02 71 77 24 18 leader
hsa-miR-8075 -6.03 31 46 23 7 leader
hsa-miR-8076 -5.08 120 129 15 6 elsewhere
hsa-miR-8077 -7.71 120 137 19 2 elsewhere
hsa-miR-8078 -13.94 54 65 17 7 leader
hsa-miR-8079 -15.09 63 81 20 4 leader
hsa-miR-8080 -6.16 10 19 13 4 leader
hsa-miR-8081 -8.64 26 38 14 2 leader
hsa-miR-8082 -3.83 177 183 11 5 elsewhere
hsa-miR-8084 -2.44 147 153 10 4 elsewhere
hsa-miR-8088 -8.38 43 63 20 1 leader
hsa-miR-8089 -10.55 126 133 22 15 elsewhere
hsa-miR-9500 -6.14 48 59 14 3 leader
hsa-miR-548bb-5p -4.64 39 46 19 12 leader
hsa-miR-9718 -9.42 43 71 20 1 leader
hsa-miR-9900 -6.26 30 37 9 2 leader
hsa-miR-9901 -3.92 104 113 18 9 elsewhere
hsa-miR-9903 -0.23 181 187 22 16 elsewhere
hsa-miR-9985 -2.01 176 182 19 13 elsewhere
hsa-miR-1843 -2.11 3 9 9 3 elsewhere
hsa-miR-9986 -3.84 192 198 14 8 elsewhere
hsa-miR-10226 -2.62 108 121 15 1 elsewhere
hsa-miR-10392-5p -3.66 176 182 22 16 elsewhere
hsa-miR-10392-3p -7.96 68 78 21 12 leader
hsa-miR-10393-5p -5.49 185 193 12 4 elsewhere
hsa-miR-10394-5p -11.7 54 72 18 1 leader
hsa-miR-10395-3p -7.2 72 78 13 7 leader
hsa-miR-10396a-5p -9.2 124 130 10 4 elsewhere
hsa-miR-10397-5p -5.81 22 33 14 1 leader
hsa-miR-10397-3p -3.08 146 157 24 14 elsewhere
hsa-miR-10398-5p -8.43 27 46 15 1 leader
hsa-miR-10399-5p -1.88 166 172 7 1 elsewhere
hsa-miR-10399-3p -5.0 169 191 21 2 elsewhere
hsa-miR-10400-5p -9.67 106 114 16 8 elsewhere
hsa-miR-10401-5p -12.32 43 70 20 1 leader
hsa-miR-10396b-5p -9.92 124 130 11 5 elsewhere
hsa-miR-10522-5p -2.19 133 149 19 4 elsewhere
hsa-miR-10523-5p -5.19 181 188 24 17 elsewhere
hsa-miR-9983-3p -5.06 81 94 18 4 elsewhere
hsa-miR-10525-3p -7.98 78 89 21 10 elsewhere
hsa-miR-10526-3p -12.42 53 69 20 5 leader
hsa-miR-10527-5p -2.79 128 135 15 8 elsewhere
hsa-miR-11181-5p -10.46 27 37 19 8 leader
hsa-miR-11181-3p -4.01 166 185 17 1 elsewhere
hsa-miR-11399 -6.28 120 136 21 3 elsewhere
hsa-miR-11400 -9.48 66 82 20 1 leader
hsa-miR-3059-5p -7.28 26 33 10 3 leader
hsa-miR-3059-3p -5.27 1 8 21 14 elsewhere
hsa-miR-3085-5p -0.8 183 189 15 9 elsewhere
hsa-miR-3085-3p -1.54 149 155 11 5 elsewhere
hsa-miR-6529-5p -5.59 154 174 16 3 elsewhere
hsa-miR-6529-3p -6.89 24 46 22 3 leader
hsa-miR-9851-5p -7.69 55 70 18 1 leader
hsa-miR-9851-3p -3.74 11 17 15 9 leader
hsa-miR-12113 -4.17 157 175 22 3 elsewhere
hsa-miR-12114 -15.12 48 59 14 3 leader
hsa-miR-12115 -3.53 107 115 22 14 elsewhere
hsa-miR-12116 -10.35 27 45 20 4 leader
hsa-miR-12118 -6.53 179 185 11 5 elsewhere
hsa-miR-12119 -10.35 161 189 25 1 elsewhere
hsa-miR-12120 -16.29 54 70 25 8 leader
hsa-miR-12124 -6.55 147 164 20 1 elsewhere
hsa-miR-12125 -13.8 97 109 15 2 elsewhere
hsa-miR-12126 -5.72 120 135 23 2 elsewhere
hsa-miR-12127 -6.15 162 184 22 2 elsewhere
hsa-miR-12128 -13.55 154 163 14 5 elsewhere
hsa-miR-12129 -1.98 3 19 17 2 leader
hsa-miR-12130 -5.42 68 80 19 3 leader
hsa-miR-12131 -2.87 70 80 18 9 leader
hsa-miR-12132 -5.41 78 93 21 3 elsewhere
hsa-miR-12133 -9.07 146 159 16 3 elsewhere
hsa-miR-12135 -4.57 2 9 8 1 elsewhere
hsa-miR-12136 -5.23 161 174 16 4 elsewhere
