hsa-let-7a-5p -5.44 184 195 17 3 elsewhere
hsa-let-7b-5p -10.49 102 122 21 1 elsewhere
hsa-let-7c-5p -5.5 184 195 17 3 elsewhere
hsa-let-7d-5p -7.32 167 182 16 2 elsewhere
hsa-let-7d-3p -8.07 256 263 21 14 elsewhere
hsa-let-7e-5p -11.17 37 50 15 2 leader
hsa-let-7f-5p -5.42 184 195 17 3 elsewhere
hsa-let-7f-1-3p -4.52 258 264 19 13 elsewhere
hsa-miR-15a-5p -6.76 27 34 21 14 leader
hsa-miR-15a-3p -9.05 225 240 17 2 elsewhere
hsa-miR-16-5p -3.64 203 214 22 3 elsewhere
hsa-miR-16-1-3p -6.8 221 231 22 12 elsewhere
hsa-miR-18a-5p -6.28 103 120 19 4 elsewhere
hsa-miR-18a-3p -3.89 108 118 13 3 elsewhere
hsa-miR-19a-5p -0.96 112 118 20 14 elsewhere
hsa-miR-19a-3p -1.72 227 240 15 6 elsewhere
hsa-miR-19b-1-5p -6.13 52 62 17 7 leader
hsa-miR-19b-2-5p -6.12 52 62 17 7 leader
hsa-miR-20a-3p -4.75 108 118 15 3 elsewhere
hsa-miR-22-5p -5.75 148 162 15 2 elsewhere
hsa-miR-23a-5p -10.86 15 33 17 1 leader
hsa-miR-23a-3p -4.92 45 55 18 8 leader
hsa-miR-24-1-5p -2.86 109 118 12 1 elsewhere
hsa-miR-24-3p -4.89 59 76 22 7 leader
hsa-miR-24-2-5p -5.65 109 118 12 1 elsewhere
hsa-miR-25-5p -9.81 232 245 15 2 elsewhere
hsa-miR-25-3p -5.75 186 192 21 15 elsewhere
hsa-miR-26a-5p -6.71 174 182 21 13 elsewhere
hsa-miR-26a-1-3p -6.49 164 172 18 10 elsewhere
hsa-miR-26b-5p -4.81 176 182 19 13 elsewhere
hsa-miR-26b-3p -4.83 20 27 19 12 leader
hsa-miR-27a-5p -7.64 221 240 19 2 elsewhere
hsa-miR-27a-3p -4.81 109 120 16 6 elsewhere
hsa-miR-28-3p -10.61 186 205 20 2 elsewhere
hsa-miR-29a-5p -5.27 253 261 16 8 elsewhere
hsa-miR-29a-3p -3.35 197 212 18 2 elsewhere
hsa-miR-30a-3p -7.44 183 190 21 14 elsewhere
hsa-miR-32-5p -2.79 104 116 22 11 elsewhere
hsa-miR-32-3p -11.31 220 239 18 2 elsewhere
hsa-miR-33a-5p -4.08 102 119 20 1 elsewhere
hsa-miR-33a-3p -5.05 114 120 19 13 elsewhere
hsa-miR-92a-1-5p -12.63 208 228 22 3 elsewhere
hsa-miR-92a-3p -9.56 185 192 22 15 elsewhere
hsa-miR-92a-2-5p -9.99 24 37 17 2 leader
hsa-miR-93-5p -6.24 101 117 21 5 elsewhere
hsa-miR-93-3p -3.85 101 115 20 4 elsewhere
hsa-miR-95-3p -5.43 108 121 22 7 elsewhere
hsa-miR-96-5p -2.92 111 117 11 5 elsewhere
hsa-miR-96-3p -2.71 102 108 13 7 elsewhere
hsa-miR-98-5p -5.72 163 182 21 2 elsewhere
hsa-miR-99a-5p -0.5 56 62 12 6 leader
hsa-miR-99a-3p -1.92 54 77 22 2 leader
hsa-miR-100-5p -6.99 234 249 20 2 elsewhere
hsa-miR-100-3p -5.38 177 191 20 3 elsewhere
hsa-miR-101-5p -8.87 222 230 20 12 elsewhere
hsa-miR-101-3p -2.82 123 130 12 5 elsewhere
hsa-miR-29b-1-5p -7.59 219 236 20 2 elsewhere
hsa-miR-29b-3p -4.32 229 251 22 3 elsewhere
hsa-miR-29b-2-5p -3.84 187 194 20 13 elsewhere
hsa-miR-103a-2-5p -2.39 124 130 19 13 elsewhere
hsa-miR-103a-3p -4.46 49 62 17 2 leader
hsa-miR-103a-1-5p -1.8 51 57 13 7 leader
hsa-miR-105-5p -4.11 183 192 22 10 elsewhere
hsa-miR-105-3p -11.15 226 246 21 2 elsewhere
hsa-miR-106a-3p -4.73 191 197 14 8 elsewhere
hsa-miR-107 -4.65 45 62 22 2 leader
hsa-miR-16-2-3p -9.32 225 231 17 11 elsewhere
hsa-miR-192-5p -6.63 90 97 21 14 elsewhere
hsa-miR-192-3p -3.51 52 62 21 12 leader
hsa-miR-196a-5p -6.24 176 196 21 1 elsewhere
hsa-miR-197-5p -11.69 48 71 22 4 leader
hsa-miR-198 -8.61 169 191 21 1 elsewhere
hsa-miR-199a-3p -12.41 184 194 13 3 elsewhere
hsa-miR-208a-5p -5.65 243 249 16 10 elsewhere
hsa-miR-208a-3p -2.86 163 177 22 4 elsewhere
hsa-miR-129-5p -8.97 184 193 16 7 elsewhere
hsa-miR-148a-5p -3.72 61 78 15 1 leader
hsa-miR-148a-3p -9.16 112 120 11 3 elsewhere
hsa-miR-30c-2-3p -7.89 165 185 21 2 elsewhere
hsa-miR-139-5p -7.25 114 120 12 6 elsewhere
hsa-miR-139-3p -2.89 189 212 23 5 elsewhere
hsa-miR-147a -4.69 181 190 10 1 elsewhere
hsa-miR-7-5p -8.89 135 151 24 6 elsewhere
hsa-miR-7-1-3p -10.19 185 192 18 11 elsewhere
hsa-miR-10a-5p -9.21 182 189 11 4 elsewhere
hsa-miR-10a-3p -6.19 62 74 19 5 leader
hsa-miR-10b-5p -9.91 181 189 12 4 elsewhere
hsa-miR-10b-3p -4.78 62 76 20 3 leader
hsa-miR-34a-5p -4.13 140 152 14 1 elsewhere
hsa-miR-34a-3p -3.44 124 131 19 12 elsewhere
hsa-miR-181a-5p -1.8 153 159 18 12 elsewhere
hsa-miR-181a-2-3p -5.04 195 210 20 3 elsewhere
hsa-miR-181b-5p -0.83 153 159 18 12 elsewhere
hsa-miR-181c-5p -3.51 150 160 20 10 elsewhere
hsa-miR-181c-3p -1.89 96 103 19 12 elsewhere
hsa-miR-182-5p -0.97 144 156 14 2 elsewhere
hsa-miR-182-3p -0.04 234 240 14 8 elsewhere
hsa-miR-183-5p -4.85 111 117 11 5 elsewhere
hsa-miR-183-3p -2.44 87 102 21 9 elsewhere
hsa-miR-187-5p -8.62 242 249 22 15 elsewhere
hsa-miR-187-3p -11.93 100 119 21 3 elsewhere
hsa-miR-199b-5p -4.38 65 72 13 6 leader
hsa-miR-199b-3p -12.41 184 194 13 3 elsewhere
hsa-miR-203a-5p -1.33 142 148 7 1 elsewhere
hsa-miR-203a-3p -3.76 65 72 14 7 leader
hsa-miR-204-5p -1.71 154 160 12 6 elsewhere
hsa-miR-204-3p -11.24 15 23 10 2 leader
hsa-miR-205-3p -1.84 72 79 21 14 leader
hsa-miR-210-5p -2.24 85 104 19 1 elsewhere
hsa-miR-210-3p -8.78 99 119 22 3 elsewhere
hsa-miR-211-5p -1.75 154 160 12 6 elsewhere
hsa-miR-211-3p -6.06 46 65 19 4 leader
hsa-miR-212-3p -1.79 87 94 18 11 elsewhere
hsa-miR-181a-3p -3.9 127 137 21 11 elsewhere
hsa-miR-214-5p -3.79 52 58 12 6 leader
hsa-miR-214-3p -6.08 83 95 14 1 elsewhere
hsa-miR-215-3p -3.49 154 160 7 1 elsewhere
hsa-miR-216a-5p -1.83 99 105 13 7 elsewhere
hsa-miR-216a-3p -5.84 18 34 18 7 leader
hsa-miR-217-5p -0.52 140 146 22 16 elsewhere
hsa-miR-217-3p -3.15 112 118 20 14 elsewhere
hsa-miR-218-5p -1.45 105 132 21 1 elsewhere
hsa-miR-218-2-3p -4.95 149 162 18 5 elsewhere
hsa-miR-219a-1-3p -7.57 32 43 14 1 leader
hsa-miR-221-3p -3.47 97 103 20 14 elsewhere
hsa-miR-222-5p -13.49 182 194 18 4 elsewhere
hsa-miR-222-3p -1.71 109 115 21 15 elsewhere
hsa-miR-223-5p -8.47 97 119 21 2 elsewhere
hsa-miR-223-3p -5.44 185 193 11 2 elsewhere
hsa-miR-224-5p -7.46 66 76 25 14 leader
hsa-miR-200b-5p -8.14 186 196 20 9 elsewhere
hsa-miR-200b-3p -7.78 20 26 13 7 leader
hsa-let-7g-5p -9.38 184 197 17 4 elsewhere
hsa-let-7i-5p -8.52 225 242 20 1 elsewhere
hsa-miR-1-3p -4.97 104 121 21 3 elsewhere
hsa-miR-15b-5p -4.79 52 68 22 1 leader
hsa-miR-15b-3p -0.85 162 170 17 8 elsewhere
hsa-miR-23b-5p -12.81 223 241 20 3 elsewhere
hsa-miR-23b-3p -3.89 45 56 18 7 leader
hsa-miR-27b-5p -11.61 221 240 20 2 elsewhere
hsa-miR-27b-3p -5.95 105 120 21 6 elsewhere
hsa-miR-30b-3p -10.76 165 184 21 3 elsewhere
hsa-miR-122-5p -3.65 115 121 9 3 elsewhere
hsa-miR-122-3p -1.62 247 253 17 11 elsewhere
hsa-miR-124-5p -6.01 150 165 14 1 elsewhere
hsa-miR-124-3p -3.76 144 150 15 9 elsewhere
hsa-miR-125b-5p -9.14 228 248 21 2 elsewhere
hsa-miR-125b-1-3p -8.09 17 33 20 4 leader
hsa-miR-128-1-5p -15.18 182 204 23 1 elsewhere
hsa-miR-128-3p -4.55 139 150 15 3 elsewhere
hsa-miR-130a-5p -2.34 112 118 20 14 elsewhere
hsa-miR-132-5p -1.68 23 38 22 5 leader
hsa-miR-132-3p -10.79 44 63 22 2 leader
hsa-miR-133a-5p -5.78 236 247 18 3 elsewhere
hsa-miR-135a-5p -1.82 256 262 11 5 elsewhere
hsa-miR-135a-3p -12.25 192 211 21 2 elsewhere
hsa-miR-135a-2-3p -7.02 232 245 21 7 elsewhere
hsa-miR-137-5p -7.13 230 246 17 2 elsewhere
hsa-miR-138-5p -4.98 222 228 8 2 elsewhere
hsa-miR-140-5p -3.9 142 149 8 1 elsewhere
hsa-miR-140-3p -2.21 175 185 14 4 elsewhere
hsa-miR-141-5p -3.97 224 237 21 7 elsewhere
hsa-miR-141-3p -5.72 176 190 22 8 elsewhere
hsa-miR-143-3p -8.52 188 206 20 4 elsewhere
hsa-miR-144-5p -4.47 193 200 22 15 elsewhere
hsa-miR-144-3p -4.51 166 185 20 3 elsewhere
hsa-miR-145-3p -1.44 124 130 19 13 elsewhere
hsa-miR-152-5p -3.18 149 162 22 3 elsewhere
hsa-miR-152-3p -5.87 233 244 21 10 elsewhere
hsa-miR-153-5p -5.58 101 107 22 16 elsewhere
hsa-miR-191-5p -12.0 188 205 22 3 elsewhere
hsa-miR-191-3p -4.33 231 238 13 6 elsewhere
hsa-miR-9-5p -3.87 136 143 11 4 elsewhere
hsa-miR-9-3p -5.61 39 54 22 6 leader
hsa-miR-125a-5p -8.76 221 248 24 2 elsewhere
hsa-miR-125a-3p -9.84 17 33 20 4 leader
hsa-miR-125b-2-3p -4.93 18 32 21 7 leader
hsa-miR-126-5p -5.81 253 260 16 9 elsewhere
hsa-miR-126-3p -11.12 185 200 21 5 elsewhere
hsa-miR-127-5p -6.88 220 242 22 2 elsewhere
hsa-miR-127-3p -4.08 233 247 20 1 elsewhere
hsa-miR-134-5p -4.43 179 198 21 1 elsewhere
hsa-miR-134-3p -6.09 185 199 17 2 elsewhere
hsa-miR-136-5p -5.71 220 237 20 4 elsewhere
hsa-miR-146a-5p -0.55 169 175 22 16 elsewhere
hsa-miR-149-5p -5.22 158 168 16 5 elsewhere
hsa-miR-149-3p -11.38 227 245 21 7 elsewhere
hsa-miR-150-3p -13.22 17 34 18 2 leader
hsa-miR-154-5p -8.95 22 37 19 3 leader
hsa-miR-154-3p -1.03 99 105 16 10 elsewhere
hsa-miR-184 -9.45 189 207 22 2 elsewhere
hsa-miR-185-5p -5.38 189 195 16 10 elsewhere
hsa-miR-186-5p -6.61 254 261 19 12 elsewhere
hsa-miR-188-5p -0.91 180 193 20 9 elsewhere
hsa-miR-188-3p -3.48 184 193 21 10 elsewhere
hsa-miR-193a-5p -8.56 237 246 20 11 elsewhere
hsa-miR-195-5p -5.56 83 94 12 1 elsewhere
hsa-miR-195-3p -9.12 225 236 18 7 elsewhere
hsa-miR-206 -4.82 103 121 22 3 elsewhere
hsa-miR-320a-3p -8.35 61 78 20 2 leader
hsa-miR-200c-5p -1.58 66 72 22 16 leader
hsa-miR-200c-3p -5.11 97 103 14 8 elsewhere
hsa-miR-155-5p -3.8 189 201 23 9 elsewhere
hsa-miR-155-3p -3.67 111 117 20 14 elsewhere
hsa-miR-181b-2-3p -5.26 150 161 15 2 elsewhere
hsa-miR-128-2-5p -8.37 179 203 23 2 elsewhere
hsa-miR-194-3p -7.65 21 41 22 3 leader
hsa-miR-106b-5p -7.57 224 230 11 5 elsewhere
hsa-miR-106b-3p -10.11 185 200 19 5 elsewhere
hsa-miR-29c-3p -3.95 197 212 18 2 elsewhere
hsa-miR-30c-1-3p -6.63 17 23 7 1 leader
hsa-miR-200a-5p -8.45 224 247 21 8 elsewhere
hsa-miR-200a-3p -4.81 149 163 20 7 elsewhere
hsa-miR-302a-5p -10.83 226 240 23 5 elsewhere
hsa-miR-302a-3p -8.31 221 238 23 6 elsewhere
hsa-miR-219a-2-3p -3.61 99 107 14 6 elsewhere
hsa-miR-34b-5p -5.88 178 196 21 1 elsewhere
hsa-miR-34c-5p -7.94 130 151 22 2 elsewhere
hsa-miR-34c-3p -4.1 84 91 17 10 elsewhere
hsa-miR-299-5p -3.19 53 59 8 2 leader
hsa-miR-299-3p -3.75 144 151 15 8 elsewhere
hsa-miR-301a-5p -5.27 112 118 20 14 elsewhere
hsa-miR-99b-3p -8.8 160 168 12 4 elsewhere
hsa-miR-296-3p -7.96 32 44 13 1 leader
hsa-miR-130b-5p -6.16 112 118 20 14 elsewhere
hsa-miR-130b-3p -1.8 238 244 16 10 elsewhere
hsa-miR-30e-3p -4.97 241 247 14 8 elsewhere
hsa-miR-26a-2-3p -5.14 21 30 18 8 leader
hsa-miR-361-3p -10.5 223 237 21 4 elsewhere
hsa-miR-362-5p -17.87 228 242 21 7 elsewhere
hsa-miR-362-3p -1.87 242 252 19 3 elsewhere
hsa-miR-363-5p -5.88 230 246 16 1 elsewhere
hsa-miR-365a-5p -9.28 228 245 23 3 elsewhere
hsa-miR-365b-5p -8.45 185 203 22 2 elsewhere
hsa-miR-302b-5p -1.92 205 213 13 5 elsewhere
hsa-miR-302b-3p -0.4 77 83 20 14 elsewhere
hsa-miR-302c-5p -1.88 13 19 15 9 leader
hsa-miR-302d-5p -6.65 185 213 22 5 elsewhere
hsa-miR-302d-3p -6.1 96 120 22 3 elsewhere
hsa-miR-376c-5p -1.16 174 180 7 1 elsewhere
hsa-miR-376c-3p -4.09 179 185 11 5 elsewhere
hsa-miR-369-5p -5.48 39 49 11 1 leader
hsa-miR-369-3p -1.44 218 224 15 9 elsewhere
hsa-miR-370-5p -6.09 183 189 18 12 elsewhere
hsa-miR-370-3p -9.86 233 249 21 5 elsewhere
hsa-miR-371a-5p -5.88 189 202 17 5 elsewhere
hsa-miR-371a-3p -3.43 116 122 23 17 elsewhere
hsa-miR-372-5p -2.11 181 187 14 8 elsewhere
hsa-miR-372-3p -5.5 116 130 23 4 elsewhere
hsa-miR-373-5p -2.26 60 66 16 10 leader
hsa-miR-373-3p -3.19 64 78 20 1 leader
hsa-miR-374a-3p -4.21 124 134 18 8 elsewhere
hsa-miR-375-3p -6.36 61 75 18 4 leader
hsa-miR-376a-5p -2.3 50 57 20 13 leader
hsa-miR-376a-3p -4.1 179 185 11 5 elsewhere
hsa-miR-377-5p -7.59 31 43 16 2 leader
hsa-miR-378a-5p -4.68 156 168 20 7 elsewhere
hsa-miR-378a-3p -4.02 179 200 21 1 elsewhere
hsa-miR-379-5p -6.02 233 243 20 10 elsewhere
hsa-miR-379-3p -4.27 204 215 14 3 elsewhere
hsa-miR-381-5p -2.38 27 43 18 4 leader
hsa-miR-381-3p -3.59 48 55 10 3 leader
hsa-miR-382-5p -8.13 31 43 15 1 leader
hsa-miR-382-3p -6.76 204 210 14 8 elsewhere
hsa-miR-383-5p -6.51 177 185 13 5 elsewhere
hsa-miR-383-3p -7.27 20 26 14 8 leader
hsa-miR-340-5p -5.23 197 205 19 11 elsewhere
hsa-miR-340-3p -4.84 165 172 16 9 elsewhere
hsa-miR-330-5p -3.67 185 191 13 7 elsewhere
hsa-miR-330-3p -15.78 181 192 22 11 elsewhere
hsa-miR-328-5p -7.67 15 21 7 1 leader
hsa-miR-342-5p -7.03 218 234 20 1 elsewhere
hsa-miR-342-3p -7.01 245 253 22 14 elsewhere
hsa-miR-337-5p -9.56 48 64 19 1 leader
hsa-miR-337-3p -7.67 256 263 19 12 elsewhere
hsa-miR-323a-5p -5.3 219 225 8 2 elsewhere
hsa-miR-323a-3p -3.55 99 105 16 10 elsewhere
hsa-miR-326 -3.77 235 248 16 3 elsewhere
hsa-miR-151a-5p -1.15 233 239 20 14 elsewhere
hsa-miR-151a-3p -2.16 236 242 13 7 elsewhere
hsa-miR-135b-5p -3.12 256 262 11 5 elsewhere
hsa-miR-148b-5p -4.68 147 162 20 3 elsewhere
hsa-miR-148b-3p -5.13 114 120 9 3 elsewhere
hsa-miR-331-5p -3.3 45 59 21 9 leader
hsa-miR-331-3p -10.97 232 248 20 4 elsewhere
hsa-miR-324-3p -0.36 121 130 22 14 elsewhere
hsa-miR-338-5p -12.01 224 237 19 9 elsewhere
hsa-miR-338-3p -8.04 137 155 22 3 elsewhere
hsa-miR-339-3p -8.74 147 156 18 9 elsewhere
hsa-miR-325 -5.48 184 197 18 5 elsewhere
hsa-miR-345-3p -2.85 232 249 21 1 elsewhere
hsa-miR-384 -2.4 196 203 15 8 elsewhere
hsa-miR-196b-5p -6.25 179 196 21 1 elsewhere
hsa-miR-196b-3p -3.26 198 213 19 5 elsewhere
hsa-miR-422a -3.46 179 186 21 13 elsewhere
hsa-miR-423-5p -10.08 49 65 19 4 leader
hsa-miR-423-3p -6.45 236 249 16 2 elsewhere
hsa-miR-425-5p -2.45 148 154 7 1 elsewhere
hsa-miR-425-3p -8.63 159 174 18 3 elsewhere
hsa-miR-18b-5p -6.49 101 120 21 4 elsewhere
hsa-miR-20b-3p -2.61 183 200 22 1 elsewhere
hsa-miR-448 -5.22 181 193 14 3 elsewhere
hsa-miR-429 -2.82 196 202 22 16 elsewhere
hsa-miR-449a -5.25 137 152 16 1 elsewhere
hsa-miR-450a-5p -8.7 226 233 14 7 elsewhere
hsa-miR-450a-1-3p -7.94 52 66 17 4 leader
hsa-miR-431-5p -4.28 182 190 11 2 elsewhere
hsa-miR-431-3p -6.66 181 195 17 2 elsewhere
hsa-miR-433-5p -7.36 185 194 14 4 elsewhere
hsa-miR-433-3p -5.44 161 180 22 6 elsewhere
hsa-miR-329-5p -6.12 225 244 19 1 elsewhere
hsa-miR-329-3p -10.47 235 252 18 3 elsewhere
hsa-miR-451a -4.97 183 202 20 1 elsewhere
hsa-miR-452-5p -12.75 179 190 16 5 elsewhere
hsa-miR-452-3p -6.8 39 58 21 4 leader
hsa-miR-409-3p -8.17 161 171 14 5 elsewhere
hsa-miR-412-5p -2.17 39 59 20 2 leader
hsa-miR-412-3p -5.61 236 250 21 5 elsewhere
hsa-miR-410-5p -9.85 169 195 19 1 elsewhere
hsa-miR-410-3p -6.09 185 191 21 15 elsewhere
hsa-miR-376b-3p -3.83 179 185 11 5 elsewhere
hsa-miR-483-5p -10.23 40 54 19 4 leader
hsa-miR-485-5p -6.0 194 206 15 4 elsewhere
hsa-miR-485-3p -1.12 85 92 8 1 elsewhere
hsa-miR-486-5p -17.59 98 118 22 4 elsewhere
hsa-miR-486-3p -10.7 178 195 21 3 elsewhere
hsa-miR-487a-5p -5.31 122 142 19 2 elsewhere
hsa-miR-487a-3p -4.07 49 58 12 2 leader
hsa-miR-488-5p -1.73 148 155 14 7 elsewhere
hsa-miR-488-3p -2.55 35 46 20 1 leader
hsa-miR-489-5p -1.64 120 126 14 8 elsewhere
hsa-miR-489-3p -6.57 147 153 21 15 elsewhere
hsa-miR-490-3p -11.42 225 249 22 3 elsewhere
hsa-miR-491-5p -4.74 50 68 21 3 leader
hsa-miR-491-3p -3.85 49 55 11 5 leader
hsa-miR-511-5p -9.19 101 119 20 1 elsewhere
hsa-miR-511-3p -4.66 92 108 19 4 elsewhere
hsa-miR-146b-3p -6.04 182 193 10 1 elsewhere
hsa-miR-202-3p -9.28 106 121 16 2 elsewhere
hsa-miR-492 -9.02 181 191 13 2 elsewhere
hsa-miR-493-5p -6.2 174 187 15 2 elsewhere
hsa-miR-493-3p -5.51 53 60 11 4 leader
hsa-miR-432-5p -8.19 230 248 22 2 elsewhere
hsa-miR-432-3p -9.85 226 247 21 1 elsewhere
hsa-miR-494-5p -8.22 22 37 18 2 leader
hsa-miR-494-3p -6.23 235 246 21 12 elsewhere
hsa-miR-495-5p -5.11 22 43 19 1 leader
hsa-miR-495-3p -8.35 113 120 18 11 elsewhere
hsa-miR-496 -2.19 101 113 16 1 elsewhere
hsa-miR-193b-5p -7.46 57 71 20 5 leader
hsa-miR-497-5p -6.52 27 34 21 14 leader
hsa-miR-181d-3p -6.22 177 185 13 5 elsewhere
hsa-miR-512-5p -1.38 60 66 18 12 leader
hsa-miR-512-3p -6.67 98 117 19 3 elsewhere
hsa-miR-498-5p -1.84 61 67 16 10 leader
hsa-miR-498-3p -1.02 234 251 19 4 elsewhere
hsa-miR-520e-5p -6.46 187 202 19 5 elsewhere
hsa-miR-520e-3p -1.38 75 82 20 13 leader
hsa-miR-515-3p -2.08 254 261 16 9 elsewhere
hsa-miR-519e-5p -3.32 60 67 17 10 leader
hsa-miR-519e-3p -3.26 74 82 19 11 leader
hsa-miR-520f-3p -6.25 178 193 21 5 elsewhere
hsa-miR-519c-5p -0.55 176 185 13 4 elsewhere
hsa-miR-519c-3p -6.61 61 78 22 1 leader
hsa-miR-520a-5p -3.18 176 185 13 4 elsewhere
hsa-miR-520a-3p -0.33 242 248 19 13 elsewhere
hsa-miR-526b-5p -0.05 40 46 10 4 leader
hsa-miR-526b-3p -2.85 63 78 21 2 leader
hsa-miR-519b-5p -0.55 176 185 13 4 elsewhere
hsa-miR-519b-3p -5.48 114 120 9 3 elsewhere
hsa-miR-525-5p -2.81 179 185 10 4 elsewhere
hsa-miR-525-3p -1.31 64 70 20 14 leader
hsa-miR-523-5p -0.55 176 185 13 4 elsewhere
hsa-miR-523-3p -4.64 178 193 23 7 elsewhere
hsa-miR-518f-5p -1.17 176 185 13 4 elsewhere
hsa-miR-518f-3p -3.82 64 73 20 12 leader
hsa-miR-520b-5p -6.63 49 57 11 3 leader
hsa-miR-520b-3p -4.89 179 193 21 6 elsewhere
hsa-miR-518b -3.67 63 78 21 2 leader
hsa-miR-526a-5p -0.73 176 185 13 4 elsewhere
hsa-miR-526a-3p -5.84 179 195 22 3 elsewhere
hsa-miR-520c-5p -0.73 176 185 13 4 elsewhere
hsa-miR-520c-3p -5.98 178 193 22 6 elsewhere
hsa-miR-518c-3p -1.11 64 73 20 12 leader
hsa-miR-524-3p -1.72 64 70 20 14 leader
hsa-miR-517-5p -6.9 227 237 15 3 elsewhere
hsa-miR-517a-3p -3.92 74 81 20 13 leader
hsa-miR-519d-5p -1.52 155 161 25 19 elsewhere
hsa-miR-519d-3p -4.42 64 78 20 2 leader
hsa-miR-521 -0.36 64 74 19 8 leader
hsa-miR-520d-3p -2.9 221 227 20 14 elsewhere
hsa-miR-517b-3p -3.92 74 81 20 13 leader
hsa-miR-520g-5p -3.27 179 185 9 3 elsewhere
hsa-miR-520g-3p -4.64 64 78 21 3 leader
hsa-miR-516b-5p -4.52 4 19 22 5 leader
hsa-miR-516b-3p -7.79 178 193 18 2 elsewhere
hsa-miR-518e-5p -0.55 176 185 13 4 elsewhere
hsa-miR-518d-5p -0.73 176 185 13 4 elsewhere
hsa-miR-518d-3p -0.48 64 78 20 2 leader
hsa-miR-517c-3p -4.24 74 82 20 12 leader
hsa-miR-520h -5.08 64 78 21 3 leader
hsa-miR-522-5p -0.55 176 185 13 4 elsewhere
hsa-miR-522-3p -8.45 64 76 19 6 leader
hsa-miR-519a-5p -0.55 176 185 13 4 elsewhere
hsa-miR-519a-3p -4.88 114 120 9 3 elsewhere
hsa-miR-516a-3p -7.79 178 193 18 2 elsewhere
hsa-miR-519a-2-5p -6.63 49 57 11 3 leader
hsa-miR-499a-5p -9.39 177 191 18 4 elsewhere
hsa-miR-499a-3p -5.49 185 194 19 9 elsewhere
hsa-miR-500a-5p -10.38 16 30 22 7 leader
hsa-miR-500a-3p -11.69 15 25 16 5 leader
hsa-miR-501-5p -7.54 230 237 19 12 elsewhere
hsa-miR-501-3p -9.94 242 251 13 4 elsewhere
hsa-miR-502-5p -8.51 19 30 16 5 leader
hsa-miR-502-3p -11.67 15 25 17 6 leader
hsa-miR-450a-2-3p -7.71 52 66 17 4 leader
hsa-miR-503-5p -10.24 52 66 22 8 leader
hsa-miR-504-5p -6.64 184 191 15 8 elsewhere
hsa-miR-504-3p -9.02 108 121 14 3 elsewhere
hsa-miR-505-5p -3.02 132 141 20 12 elsewhere
hsa-miR-505-3p -6.73 223 229 17 11 elsewhere
hsa-miR-513a-5p -8.97 12 20 15 7 leader
hsa-miR-513a-3p -3.96 256 262 15 9 elsewhere
hsa-miR-506-5p -9.73 12 20 15 7 leader
hsa-miR-506-3p -4.76 190 196 20 14 elsewhere
hsa-miR-507 -6.22 254 262 15 7 elsewhere
hsa-miR-508-5p -4.09 61 67 13 7 leader
hsa-miR-508-3p -11.74 175 193 23 6 elsewhere
hsa-miR-509-5p -6.81 176 188 15 3 elsewhere
hsa-miR-509-3p -9.22 182 194 19 6 elsewhere
hsa-miR-510-5p -5.5 174 185 16 5 elsewhere
hsa-miR-510-3p -9.66 228 242 19 3 elsewhere
hsa-miR-514a-5p -3.01 93 100 17 10 elsewhere
hsa-miR-514a-3p -8.48 190 206 20 4 elsewhere
hsa-miR-532-5p -5.39 90 109 20 1 elsewhere
hsa-miR-532-3p -7.46 184 191 22 15 elsewhere
hsa-miR-455-5p -4.66 255 263 13 5 elsewhere
hsa-miR-455-3p -3.42 204 210 13 7 elsewhere
hsa-miR-539-5p -11.21 227 245 22 1 elsewhere
hsa-miR-539-3p -4.14 49 58 11 1 leader
hsa-miR-545-5p -4.92 133 149 18 2 elsewhere
hsa-miR-376a-2-5p -2.15 174 180 7 1 elsewhere
hsa-miR-487b-5p -10.13 155 172 20 3 elsewhere
hsa-miR-487b-3p -3.79 49 58 12 2 leader
hsa-miR-551a -3.31 29 35 18 12 leader
hsa-miR-552-5p -7.05 254 265 21 10 elsewhere
hsa-miR-552-3p -1.28 140 152 17 7 elsewhere
hsa-miR-553 -4.02 235 246 15 5 elsewhere
hsa-miR-92b-5p -13.9 189 207 21 3 elsewhere
hsa-miR-92b-3p -4.06 235 251 20 5 elsewhere
hsa-miR-557 -8.34 163 190 21 1 elsewhere
hsa-miR-561-3p -1.74 74 80 22 16 leader
hsa-miR-562 -7.93 184 195 12 2 elsewhere
hsa-miR-563 -0.85 43 49 7 1 leader
hsa-miR-564 -5.79 188 212 19 2 elsewhere
hsa-miR-567 -4.58 58 75 21 6 leader
hsa-miR-551b-5p -9.09 236 249 22 9 elsewhere
hsa-miR-551b-3p -2.85 20 26 15 9 leader
hsa-miR-569 -3.49 150 157 9 2 elsewhere
hsa-miR-570-5p -4.68 187 193 17 11 elsewhere
hsa-miR-570-3p -3.21 257 264 20 13 elsewhere
hsa-miR-571 -8.27 36 42 8 2 leader
hsa-miR-572 -3.57 144 162 16 1 elsewhere
hsa-miR-573 -9.35 219 233 22 8 elsewhere
hsa-miR-574-5p -11.64 116 135 21 1 elsewhere
hsa-miR-574-3p -4.4 246 252 19 13 elsewhere
hsa-miR-575 -7.97 48 66 18 1 leader
hsa-miR-576-3p -8.32 228 234 8 2 elsewhere
hsa-miR-577 -1.97 132 138 16 10 elsewhere
hsa-miR-579-5p -10.09 173 193 22 3 elsewhere
hsa-miR-579-3p -5.5 7 16 17 8 leader
hsa-miR-580-3p -1.92 60 66 9 3 leader
hsa-miR-581 -6.99 146 167 21 2 elsewhere
hsa-miR-582-5p -5.52 166 185 23 4 elsewhere
hsa-miR-582-3p -0.72 42 48 12 6 leader
hsa-miR-583 -6.92 14 21 13 5 leader
hsa-miR-584-5p -16.0 18 34 17 4 leader
hsa-miR-585-5p -6.63 82 94 13 2 elsewhere
hsa-miR-548a-3p -0.66 257 264 20 13 elsewhere
hsa-miR-586 -3.18 112 118 9 3 elsewhere
hsa-miR-587 -6.15 170 181 18 8 elsewhere
hsa-miR-548b-5p -3.57 141 148 11 4 elsewhere
hsa-miR-548b-3p -5.53 161 172 22 11 elsewhere
hsa-miR-550a-5p -1.55 40 53 20 7 leader
hsa-miR-590-5p -3.38 227 240 20 1 elsewhere
hsa-miR-590-3p -2.24 7 15 18 10 leader
hsa-miR-592 -5.86 149 166 20 1 elsewhere
hsa-miR-593-3p -1.38 72 79 17 10 leader
hsa-miR-595 -12.41 227 238 19 8 elsewhere
hsa-miR-596 -7.53 185 191 8 2 elsewhere
hsa-miR-597-5p -5.88 149 164 16 2 elsewhere
hsa-miR-597-3p -1.4 183 194 14 2 elsewhere
hsa-miR-598-5p -6.65 219 228 9 1 elsewhere
hsa-miR-599 -5.04 160 166 8 2 elsewhere
hsa-miR-548a-5p -4.52 169 175 17 11 elsewhere
hsa-miR-600 -3.32 48 54 15 9 leader
hsa-miR-601 -8.63 40 59 20 2 leader
hsa-miR-602 -14.24 188 212 22 1 elsewhere
hsa-miR-603 -0.69 257 264 20 13 elsewhere
hsa-miR-604 -11.16 181 191 11 1 elsewhere
hsa-miR-605-3p -8.35 232 243 22 11 elsewhere
hsa-miR-607 -9.84 51 61 20 10 leader
hsa-miR-608 -4.04 221 230 16 8 elsewhere
hsa-miR-609 -0.25 12 18 7 1 leader
hsa-miR-610 -11.32 221 239 21 2 elsewhere
hsa-miR-612 -5.76 98 115 19 1 elsewhere
hsa-miR-615-5p -6.04 242 249 21 14 elsewhere
hsa-miR-615-3p -7.51 19 25 12 6 leader
hsa-miR-616-5p -5.06 149 168 20 1 elsewhere
hsa-miR-616-3p -9.54 8 20 20 8 leader
hsa-miR-548c-5p -3.41 185 197 21 5 elsewhere
hsa-miR-548c-3p -2.65 257 264 20 13 elsewhere
hsa-miR-617 -4.28 176 183 21 14 elsewhere
hsa-miR-618 -3.07 163 169 13 7 elsewhere
hsa-miR-619-5p -7.15 101 122 22 3 elsewhere
hsa-miR-619-3p -7.32 227 239 19 1 elsewhere
hsa-miR-620 -9.3 174 183 12 3 elsewhere
hsa-miR-621 -2.79 259 265 21 15 elsewhere
hsa-miR-622 -14.19 175 192 19 2 elsewhere
hsa-miR-623 -4.37 180 187 14 7 elsewhere
hsa-miR-624-5p -8.64 159 178 21 1 elsewhere
hsa-miR-624-3p -1.22 12 18 10 4 leader
hsa-miR-625-5p -7.89 51 67 18 2 leader
hsa-miR-627-3p -2.65 236 242 16 10 elsewhere
hsa-miR-628-3p -10.87 90 105 19 3 elsewhere
hsa-miR-629-5p -10.66 61 77 20 2 leader
hsa-miR-629-3p -8.15 189 198 22 11 elsewhere
hsa-miR-630 -13.61 14 29 22 8 leader
hsa-miR-631 -5.67 233 239 8 2 elsewhere
hsa-miR-33b-5p -1.21 102 119 15 1 elsewhere
hsa-miR-33b-3p -13.47 101 120 21 2 elsewhere
hsa-miR-632 -8.5 181 198 19 2 elsewhere
hsa-miR-634 -0.28 242 248 22 16 elsewhere
hsa-miR-635 -4.16 237 249 16 1 elsewhere
hsa-miR-636 -3.93 163 170 13 6 elsewhere
hsa-miR-637 -3.75 254 260 15 9 elsewhere
hsa-miR-638 -14.12 90 112 24 1 elsewhere
hsa-miR-639 -1.0 50 56 17 11 leader
hsa-miR-640 -5.34 234 241 16 9 elsewhere
hsa-miR-641 -4.98 175 182 16 9 elsewhere
hsa-miR-642a-5p -5.35 157 164 22 15 elsewhere
hsa-miR-642a-3p -8.58 236 252 22 4 elsewhere
hsa-miR-644a -4.61 181 193 18 4 elsewhere
hsa-miR-645 -3.51 120 130 19 10 elsewhere
hsa-miR-646 -8.57 180 195 18 1 elsewhere
hsa-miR-647 -1.69 100 106 7 1 elsewhere
hsa-miR-648 -5.24 181 191 12 2 elsewhere
hsa-miR-649 -8.55 225 240 12 1 elsewhere
hsa-miR-650 -7.76 181 195 20 4 elsewhere
hsa-miR-651-5p -4.85 234 245 15 5 elsewhere
hsa-miR-651-3p -2.04 114 120 14 8 elsewhere
hsa-miR-652-5p -4.09 13 24 18 5 leader
hsa-miR-652-3p -1.8 105 120 20 4 elsewhere
hsa-miR-548d-5p -3.55 141 148 11 4 elsewhere
hsa-miR-548d-3p -1.56 255 261 21 15 elsewhere
hsa-miR-661 -6.01 184 200 21 2 elsewhere
hsa-miR-662 -1.82 101 107 15 9 elsewhere
hsa-miR-663a -5.75 236 243 20 13 elsewhere
hsa-miR-449b-5p -4.33 137 151 16 2 elsewhere
hsa-miR-449b-3p -5.36 87 94 8 1 elsewhere
hsa-miR-653-5p -7.48 224 230 7 1 elsewhere
hsa-miR-653-3p -8.18 68 79 17 6 leader
hsa-miR-411-5p -7.27 191 202 17 5 elsewhere
hsa-miR-411-3p -6.1 198 215 22 3 elsewhere
hsa-miR-654-5p -3.82 174 180 8 2 elsewhere
hsa-miR-655-5p -2.23 45 51 7 1 leader
hsa-miR-656-5p -11.11 12 28 18 3 leader
hsa-miR-656-3p -1.61 89 95 15 9 elsewhere
hsa-miR-549a-5p -3.84 136 142 17 11 elsewhere
hsa-miR-549a-3p -7.36 165 179 20 9 elsewhere
hsa-miR-657 -2.7 52 62 12 2 leader
hsa-miR-658 -2.41 176 186 12 2 elsewhere
hsa-miR-659-5p -1.71 5 11 8 2 elsewhere
hsa-miR-659-3p -8.06 14 35 17 2 leader
hsa-miR-660-5p -4.3 37 43 22 16 leader
hsa-miR-660-3p -3.94 112 127 21 6 elsewhere
hsa-miR-421 -11.19 140 156 19 2 elsewhere
hsa-miR-542-5p -2.59 45 51 9 3 leader
hsa-miR-542-3p -5.51 47 63 20 4 leader
hsa-miR-758-5p -7.36 60 76 19 4 leader
hsa-miR-758-3p -5.1 233 242 12 3 elsewhere
hsa-miR-1264 -1.76 245 251 21 15 elsewhere
hsa-miR-668-5p -4.75 106 118 19 1 elsewhere
hsa-miR-668-3p -4.74 236 250 17 4 elsewhere
hsa-miR-550a-3-5p -2.6 40 53 20 7 leader
hsa-miR-767-5p -5.69 106 122 23 8 elsewhere
hsa-miR-767-3p -2.71 246 253 13 6 elsewhere
hsa-miR-1224-5p -12.37 176 197 19 1 elsewhere
hsa-miR-320b -8.58 60 78 21 2 leader
hsa-miR-320c -10.34 178 195 20 3 elsewhere
hsa-miR-1468-5p -5.88 21 27 13 7 leader
hsa-miR-1323 -0.76 47 53 14 8 leader
hsa-miR-1301-5p -12.3 102 117 18 2 elsewhere
hsa-miR-1301-3p -11.27 17 26 17 8 leader
hsa-miR-454-3p -1.59 49 55 22 16 leader
hsa-miR-1185-5p -3.46 177 184 8 1 elsewhere
hsa-miR-1185-2-3p -4.7 174 185 16 6 elsewhere
hsa-miR-449c-5p -8.44 100 120 24 6 elsewhere
hsa-miR-1283 -5.13 47 57 11 1 leader
hsa-miR-769-5p -8.94 224 242 19 1 elsewhere
hsa-miR-766-5p -12.72 223 245 19 2 elsewhere
hsa-miR-378d -3.91 224 240 18 4 elsewhere
hsa-miR-1185-1-3p -4.63 174 185 16 6 elsewhere
hsa-miR-762 -8.33 98 117 21 2 elsewhere
hsa-miR-670-5p -9.3 109 122 19 6 elsewhere
hsa-miR-1298-5p -2.25 213 220 13 6 elsewhere
hsa-miR-1298-3p -8.12 221 238 19 2 elsewhere
hsa-miR-2113 -6.31 20 31 12 2 leader
hsa-miR-761 -10.03 197 214 17 1 elsewhere
hsa-miR-759 -4.7 115 121 10 4 elsewhere
hsa-miR-765 -9.38 13 20 18 11 leader
hsa-miR-675-5p -2.58 61 76 15 2 leader
hsa-miR-298 -8.56 180 186 8 2 elsewhere
hsa-miR-891a-5p -7.23 224 240 22 7 elsewhere
hsa-miR-891a-3p -5.42 64 75 22 11 leader
hsa-miR-300 -5.58 55 65 18 7 leader
hsa-miR-892a -10.68 147 168 21 2 elsewhere
hsa-miR-450b-5p -2.65 51 57 8 2 leader
hsa-miR-890 -9.0 15 26 12 1 leader
hsa-miR-891b -5.82 259 265 12 6 elsewhere
hsa-miR-888-5p -5.81 188 202 20 9 elsewhere
hsa-miR-892b -3.27 175 194 22 5 elsewhere
hsa-miR-541-5p -1.41 153 159 18 12 elsewhere
hsa-miR-541-3p -8.68 232 246 20 4 elsewhere
hsa-miR-875-3p -4.04 37 43 19 13 leader
hsa-miR-876-3p -5.09 51 59 13 5 leader
hsa-miR-708-5p -5.59 224 241 22 3 elsewhere
hsa-miR-708-3p -8.32 192 205 16 3 elsewhere
hsa-miR-147b-3p -4.43 181 190 10 1 elsewhere
hsa-miR-744-5p -4.04 226 243 15 2 elsewhere
hsa-miR-744-3p -6.56 23 29 8 2 leader
hsa-miR-885-3p -13.42 177 195 22 1 elsewhere
hsa-miR-877-5p -13.44 171 186 18 1 elsewhere
hsa-miR-887-5p -6.59 17 24 8 1 leader
hsa-miR-887-3p -1.65 197 209 19 5 elsewhere
hsa-miR-873-5p -5.18 187 203 21 4 elsewhere
hsa-miR-873-3p -7.74 164 183 19 1 elsewhere
hsa-miR-543 -8.13 113 120 18 11 elsewhere
hsa-miR-374b-5p -3.29 109 115 21 15 elsewhere
hsa-miR-374b-3p -3.53 56 63 11 4 leader
hsa-miR-760 -7.9 181 194 19 2 elsewhere
hsa-miR-301b-5p -5.66 112 118 20 14 elsewhere
hsa-miR-301b-3p -2.35 148 155 13 6 elsewhere
hsa-miR-216b-5p -6.73 182 189 13 6 elsewhere
hsa-miR-216b-3p -3.43 45 51 21 15 leader
hsa-miR-208b-5p -3.35 164 170 14 8 elsewhere
hsa-miR-208b-3p -4.46 27 33 22 16 leader
hsa-miR-920 -8.21 189 203 19 3 elsewhere
hsa-miR-921 -7.27 49 65 22 8 leader
hsa-miR-922 -13.02 52 67 21 6 leader
hsa-miR-924 -4.41 157 173 19 2 elsewhere
hsa-miR-509-3-5p -7.58 182 188 9 3 elsewhere
hsa-miR-933 -0.04 235 241 17 11 elsewhere
hsa-miR-936 -7.4 175 186 15 4 elsewhere
hsa-miR-937-5p -3.46 197 207 19 9 elsewhere
hsa-miR-937-3p -3.94 236 252 22 4 elsewhere
hsa-miR-939-5p -5.8 46 68 23 1 leader
hsa-miR-939-3p -2.58 236 248 15 2 elsewhere
hsa-miR-941 -10.07 227 250 23 1 elsewhere
hsa-miR-942-5p -2.51 157 167 14 5 elsewhere
hsa-miR-942-3p -5.07 74 95 22 4 leader
hsa-miR-943 -5.15 23 29 12 6 leader
hsa-miR-944 -6.29 240 247 21 14 elsewhere
hsa-miR-297 -0.45 104 110 13 7 elsewhere
hsa-miR-1178-5p -10.09 106 121 18 3 elsewhere
hsa-miR-1179 -10.06 32 39 21 14 leader
hsa-miR-1180-5p -6.8 238 250 18 6 elsewhere
hsa-miR-1180-3p -12.28 227 247 22 4 elsewhere
hsa-miR-1182 -12.87 10 33 22 4 leader
hsa-miR-1183 -10.24 170 188 22 3 elsewhere
hsa-miR-1184 -9.31 149 160 11 1 elsewhere
hsa-miR-1225-5p -7.7 180 197 21 1 elsewhere
hsa-miR-1226-5p -13.2 171 197 25 1 elsewhere
hsa-miR-1226-3p -1.82 159 165 17 11 elsewhere
hsa-miR-1227-5p -7.17 189 204 15 2 elsewhere
hsa-miR-1228-5p -17.05 227 246 20 2 elsewhere
hsa-miR-1228-3p -5.55 236 253 16 1 elsewhere
hsa-miR-1229-5p -14.4 61 79 23 6 leader
hsa-miR-1231 -6.24 234 247 19 5 elsewhere
hsa-miR-1233-5p -5.11 180 186 8 2 elsewhere
hsa-miR-1234-3p -7.2 186 192 8 2 elsewhere
hsa-miR-1236-5p -9.0 92 101 10 1 elsewhere
hsa-miR-1236-3p -1.28 256 265 19 10 elsewhere
hsa-miR-1237-5p -14.58 189 210 20 1 elsewhere
hsa-miR-1238-5p -3.69 105 123 22 1 elsewhere
hsa-miR-1202 -7.91 179 193 20 3 elsewhere
hsa-miR-1203 -11.81 226 242 20 3 elsewhere
hsa-miR-663b -4.02 180 194 22 1 elsewhere
hsa-miR-1204 -8.31 186 193 10 3 elsewhere
hsa-miR-1205 -5.69 181 189 9 1 elsewhere
hsa-miR-1206 -7.46 229 238 15 6 elsewhere
hsa-miR-1207-5p -15.74 15 34 20 1 leader
hsa-miR-1207-3p -3.75 99 105 8 2 elsewhere
hsa-miR-548e-5p -1.93 187 193 18 12 elsewhere
hsa-miR-548e-3p -5.96 227 242 21 7 elsewhere
hsa-miR-548j-5p -6.83 183 197 21 5 elsewhere
hsa-miR-548j-3p -3.14 112 118 14 8 elsewhere
hsa-miR-1285-5p -9.12 19 31 21 9 leader
hsa-miR-1285-3p -8.92 235 248 22 1 elsewhere
hsa-miR-1286 -11.97 171 187 17 1 elsewhere
hsa-miR-1287-5p -2.71 143 149 15 9 elsewhere
hsa-miR-1287-3p -4.42 143 150 22 15 elsewhere
hsa-miR-1289 -8.94 52 68 19 1 leader
hsa-miR-1290 -2.43 63 85 19 2 leader
hsa-miR-548k -10.31 182 195 15 3 elsewhere
hsa-miR-1293 -13.5 182 196 15 1 elsewhere
hsa-miR-1294 -7.44 27 43 20 4 leader
hsa-miR-1295a -10.26 230 245 20 4 elsewhere
hsa-miR-1297 -3.79 140 148 14 5 elsewhere
hsa-miR-1299 -7.62 119 127 19 11 elsewhere
hsa-miR-548l -7.98 182 195 15 3 elsewhere
hsa-miR-1303 -9.44 53 70 19 1 leader
hsa-miR-1304-5p -7.69 228 242 22 3 elsewhere
hsa-miR-1304-3p -8.54 184 193 16 8 elsewhere
hsa-miR-1305 -0.84 179 185 20 14 elsewhere
hsa-miR-1243 -8.19 48 60 20 5 leader
hsa-miR-548f-3p -4.27 194 202 11 3 elsewhere
hsa-miR-1244 -13.25 20 42 24 1 leader
hsa-miR-1245a -4.88 234 240 18 12 elsewhere
hsa-miR-1246 -5.98 59 65 18 12 leader
hsa-miR-1247-3p -8.62 232 248 22 2 elsewhere
hsa-miR-1248 -1.66 111 118 26 19 elsewhere
hsa-miR-1249-5p -12.81 169 186 24 6 elsewhere
hsa-miR-1250-5p -9.98 228 243 15 1 elsewhere
hsa-miR-1253 -12.9 184 192 21 13 elsewhere
hsa-miR-1255a -8.26 190 207 20 2 elsewhere
hsa-miR-1256 -1.84 111 117 9 3 elsewhere
hsa-miR-1257 -4.54 166 180 17 4 elsewhere
hsa-miR-548g-5p -1.54 187 193 20 14 elsewhere
hsa-miR-548g-3p -4.27 194 202 10 2 elsewhere
hsa-miR-1262 -9.42 180 196 19 2 elsewhere
hsa-miR-1263 -3.12 109 117 22 12 elsewhere
hsa-miR-548n -5.34 182 195 16 4 elsewhere
hsa-miR-548m -4.29 162 172 14 4 elsewhere
hsa-miR-1265 -7.73 222 234 17 3 elsewhere
hsa-miR-548o-3p -3.71 162 172 21 11 elsewhere
hsa-miR-1266-5p -7.27 181 191 16 6 elsewhere
hsa-miR-1267 -5.22 143 160 16 1 elsewhere
hsa-miR-1268a -7.69 98 112 17 2 elsewhere
hsa-miR-1269a -11.33 100 118 21 2 elsewhere
hsa-miR-1270 -6.3 195 212 22 6 elsewhere
hsa-miR-1272 -7.09 220 226 9 3 elsewhere
hsa-miR-548h-5p -4.33 187 193 17 11 elsewhere
hsa-miR-1275 -9.19 174 186 13 1 elsewhere
hsa-miR-1276 -10.58 181 195 17 5 elsewhere
hsa-miR-548p -4.6 165 172 21 14 elsewhere
hsa-miR-548i -7.39 182 195 15 3 elsewhere
hsa-miR-1278 -4.39 123 130 10 3 elsewhere
hsa-miR-1279 -1.64 124 130 9 3 elsewhere
hsa-miR-1282 -6.23 256 264 13 5 elsewhere
hsa-miR-1284 -2.78 256 265 22 13 elsewhere
hsa-miR-1288-5p -4.2 56 62 7 1 leader
hsa-miR-1288-3p -6.82 232 246 19 1 elsewhere
hsa-miR-1292-5p -8.74 56 66 12 2 leader
hsa-miR-1292-3p -5.27 242 253 12 1 elsewhere
hsa-miR-1252-5p -1.11 197 203 12 6 elsewhere
hsa-miR-1252-3p -3.01 234 240 12 6 elsewhere
hsa-miR-1255b-5p -11.34 226 246 21 1 elsewhere
hsa-miR-664a-5p -5.83 56 72 20 3 leader
hsa-miR-1306-3p -8.04 220 233 17 3 elsewhere
hsa-miR-513b-5p -5.75 12 19 15 8 leader
hsa-miR-513b-3p -1.3 256 262 14 8 elsewhere
hsa-miR-513c-5p -6.94 67 78 21 9 leader
hsa-miR-513c-3p -4.98 256 262 15 9 elsewhere
hsa-miR-1321 -8.56 13 20 10 3 leader
hsa-miR-1322 -14.01 222 233 16 4 elsewhere
hsa-miR-1197 -6.65 53 65 17 2 leader
hsa-miR-1469 -2.71 204 220 19 2 elsewhere
hsa-miR-1470 -0.92 246 262 19 1 elsewhere
hsa-miR-1471 -12.62 229 249 22 1 elsewhere
hsa-miR-1537-5p -4.49 139 150 13 2 elsewhere
hsa-miR-1537-3p -6.28 180 202 21 2 elsewhere
hsa-miR-1538 -9.62 225 249 18 3 elsewhere
hsa-miR-103b -2.51 124 130 22 16 elsewhere
hsa-miR-320d -8.01 40 49 17 8 leader
hsa-miR-1827 -7.73 42 54 17 5 leader
hsa-miR-1908-5p -6.82 139 155 20 4 elsewhere
hsa-miR-1908-3p -1.46 88 94 8 2 elsewhere
hsa-miR-1909-5p -7.81 105 122 17 1 elsewhere
hsa-miR-1909-3p -9.36 96 110 15 2 elsewhere
hsa-miR-1910-5p -5.9 156 162 10 4 elsewhere
hsa-miR-1910-3p -13.82 172 186 18 4 elsewhere
hsa-miR-1911-3p -1.04 187 193 18 12 elsewhere
hsa-miR-1912-5p -3.15 204 211 14 7 elsewhere
hsa-miR-1912-3p -11.51 95 112 21 7 elsewhere
hsa-miR-1914-5p -3.27 235 250 19 6 elsewhere
hsa-miR-1914-3p -10.66 16 37 22 1 leader
hsa-miR-1915-5p -6.71 242 265 21 3 elsewhere
hsa-miR-1915-3p -4.32 202 214 19 8 elsewhere
hsa-miR-1973 -6.39 176 189 15 2 elsewhere
hsa-miR-2052 -5.08 143 150 18 11 elsewhere
hsa-miR-2053 -3.78 130 138 10 2 elsewhere
hsa-miR-2054 -0.23 234 240 16 10 elsewhere
hsa-miR-2110 -5.8 96 106 22 12 elsewhere
hsa-miR-2114-5p -2.84 188 195 22 15 elsewhere
hsa-miR-2114-3p -4.75 47 64 18 2 leader
hsa-miR-2115-5p -3.24 221 238 21 2 elsewhere
hsa-miR-2116-5p -6.79 45 60 20 1 leader
hsa-miR-2117 -2.45 59 75 21 2 leader
hsa-miR-548q -4.57 222 228 7 1 elsewhere
hsa-miR-2276-5p -5.49 182 200 20 1 elsewhere
hsa-miR-2276-3p -8.75 171 189 21 1 elsewhere
hsa-miR-2277-5p -5.24 101 117 24 6 elsewhere
hsa-miR-2277-3p -4.56 20 26 18 12 leader
hsa-miR-2278 -12.22 20 44 22 1 leader
hsa-miR-2681-5p -7.81 179 189 20 10 elsewhere
hsa-miR-2681-3p -8.4 35 43 15 7 leader
hsa-miR-2682-5p -7.46 182 195 19 2 elsewhere
hsa-miR-718 -0.27 241 247 18 12 elsewhere
hsa-miR-2861 -7.35 228 241 14 1 elsewhere
hsa-miR-3115 -7.73 35 41 20 14 leader
hsa-miR-3116 -5.4 20 26 7 1 leader
hsa-miR-3118 -6.96 112 123 13 2 elsewhere
hsa-miR-3119 -4.06 221 239 19 2 elsewhere
hsa-miR-3120-5p -1.75 184 190 10 4 elsewhere
hsa-miR-3121-5p -4.92 256 265 14 4 elsewhere
hsa-miR-3121-3p -6.32 191 197 15 9 elsewhere
hsa-miR-3122 -10.8 55 75 21 1 leader
hsa-miR-3123 -5.61 61 67 8 2 leader
hsa-miR-3124-5p -10.28 236 248 15 3 elsewhere
hsa-miR-548s -3.28 135 141 21 15 elsewhere
hsa-miR-3125 -9.38 190 206 19 3 elsewhere
hsa-miR-3126-5p -6.99 49 65 18 4 leader
hsa-miR-3126-3p -7.61 83 97 22 5 elsewhere
hsa-miR-3127-5p -13.12 16 33 23 6 leader
hsa-miR-3127-3p -9.73 185 193 19 10 elsewhere
hsa-miR-3129-5p -11.81 176 193 19 1 elsewhere
hsa-miR-3130-5p -5.83 101 108 21 14 elsewhere
hsa-miR-3130-3p -0.92 197 203 16 10 elsewhere
hsa-miR-3131 -5.19 180 186 17 11 elsewhere
hsa-miR-3132 -9.65 179 195 24 10 elsewhere
hsa-miR-378b -7.77 224 240 18 4 elsewhere
hsa-miR-3134 -3.98 174 180 8 2 elsewhere
hsa-miR-3135a -7.27 221 238 14 2 elsewhere
hsa-miR-466 -2.66 208 214 19 13 elsewhere
hsa-miR-3136-5p -3.82 57 64 14 7 leader
hsa-miR-3136-3p -3.24 139 145 22 16 elsewhere
hsa-miR-544b -5.07 37 43 11 5 leader
hsa-miR-3137 -11.26 14 29 24 3 leader
hsa-miR-3138 -11.73 180 198 20 1 elsewhere
hsa-miR-3139 -3.91 57 67 16 3 leader
hsa-miR-3140-3p -6.02 13 24 20 5 leader
hsa-miR-548t-5p -4.21 218 224 12 6 elsewhere
hsa-miR-548t-3p -2.57 257 264 19 12 elsewhere
hsa-miR-3141 -13.63 48 66 17 1 leader
hsa-miR-3142 -3.18 256 262 10 4 elsewhere
hsa-miR-3143 -4.56 187 200 19 6 elsewhere
hsa-miR-3144-5p -7.38 46 67 16 1 leader
hsa-miR-3144-3p -8.65 252 263 16 4 elsewhere
hsa-miR-3145-3p -5.71 65 83 20 5 leader
hsa-miR-1273c -8.85 236 243 17 10 elsewhere
hsa-miR-3146 -7.46 172 187 18 3 elsewhere
hsa-miR-3147 -18.42 10 37 24 1 leader
hsa-miR-548v -4.82 165 172 14 7 elsewhere
hsa-miR-3148 -13.7 226 246 21 1 elsewhere
hsa-miR-3149 -1.3 191 210 22 5 elsewhere
hsa-miR-3150a-5p -5.41 149 156 13 6 elsewhere
hsa-miR-3150a-3p -10.73 36 56 22 1 leader
hsa-miR-3151-5p -5.25 231 243 21 10 elsewhere
hsa-miR-3152-3p -4.25 51 72 19 1 leader
hsa-miR-3074-5p -3.56 109 127 18 5 elsewhere
hsa-miR-3074-3p -5.91 188 197 21 13 elsewhere
hsa-miR-3154 -11.8 36 49 15 2 leader
hsa-miR-3155a -8.09 179 195 18 3 elsewhere
hsa-miR-3156-5p -10.77 221 240 20 3 elsewhere
hsa-miR-3156-3p -5.23 55 61 17 11 leader
hsa-miR-3157-5p -7.65 101 117 21 5 elsewhere
hsa-miR-3157-3p -4.27 99 118 18 2 elsewhere
hsa-miR-3158-5p -10.18 182 189 8 1 elsewhere
hsa-miR-3158-3p -7.86 181 189 21 13 elsewhere
hsa-miR-3159 -7.23 88 99 22 11 elsewhere
hsa-miR-3160-3p -4.44 227 242 19 6 elsewhere
hsa-miR-3161 -6.87 58 65 14 7 leader
hsa-miR-3162-5p -13.25 171 186 23 8 elsewhere
hsa-miR-3163 -8.01 144 154 19 9 elsewhere
hsa-miR-3164 -4.74 47 59 15 4 leader
hsa-miR-3165 -2.97 173 181 9 1 elsewhere
hsa-miR-3168 -5.17 51 60 11 2 leader
hsa-miR-3169 -3.75 20 33 15 3 leader
hsa-miR-3170 -7.24 58 79 18 2 leader
hsa-miR-3171 -2.04 234 241 16 9 elsewhere
hsa-miR-3173-3p -11.52 188 207 21 4 elsewhere
hsa-miR-1193 -10.71 162 184 22 2 elsewhere
hsa-miR-323b-5p -4.48 71 77 21 15 leader
hsa-miR-323b-3p -3.33 99 105 16 10 elsewhere
hsa-miR-3174 -12.09 58 76 20 2 leader
hsa-miR-3175 -8.78 61 72 12 1 leader
hsa-miR-3176 -8.55 18 25 12 5 leader
hsa-miR-3177-3p -7.52 17 25 16 7 leader
hsa-miR-3178 -7.27 99 112 13 2 elsewhere
hsa-miR-3179 -6.73 234 245 17 6 elsewhere
hsa-miR-3180-3p -9.65 227 245 21 3 elsewhere
hsa-miR-548w -2.5 185 197 21 5 elsewhere
hsa-miR-3182 -7.07 176 193 15 1 elsewhere
hsa-miR-3183 -5.99 243 262 22 1 elsewhere
hsa-miR-3184-5p -5.0 226 241 21 4 elsewhere
hsa-miR-3185 -10.6 183 203 23 5 elsewhere
hsa-miR-3186-5p -3.92 52 58 16 10 leader
hsa-miR-3186-3p -8.72 176 186 16 5 elsewhere
hsa-miR-3187-5p -10.68 179 199 20 1 elsewhere
hsa-miR-3188 -9.62 223 241 17 2 elsewhere
hsa-miR-3189-5p -2.75 231 249 21 2 elsewhere
hsa-miR-3189-3p -7.44 221 237 16 3 elsewhere
hsa-miR-320e -5.2 36 49 18 7 leader
hsa-miR-3190-5p -2.96 88 97 13 3 elsewhere
hsa-miR-3190-3p -14.52 172 187 16 1 elsewhere
hsa-miR-3191-3p -6.48 92 113 23 1 elsewhere
hsa-miR-3192-5p -10.35 10 24 15 1 leader
hsa-miR-3193 -5.04 48 60 21 10 leader
hsa-miR-3194-3p -2.78 146 168 22 2 elsewhere
hsa-miR-3195 -3.44 243 249 15 9 elsewhere
hsa-miR-3196 -4.67 180 193 14 2 elsewhere
hsa-miR-548x-5p -1.54 187 193 20 14 elsewhere
hsa-miR-548x-3p -1.91 258 264 19 13 elsewhere
hsa-miR-3197 -2.9 243 249 17 11 elsewhere
hsa-miR-3198 -9.56 17 34 15 2 leader
hsa-miR-3199 -8.48 179 195 18 2 elsewhere
hsa-miR-3200-3p -4.51 112 118 12 6 elsewhere
hsa-miR-514b-5p -4.48 43 57 15 2 leader
hsa-miR-514b-3p -6.96 190 206 20 4 elsewhere
hsa-miR-3202 -6.33 171 185 15 1 elsewhere
hsa-miR-4297 -7.49 155 161 12 6 elsewhere
hsa-miR-378c -5.12 176 200 25 1 elsewhere
hsa-miR-4293 -13.87 181 192 13 1 elsewhere
hsa-miR-4294 -7.19 48 66 17 1 leader
hsa-miR-4301 -4.05 162 168 19 13 elsewhere
hsa-miR-4299 -10.21 221 228 8 1 elsewhere
hsa-miR-4298 -10.1 40 54 19 6 leader
hsa-miR-4300 -3.02 197 203 9 3 elsewhere
hsa-miR-4304 -3.28 102 111 16 3 elsewhere
hsa-miR-4302 -5.29 150 164 17 4 elsewhere
hsa-miR-4303 -8.2 92 104 17 6 elsewhere
hsa-miR-4306 -6.48 189 195 16 10 elsewhere
hsa-miR-4307 -5.33 155 161 16 10 elsewhere
hsa-miR-4308 -3.28 72 79 12 5 leader
hsa-miR-4310 -0.64 208 214 7 1 elsewhere
hsa-miR-4311 -7.93 96 104 16 8 elsewhere
hsa-miR-4312 -8.09 155 167 15 4 elsewhere
hsa-miR-4316 -10.82 222 245 17 1 elsewhere
hsa-miR-4314 -7.26 15 24 14 2 leader
hsa-miR-4318 -8.23 185 200 16 2 elsewhere
hsa-miR-4319 -7.48 101 114 15 4 elsewhere
hsa-miR-4320 -4.62 183 189 12 6 elsewhere
hsa-miR-4317 -4.33 38 44 16 10 leader
hsa-miR-4322 -8.29 182 199 20 1 elsewhere
hsa-miR-4324 -5.86 236 248 10 1 elsewhere
hsa-miR-4256 -4.76 221 231 14 4 elsewhere
hsa-miR-4257 -5.07 171 185 18 2 elsewhere
hsa-miR-4259 -7.7 45 60 18 6 leader
hsa-miR-4253 -9.28 178 195 18 2 elsewhere
hsa-miR-4254 -4.55 226 238 10 1 elsewhere
hsa-miR-4255 -10.45 175 192 17 1 elsewhere
hsa-miR-4252 -7.7 101 117 18 2 elsewhere
hsa-miR-4327 -11.3 180 191 13 1 elsewhere
hsa-miR-4265 -7.6 186 199 17 1 elsewhere
hsa-miR-4266 -5.53 227 241 15 5 elsewhere
hsa-miR-4267 -6.02 93 105 15 3 elsewhere
hsa-miR-2355-3p -7.33 63 72 21 12 leader
hsa-miR-4268 -4.51 228 244 21 1 elsewhere
hsa-miR-4269 -5.65 90 106 16 1 elsewhere
hsa-miR-4264 -0.15 250 256 16 10 elsewhere
hsa-miR-4270 -10.95 15 21 18 12 leader
hsa-miR-4271 -9.94 171 186 18 2 elsewhere
hsa-miR-4272 -5.85 141 156 17 4 elsewhere
hsa-miR-4273 -3.7 221 230 14 1 elsewhere
hsa-miR-4276 -2.83 149 156 9 2 elsewhere
hsa-miR-4274 -7.07 188 194 8 2 elsewhere
hsa-miR-4281 -8.36 15 21 15 9 leader
hsa-miR-4277 -5.7 102 117 17 1 elsewhere
hsa-miR-4280 -9.78 108 121 17 1 elsewhere
hsa-miR-4282 -2.96 52 58 11 5 leader
hsa-miR-4285 -7.34 165 176 16 3 elsewhere
hsa-miR-4283 -3.37 169 183 16 2 elsewhere
hsa-miR-4284 -0.95 247 253 11 5 elsewhere
hsa-miR-4287 -3.22 60 66 15 9 leader
hsa-miR-4288 -5.58 97 103 13 7 elsewhere
hsa-miR-4292 -7.93 233 248 17 3 elsewhere
hsa-miR-4289 -8.0 181 193 13 1 elsewhere
hsa-miR-4291 -4.2 59 65 14 8 leader
hsa-miR-4329 -6.88 233 242 13 3 elsewhere
hsa-miR-4330 -1.3 5 11 17 11 elsewhere
hsa-miR-500b-5p -11.33 19 30 17 6 leader
hsa-miR-3605-5p -12.8 49 66 18 2 leader
hsa-miR-3605-3p -10.53 21 29 15 7 leader
hsa-miR-3606-5p -0.23 77 83 19 13 elsewhere
hsa-miR-3609 -7.18 164 176 21 7 elsewhere
hsa-miR-3610 -3.73 36 47 15 3 leader
hsa-miR-3613-5p -2.8 256 263 13 6 elsewhere
hsa-miR-3614-5p -8.3 234 250 20 2 elsewhere
hsa-miR-3614-3p -5.36 55 61 14 8 leader
hsa-miR-3616-5p -7.78 113 120 12 5 elsewhere
hsa-miR-3616-3p -5.08 50 66 22 2 leader
hsa-miR-3617-5p -6.88 175 192 22 8 elsewhere
hsa-miR-3618 -5.88 48 58 21 2 leader
hsa-miR-3619-5p -4.15 102 117 22 4 elsewhere
hsa-miR-3619-3p -3.37 123 129 21 15 elsewhere
hsa-miR-23c -3.69 141 155 19 5 elsewhere
hsa-miR-3620-3p -2.72 246 261 20 5 elsewhere
hsa-miR-3621 -9.67 183 193 19 9 elsewhere
hsa-miR-3622a-5p -5.49 39 61 19 1 leader
hsa-miR-3622b-5p -7.43 16 25 12 3 leader
hsa-miR-3646 -6.49 188 205 20 4 elsewhere
hsa-miR-3648 -1.48 40 51 20 7 leader
hsa-miR-3649 -8.81 227 241 14 2 elsewhere
hsa-miR-3650 -11.84 181 195 16 1 elsewhere
hsa-miR-3651 -1.56 250 256 14 8 elsewhere
hsa-miR-3652 -10.61 224 239 18 2 elsewhere
hsa-miR-3654 -5.28 98 104 16 10 elsewhere
hsa-miR-3655 -4.47 145 160 16 2 elsewhere
hsa-miR-3657 -4.74 219 231 21 1 elsewhere
hsa-miR-3659 -8.77 48 66 19 2 leader
hsa-miR-3660 -8.48 179 188 12 2 elsewhere
hsa-miR-3661 -10.62 18 25 10 3 leader
hsa-miR-3662 -6.01 186 203 21 1 elsewhere
hsa-miR-3663-5p -9.59 116 127 17 7 elsewhere
hsa-miR-3663-3p -5.85 241 247 22 16 elsewhere
hsa-miR-3665 -8.08 181 194 13 1 elsewhere
hsa-miR-3666 -4.04 173 187 17 4 elsewhere
hsa-miR-3667-5p -6.15 178 186 22 14 elsewhere
hsa-miR-3668 -7.57 43 51 14 6 leader
hsa-miR-3671 -9.03 52 65 22 9 leader
hsa-miR-3672 -5.54 229 243 13 1 elsewhere
hsa-miR-3674 -9.25 227 240 21 7 elsewhere
hsa-miR-3675-5p -9.95 178 195 20 5 elsewhere
hsa-miR-3677-5p -7.22 183 201 20 5 elsewhere
hsa-miR-3677-3p -1.92 185 199 21 2 elsewhere
hsa-miR-3678-5p -2.21 123 129 20 14 elsewhere
hsa-miR-3678-3p -7.99 172 188 17 1 elsewhere
hsa-miR-3679-5p -11.83 15 21 20 14 leader
hsa-miR-3679-3p -4.37 143 149 15 9 elsewhere
hsa-miR-3680-3p -9.3 15 24 23 12 leader
hsa-miR-3681-5p -9.93 227 246 22 4 elsewhere
hsa-miR-3682-5p -3.72 23 29 20 14 leader
hsa-miR-3682-3p -9.28 13 29 20 4 leader
hsa-miR-3683 -7.84 189 205 18 2 elsewhere
hsa-miR-3684 -7.38 233 240 10 3 elsewhere
hsa-miR-3686 -8.07 39 58 16 1 leader
hsa-miR-3689a-5p -12.81 18 34 22 11 leader
hsa-miR-3689a-3p -12.46 10 23 13 1 leader
hsa-miR-3690 -13.38 232 249 18 1 elsewhere
hsa-miR-3691-5p -10.18 161 179 21 2 elsewhere
hsa-miR-3691-3p -8.51 184 191 12 5 elsewhere
hsa-miR-3692-5p -4.12 223 229 9 3 elsewhere
hsa-miR-3692-3p -10.77 180 188 23 15 elsewhere
hsa-miR-3713 -5.56 63 72 16 7 leader
hsa-miR-3714 -6.82 185 195 14 3 elsewhere
hsa-miR-3180 -8.69 232 245 18 3 elsewhere
hsa-miR-3689b-5p -12.81 18 34 22 11 leader
hsa-miR-3689b-3p -13.57 10 23 13 1 leader
hsa-miR-3908 -9.4 185 197 20 8 elsewhere
hsa-miR-3909 -10.75 183 191 19 11 elsewhere
hsa-miR-3911 -2.47 120 126 7 1 elsewhere
hsa-miR-3912-5p -1.0 139 145 21 15 elsewhere
hsa-miR-3912-3p -4.89 204 213 17 8 elsewhere
hsa-miR-3913-5p -5.7 219 242 21 3 elsewhere
hsa-miR-3915 -6.4 219 225 17 11 elsewhere
hsa-miR-3917 -9.73 230 249 18 1 elsewhere
hsa-miR-3918 -7.95 175 191 17 5 elsewhere
hsa-miR-3919 -6.52 60 67 10 3 leader
hsa-miR-3150b-3p -16.18 36 52 21 3 leader
hsa-miR-3920 -2.06 258 264 12 6 elsewhere
hsa-miR-3921 -3.14 101 114 19 4 elsewhere
hsa-miR-3922-5p -3.9 45 54 15 6 leader
hsa-miR-3923 -2.03 133 149 20 4 elsewhere
hsa-miR-3925-5p -10.86 36 52 17 1 leader
hsa-miR-3925-3p -1.06 77 83 13 7 elsewhere
hsa-miR-3927-3p -7.84 174 186 20 4 elsewhere
hsa-miR-676-5p -2.06 234 240 19 13 elsewhere
hsa-miR-676-3p -7.57 30 43 21 8 leader
hsa-miR-3928-5p -10.42 185 204 23 1 elsewhere
hsa-miR-3928-3p -10.07 216 245 22 1 elsewhere
hsa-miR-3929 -9.8 188 203 20 1 elsewhere
hsa-miR-3934-5p -8.39 190 203 22 10 elsewhere
hsa-miR-3934-3p -4.31 98 118 21 1 elsewhere
hsa-miR-3935 -7.34 88 107 22 1 elsewhere
hsa-miR-3936 -6.75 104 121 22 5 elsewhere
hsa-miR-3937 -8.86 173 195 23 3 elsewhere
hsa-miR-3938 -6.44 182 189 14 7 elsewhere
hsa-miR-3939 -2.81 83 90 10 3 elsewhere
hsa-miR-3940-5p -6.41 171 186 15 1 elsewhere
hsa-miR-3940-3p -11.24 236 249 17 3 elsewhere
hsa-miR-3942-5p -10.26 21 29 18 10 leader
hsa-miR-3943 -2.24 241 250 23 15 elsewhere
hsa-miR-3944-5p -5.07 98 108 20 2 elsewhere
hsa-miR-3944-3p -9.84 185 191 15 9 elsewhere
hsa-miR-3945 -8.95 37 54 19 6 leader
hsa-miR-374c-5p -2.35 109 115 19 13 elsewhere
hsa-miR-374c-3p -3.62 56 63 13 6 leader
hsa-miR-642b-5p -2.81 159 165 22 16 elsewhere
hsa-miR-642b-3p -9.92 236 252 21 4 elsewhere
hsa-miR-550b-2-5p -1.84 60 67 17 10 leader
hsa-miR-548aa -2.57 257 264 19 12 elsewhere
hsa-miR-548o-5p -3.41 185 197 21 5 elsewhere
hsa-miR-1268b -8.59 13 33 20 2 leader
hsa-miR-378e -3.36 232 239 12 5 elsewhere
hsa-miR-548ab -4.62 182 195 15 3 elsewhere
hsa-miR-4418 -4.76 181 188 10 3 elsewhere
hsa-miR-378f -7.05 232 247 18 2 elsewhere
hsa-miR-4420 -15.06 98 117 22 1 elsewhere
hsa-miR-4421 -7.28 182 190 13 5 elsewhere
hsa-miR-4423-5p -6.76 22 28 8 2 leader
hsa-miR-378g -7.28 101 115 15 1 elsewhere
hsa-miR-548ac -2.73 257 264 21 14 elsewhere
hsa-miR-4426 -13.93 165 183 16 1 elsewhere
hsa-miR-4427 -10.31 48 64 20 4 leader
hsa-miR-4428 -8.13 171 182 12 2 elsewhere
hsa-miR-4429 -6.04 94 112 19 3 elsewhere
hsa-miR-4430 -5.84 190 197 16 9 elsewhere
hsa-miR-548ad-5p -3.82 138 148 16 4 elsewhere
hsa-miR-548ad-3p -5.16 148 154 10 4 elsewhere
hsa-miR-4431 -5.93 178 193 22 1 elsewhere
hsa-miR-4432 -9.68 49 60 15 3 leader
hsa-miR-4433a-3p -11.35 36 54 16 1 leader
hsa-miR-4435 -7.8 83 97 20 2 elsewhere
hsa-miR-4436a -13.89 174 193 21 1 elsewhere
hsa-miR-548ae-3p -1.91 258 264 19 13 elsewhere
hsa-miR-548ae-5p -3.82 138 148 16 4 elsewhere
hsa-miR-4438 -6.45 232 240 12 4 elsewhere
hsa-miR-4439 -2.83 60 69 21 13 leader
hsa-miR-4440 -6.48 182 199 18 3 elsewhere
hsa-miR-4441 -10.86 195 211 17 1 elsewhere
hsa-miR-4442 -5.59 40 54 17 6 leader
hsa-miR-4443 -6.52 192 204 14 2 elsewhere
hsa-miR-4444 -8.3 36 42 10 4 leader
hsa-miR-4445-5p -1.35 255 261 15 9 elsewhere
hsa-miR-4446-3p -11.22 82 100 22 3 elsewhere
hsa-miR-4447 -3.87 180 186 8 2 elsewhere
hsa-miR-4449 -5.02 237 248 21 4 elsewhere
hsa-miR-548ag -4.33 185 201 21 7 elsewhere
hsa-miR-4450 -13.01 224 241 22 3 elsewhere
hsa-miR-548ah-5p -3.68 134 148 20 4 elsewhere
hsa-miR-548ah-3p -3.71 162 172 21 11 elsewhere
hsa-miR-4451 -7.37 93 111 17 2 elsewhere
hsa-miR-4453 -10.7 180 195 18 1 elsewhere
hsa-miR-4455 -9.26 222 234 12 2 elsewhere
hsa-miR-4456 -5.3 221 227 8 2 elsewhere
hsa-miR-4457 -3.33 12 18 11 5 leader
hsa-miR-4458 -13.23 179 195 18 3 elsewhere
hsa-miR-4460 -3.36 141 150 10 1 elsewhere
hsa-miR-378h -7.97 222 240 20 4 elsewhere
hsa-miR-3135b -6.91 112 128 19 2 elsewhere
hsa-miR-4462 -10.73 17 37 23 7 leader
hsa-miR-4463 -9.7 188 203 17 1 elsewhere
hsa-miR-4464 -9.41 60 78 18 1 leader
hsa-miR-548ai -4.68 187 193 17 11 elsewhere
hsa-miR-548aj-3p -2.86 257 264 20 13 elsewhere
hsa-miR-548aj-5p -1.54 187 193 20 14 elsewhere
hsa-miR-4465 -15.06 179 195 22 4 elsewhere
hsa-miR-4466 -7.32 98 121 18 1 elsewhere
hsa-miR-4467 -10.89 141 154 15 2 elsewhere
hsa-miR-4468 -13.99 171 186 16 4 elsewhere
hsa-miR-4469 -2.95 243 249 22 16 elsewhere
hsa-miR-4470 -6.77 98 117 20 3 elsewhere
hsa-miR-4471 -5.94 226 241 19 3 elsewhere
hsa-miR-4472 -9.34 12 21 12 2 leader
hsa-miR-4473 -3.17 50 56 20 14 leader
hsa-miR-4474-3p -1.11 89 107 21 2 elsewhere
hsa-miR-4475 -4.71 47 53 7 1 leader
hsa-miR-4476 -9.79 58 78 21 4 leader
hsa-miR-4477a -3.34 162 177 18 8 elsewhere
hsa-miR-4477b -6.17 141 156 20 2 elsewhere
hsa-miR-4478 -7.79 98 112 14 2 elsewhere
hsa-miR-3689c -13.57 10 23 13 1 leader
hsa-miR-3689d -4.5 10 20 11 1 leader
hsa-miR-3689e -12.81 18 34 22 11 leader
hsa-miR-3689f -10.03 18 28 22 10 leader
hsa-miR-4479 -5.06 100 106 10 4 elsewhere
hsa-miR-3155b -8.05 180 195 16 3 elsewhere
hsa-miR-548ak -3.3 187 197 17 5 elsewhere
hsa-miR-4480 -7.83 180 191 13 1 elsewhere
hsa-miR-4481 -13.97 219 234 17 1 elsewhere
hsa-miR-4482-3p -0.13 236 242 21 15 elsewhere
hsa-miR-4483 -9.82 185 195 12 2 elsewhere
hsa-miR-4484 -5.47 179 186 13 6 elsewhere
hsa-miR-4485-3p -3.96 87 95 11 3 elsewhere
hsa-miR-4486 -8.25 236 247 13 2 elsewhere
hsa-miR-4487 -1.59 59 78 19 1 leader
hsa-miR-4488 -4.3 53 67 17 1 leader
hsa-miR-4489 -9.99 181 195 19 3 elsewhere
hsa-miR-548al -3.05 148 154 7 1 elsewhere
hsa-miR-4490 -8.5 232 247 18 2 elsewhere
hsa-miR-4491 -5.01 10 22 17 3 leader
hsa-miR-4492 -8.18 101 117 17 2 elsewhere
hsa-miR-4493 -5.34 256 262 12 6 elsewhere
hsa-miR-4495 -1.89 255 262 19 12 elsewhere
hsa-miR-4496 -12.75 180 206 21 1 elsewhere
hsa-miR-4499 -2.85 41 53 17 6 leader
hsa-miR-4500 -4.1 165 182 17 2 elsewhere
hsa-miR-4501 -9.49 236 248 20 9 elsewhere
hsa-miR-4502 -12.46 220 228 9 1 elsewhere
hsa-miR-4503 -8.27 181 196 18 3 elsewhere
hsa-miR-4505 -7.54 239 249 18 8 elsewhere
hsa-miR-4506 -9.66 182 196 17 4 elsewhere
hsa-miR-2392 -10.82 228 245 20 3 elsewhere
hsa-miR-4507 -9.65 28 42 18 3 leader
hsa-miR-4508 -3.01 241 247 13 7 elsewhere
hsa-miR-4509 -6.75 38 56 20 2 leader
hsa-miR-4510 -9.63 34 53 22 1 leader
hsa-miR-4511 -8.19 185 202 19 4 elsewhere
hsa-miR-4513 -2.09 90 100 12 2 elsewhere
hsa-miR-4514 -6.89 41 54 16 1 leader
hsa-miR-4515 -10.97 188 207 21 2 elsewhere
hsa-miR-4516 -5.92 41 54 16 4 leader
hsa-miR-4517 -9.99 224 244 24 7 elsewhere
hsa-miR-4518 -10.5 221 249 26 1 elsewhere
hsa-miR-4519 -6.26 114 120 11 5 elsewhere
hsa-miR-4520-5p -6.81 121 127 8 2 elsewhere
hsa-miR-4520-3p -8.61 49 64 21 3 leader
hsa-miR-4521 -1.26 156 162 16 10 elsewhere
hsa-miR-1269b -11.58 100 118 21 2 elsewhere
hsa-miR-4522 -7.85 182 190 16 8 elsewhere
hsa-miR-4523 -0.39 61 67 12 6 leader
hsa-miR-4524a-5p -3.71 234 240 17 11 elsewhere
hsa-miR-4524a-3p -2.38 124 132 19 11 elsewhere
hsa-miR-4525 -14.67 219 234 21 5 elsewhere
hsa-miR-4526 -0.2 91 97 9 3 elsewhere
hsa-miR-4527 -11.76 39 59 22 2 leader
hsa-miR-4528 -5.49 232 239 21 14 elsewhere
hsa-miR-4529-5p -7.75 182 201 21 2 elsewhere
hsa-miR-4529-3p -11.27 221 236 16 2 elsewhere
hsa-miR-4530 -7.52 236 248 17 1 elsewhere
hsa-miR-4531 -5.78 54 68 16 2 leader
hsa-miR-4533 -7.61 241 247 20 14 elsewhere
hsa-miR-4534 -13.27 55 71 17 1 leader
hsa-miR-378i -5.43 179 200 21 1 elsewhere
hsa-miR-4535 -7.3 221 240 16 3 elsewhere
hsa-miR-548am-5p -3.41 185 197 21 5 elsewhere
hsa-miR-548am-3p -5.56 161 172 22 11 elsewhere
hsa-miR-1587 -9.31 98 118 20 2 elsewhere
hsa-miR-4536-5p -1.15 174 180 10 4 elsewhere
hsa-miR-4537 -3.23 90 104 21 3 elsewhere
hsa-miR-4538 -11.91 221 240 22 1 elsewhere
hsa-miR-4539 -8.73 98 117 21 1 elsewhere
hsa-miR-4540 -9.71 182 194 17 3 elsewhere
hsa-miR-3960 -12.45 171 194 18 1 elsewhere
hsa-miR-3973 -2.71 111 117 17 11 elsewhere
hsa-miR-3974 -3.28 185 200 23 8 elsewhere
hsa-miR-3975 -4.61 112 118 16 10 elsewhere
hsa-miR-3976 -11.67 59 68 12 3 leader
hsa-miR-3977 -3.34 187 200 21 8 elsewhere
hsa-miR-3978 -11.67 96 119 23 1 elsewhere
hsa-miR-4632-5p -12.65 225 245 21 3 elsewhere
hsa-miR-4633-5p -8.22 16 26 14 4 leader
hsa-miR-4634 -3.31 243 249 18 12 elsewhere
hsa-miR-4635 -3.96 61 80 15 3 leader
hsa-miR-4636 -9.42 160 168 10 2 elsewhere
hsa-miR-4637 -8.3 182 188 13 7 elsewhere
hsa-miR-4638-5p -6.74 170 190 21 5 elsewhere
hsa-miR-4638-3p -7.05 227 248 21 1 elsewhere
hsa-miR-4639-5p -10.13 182 196 18 5 elsewhere
hsa-miR-4639-3p -4.16 258 265 18 11 elsewhere
hsa-miR-4640-5p -9.38 221 240 22 2 elsewhere
hsa-miR-4641 -3.88 259 265 22 16 elsewhere
hsa-miR-4642 -1.99 221 227 20 14 elsewhere
hsa-miR-4644 -10.07 42 68 22 1 leader
hsa-miR-4645-3p -7.86 20 27 20 13 leader
hsa-miR-4646-5p -8.85 16 23 9 2 leader
hsa-miR-4647 -13.5 221 241 22 1 elsewhere
hsa-miR-4648 -3.72 230 242 16 3 elsewhere
hsa-miR-4649-5p -9.52 182 207 23 2 elsewhere
hsa-miR-4649-3p -5.53 185 191 12 6 elsewhere
hsa-miR-4650-3p -5.99 234 243 17 8 elsewhere
hsa-miR-4651 -7.84 171 182 13 2 elsewhere
hsa-miR-4652-5p -6.1 51 67 17 1 leader
hsa-miR-4652-3p -8.76 152 162 11 1 elsewhere
hsa-miR-4653-5p -2.37 101 114 15 4 elsewhere
hsa-miR-4653-3p -9.75 18 43 23 2 leader
hsa-miR-4654 -9.42 225 242 21 3 elsewhere
hsa-miR-4655-5p -9.98 178 193 20 5 elsewhere
hsa-miR-4656 -7.53 185 207 23 2 elsewhere
hsa-miR-4657 -7.89 182 195 20 8 elsewhere
hsa-miR-4658 -9.18 181 197 21 1 elsewhere
hsa-miR-4659a-3p -1.98 203 212 22 11 elsewhere
hsa-miR-4660 -5.03 96 107 13 1 elsewhere
hsa-miR-4661-5p -9.4 182 192 15 4 elsewhere
hsa-miR-4662a-3p -8.1 174 182 10 2 elsewhere
hsa-miR-4659b-3p -7.53 188 194 22 16 elsewhere
hsa-miR-4663 -5.0 102 115 24 2 elsewhere
hsa-miR-4662b -7.89 174 182 10 2 elsewhere
hsa-miR-4664-3p -6.53 192 199 16 9 elsewhere
hsa-miR-4665-5p -9.05 185 203 23 5 elsewhere
hsa-miR-4667-5p -13.02 47 68 19 3 leader
hsa-miR-4667-3p -4.08 147 167 21 4 elsewhere
hsa-miR-4668-5p -3.11 54 67 21 1 leader
hsa-miR-4668-3p -1.61 255 261 14 8 elsewhere
hsa-miR-219b-5p -5.43 87 94 15 8 elsewhere
hsa-miR-219b-3p -6.5 59 72 22 8 leader
hsa-miR-4669 -4.35 179 198 20 1 elsewhere
hsa-miR-4670-3p -1.84 73 79 7 1 leader
hsa-miR-4671-5p -8.93 111 119 19 11 elsewhere
hsa-miR-4671-3p -5.84 114 120 9 3 elsewhere
hsa-miR-4672 -4.79 58 64 17 11 leader
hsa-miR-4673 -6.29 175 186 17 6 elsewhere
hsa-miR-4676-5p -4.64 144 151 21 14 elsewhere
hsa-miR-4677-5p -0.79 252 258 13 7 elsewhere
hsa-miR-4677-3p -5.8 236 242 11 5 elsewhere
hsa-miR-4678 -3.47 12 18 7 1 leader
hsa-miR-4679 -3.79 45 57 15 1 leader
hsa-miR-4680-5p -10.09 182 202 20 2 elsewhere
hsa-miR-4680-3p -5.73 185 202 19 4 elsewhere
hsa-miR-4681 -3.47 195 209 19 2 elsewhere
hsa-miR-4682 -8.16 233 242 20 11 elsewhere
hsa-miR-4683 -4.2 39 51 12 2 leader
hsa-miR-4684-5p -1.37 208 215 21 14 elsewhere
hsa-miR-4684-3p -5.8 39 56 22 3 leader
hsa-miR-4685-5p -5.67 232 239 13 6 elsewhere
hsa-miR-4686 -1.44 109 115 12 6 elsewhere
hsa-miR-4687-5p -4.0 246 252 19 13 elsewhere
hsa-miR-4687-3p -5.71 58 75 20 2 leader
hsa-miR-1343-5p -5.74 179 195 21 5 elsewhere
hsa-miR-1343-3p -7.29 18 24 9 3 leader
hsa-miR-4688 -11.38 179 194 16 2 elsewhere
hsa-miR-4689 -5.35 198 212 22 8 elsewhere
hsa-miR-4690-5p -8.73 224 244 21 6 elsewhere
hsa-miR-4690-3p -6.7 235 249 18 4 elsewhere
hsa-miR-4691-3p -7.92 114 121 23 16 elsewhere
hsa-miR-4692 -10.06 182 195 21 3 elsewhere
hsa-miR-4693-3p -3.73 36 45 9 1 leader
hsa-miR-4694-5p -3.16 23 33 10 2 leader
hsa-miR-4694-3p -3.74 52 64 18 6 leader
hsa-miR-4695-5p -12.97 171 185 18 1 elsewhere
hsa-miR-4696 -1.48 49 55 7 1 leader
hsa-miR-4697-5p -3.25 61 67 7 1 leader
hsa-miR-4697-3p -5.49 149 158 10 1 elsewhere
hsa-miR-4698 -10.25 174 187 19 7 elsewhere
hsa-miR-4699-5p -7.57 170 184 15 1 elsewhere
hsa-miR-4699-3p -5.41 51 57 14 8 leader
hsa-miR-4700-5p -10.69 227 245 22 6 elsewhere
hsa-miR-4701-5p -2.11 246 257 15 1 elsewhere
hsa-miR-4701-3p -12.6 225 243 19 1 elsewhere
hsa-miR-4703-5p -0.62 208 214 9 3 elsewhere
hsa-miR-4703-3p -7.49 124 142 19 3 elsewhere
hsa-miR-4704-5p -13.88 94 117 21 1 elsewhere
hsa-miR-4705 -4.28 141 156 18 1 elsewhere
hsa-miR-4706 -7.11 15 21 10 4 leader
hsa-miR-4707-5p -6.88 233 249 23 7 elsewhere
hsa-miR-4707-3p -5.57 98 105 17 10 elsewhere
hsa-miR-4708-3p -5.97 189 195 11 5 elsewhere
hsa-miR-4709-5p -4.26 144 150 10 4 elsewhere
hsa-miR-4709-3p -3.03 183 195 22 10 elsewhere
hsa-miR-203b-5p -1.87 188 194 8 2 elsewhere
hsa-miR-203b-3p -4.69 186 202 21 3 elsewhere
hsa-miR-4710 -10.69 226 245 18 1 elsewhere
hsa-miR-4711-5p -10.26 171 193 23 2 elsewhere
hsa-miR-4711-3p -2.91 158 165 8 1 elsewhere
hsa-miR-4712-5p -6.69 55 65 14 4 leader
hsa-miR-4712-3p -8.61 227 241 19 6 elsewhere
hsa-miR-4713-3p -5.75 179 186 21 14 elsewhere
hsa-miR-4714-5p -3.33 223 249 22 2 elsewhere
hsa-miR-4714-3p -10.61 227 239 14 3 elsewhere
hsa-miR-4715-5p -14.66 176 195 22 1 elsewhere
hsa-miR-4715-3p -10.83 101 119 20 1 elsewhere
hsa-miR-4716-3p -11.42 15 21 11 5 leader
hsa-miR-3529-5p -10.19 160 181 22 1 elsewhere
hsa-miR-4717-5p -2.86 85 104 17 3 elsewhere
hsa-miR-4717-3p -5.18 187 211 21 3 elsewhere
hsa-miR-4718 -6.59 236 242 16 10 elsewhere
hsa-miR-4719 -4.94 227 240 19 5 elsewhere
hsa-miR-4720-5p -7.07 10 24 19 1 leader
hsa-miR-4720-3p -2.06 127 134 14 7 elsewhere
hsa-miR-4721 -6.9 91 106 20 6 elsewhere
hsa-miR-4722-5p -5.23 33 54 23 2 leader
hsa-miR-4722-3p -7.86 183 199 22 3 elsewhere
hsa-miR-4520-2-3p -7.84 82 96 22 5 elsewhere
hsa-miR-4723-5p -8.54 48 67 22 3 leader
hsa-miR-451b -8.12 47 54 10 3 leader
hsa-miR-4725-5p -11.27 187 201 14 2 elsewhere
hsa-miR-4725-3p -9.47 15 21 9 3 leader
hsa-miR-4726-5p -12.47 228 245 22 2 elsewhere
hsa-miR-4727-5p -3.83 144 159 21 3 elsewhere
hsa-miR-4727-3p -6.99 16 22 11 5 leader
hsa-miR-4728-5p -12.66 184 207 23 3 elsewhere
hsa-miR-4729 -7.69 16 22 19 13 leader
hsa-miR-4730 -5.57 227 247 21 1 elsewhere
hsa-miR-4731-5p -5.9 17 23 9 3 leader
hsa-miR-4731-3p -4.6 184 195 17 6 elsewhere
hsa-miR-4732-5p -10.27 49 65 19 4 leader
hsa-miR-4732-3p -7.81 155 163 18 10 elsewhere
hsa-miR-4733-3p -6.41 46 61 22 5 leader
hsa-miR-4734 -4.56 98 117 20 1 elsewhere
hsa-miR-4736 -12.42 19 33 16 2 leader
hsa-miR-4737 -7.84 170 187 19 2 elsewhere
hsa-miR-3064-5p -9.16 227 247 19 2 elsewhere
hsa-miR-3064-3p -3.52 86 92 9 3 elsewhere
hsa-miR-4738-5p -2.0 207 213 9 3 elsewhere
hsa-miR-4738-3p -19.41 181 204 22 1 elsewhere
hsa-miR-4739 -7.26 179 186 20 13 elsewhere
hsa-miR-4740-5p -3.79 242 248 19 13 elsewhere
hsa-miR-4740-3p -6.17 178 190 12 1 elsewhere
hsa-miR-4742-5p -4.63 51 67 22 9 leader
hsa-miR-4742-3p -9.68 183 190 23 16 elsewhere
hsa-miR-4743-5p -13.04 227 247 21 4 elsewhere
hsa-miR-4743-3p -3.96 155 161 8 2 elsewhere
hsa-miR-122b-5p -2.18 148 155 18 11 elsewhere
hsa-miR-122b-3p -5.17 246 254 19 11 elsewhere
hsa-miR-4745-5p -3.28 148 154 23 17 elsewhere
hsa-miR-4745-3p -3.46 148 155 13 6 elsewhere
hsa-miR-4746-5p -9.49 182 199 23 1 elsewhere
hsa-miR-4746-3p -6.5 182 194 17 1 elsewhere
hsa-miR-4747-5p -9.63 15 21 8 2 leader
hsa-miR-4747-3p -9.36 235 249 17 4 elsewhere
hsa-miR-4748 -14.01 53 71 20 4 leader
hsa-miR-4749-5p -6.23 45 66 22 4 leader
hsa-miR-4750-5p -12.64 224 248 19 1 elsewhere
hsa-miR-4751 -12.41 179 207 24 4 elsewhere
hsa-miR-4752 -10.08 226 240 22 5 elsewhere
hsa-miR-4753-5p -9.69 59 67 22 14 leader
hsa-miR-4753-3p -5.14 161 167 22 16 elsewhere
hsa-miR-371b-5p -5.12 165 185 21 4 elsewhere
hsa-miR-371b-3p -6.36 116 122 23 17 elsewhere
hsa-miR-4754 -10.88 224 243 21 3 elsewhere
hsa-miR-4755-5p -5.97 233 248 18 4 elsewhere
hsa-miR-499b-5p -4.12 219 240 20 3 elsewhere
hsa-miR-499b-3p -6.04 50 56 14 8 leader
hsa-miR-4756-3p -4.49 22 28 16 10 leader
hsa-miR-4757-3p -1.0 235 241 19 13 elsewhere
hsa-miR-4758-5p -7.17 100 123 23 1 elsewhere
hsa-miR-4759 -8.49 229 236 13 6 elsewhere
hsa-miR-4760-5p -5.0 221 237 16 1 elsewhere
hsa-miR-4761-5p -8.0 221 234 19 4 elsewhere
hsa-miR-4761-3p -3.17 102 112 12 3 elsewhere
hsa-miR-4762-5p -6.37 235 241 21 15 elsewhere
hsa-miR-4762-3p -2.9 162 168 19 13 elsewhere
hsa-miR-4763-3p -8.77 171 195 24 1 elsewhere
hsa-miR-4764-5p -8.35 228 235 8 1 elsewhere
hsa-miR-4764-3p -5.71 246 253 18 11 elsewhere
hsa-miR-4765 -4.58 89 101 17 1 elsewhere
hsa-miR-4766-5p -9.44 35 57 18 1 leader
hsa-miR-4766-3p -6.5 254 264 19 8 elsewhere
hsa-miR-4768-5p -3.77 231 248 22 7 elsewhere
hsa-miR-4768-3p -12.04 40 53 17 2 leader
hsa-miR-4769-5p -13.35 10 37 23 1 leader
hsa-miR-4770 -6.98 194 206 16 4 elsewhere
hsa-miR-4771 -2.64 234 240 10 4 elsewhere
hsa-miR-4772-5p -7.98 182 195 20 6 elsewhere
hsa-miR-4772-3p -5.13 21 27 16 10 leader
hsa-miR-4773 -11.23 40 61 20 1 leader
hsa-miR-4774-5p -5.79 102 111 13 4 elsewhere
hsa-miR-4775 -6.93 250 259 21 12 elsewhere
hsa-miR-4776-5p -7.49 48 65 20 3 leader
hsa-miR-4777-5p -7.55 230 237 9 2 elsewhere
hsa-miR-4777-3p -11.3 225 238 20 8 elsewhere
hsa-miR-4778-3p -5.84 181 187 18 12 elsewhere
hsa-miR-4779 -7.84 52 67 21 5 leader
hsa-miR-4780 -5.55 234 249 13 1 elsewhere
hsa-miR-4436b-3p -6.14 43 65 19 2 leader
hsa-miR-4781-5p -4.22 36 54 21 3 leader
hsa-miR-4781-3p -1.98 236 242 12 6 elsewhere
hsa-miR-4782-5p -6.92 219 237 20 2 elsewhere
hsa-miR-4782-3p -5.35 232 238 20 14 elsewhere
hsa-miR-4783-5p -4.71 242 248 20 14 elsewhere
hsa-miR-4783-3p -0.96 224 230 12 6 elsewhere
hsa-miR-4784 -6.34 177 184 10 3 elsewhere
hsa-miR-1245b-5p -4.07 3 12 10 1 elsewhere
hsa-miR-1245b-3p -8.08 219 225 10 4 elsewhere
hsa-miR-2467-3p -9.73 165 186 19 2 elsewhere
hsa-miR-4786-5p -8.31 230 242 18 1 elsewhere
hsa-miR-4786-3p -6.1 184 204 21 1 elsewhere
hsa-miR-4787-5p -4.13 147 153 16 10 elsewhere
hsa-miR-4788 -6.48 189 210 22 2 elsewhere
hsa-miR-4789-3p -4.5 52 63 19 8 leader
hsa-miR-4790-3p -1.08 148 154 17 11 elsewhere
hsa-miR-4791 -1.92 149 155 13 7 elsewhere
hsa-miR-4793-5p -3.41 180 186 24 18 elsewhere
hsa-miR-4793-3p -10.57 32 57 21 1 leader
hsa-miR-4794 -6.12 196 205 22 13 elsewhere
hsa-miR-4795-5p -5.7 188 195 10 3 elsewhere
hsa-miR-4795-3p -3.26 231 237 22 16 elsewhere
hsa-miR-4796-5p -4.0 154 160 16 10 elsewhere
hsa-miR-4796-3p -8.71 174 195 20 3 elsewhere
hsa-miR-4797-3p -9.1 185 197 21 6 elsewhere
hsa-miR-4798-3p -0.8 237 243 12 6 elsewhere
hsa-miR-4799-5p -8.13 101 118 22 8 elsewhere
hsa-miR-4799-3p -7.4 102 115 13 1 elsewhere
hsa-miR-4802-5p -3.23 65 78 15 5 leader
hsa-miR-4802-3p -10.09 192 211 23 2 elsewhere
hsa-miR-4803 -2.49 43 49 21 15 leader
hsa-miR-4804-5p -8.33 137 151 16 4 elsewhere
hsa-miR-4999-5p -3.37 144 163 21 4 elsewhere
hsa-miR-5000-3p -4.49 232 238 22 16 elsewhere
hsa-miR-5001-5p -6.96 236 244 24 16 elsewhere
hsa-miR-5002-5p -5.34 29 35 10 4 leader
hsa-miR-5003-5p -6.96 175 189 23 11 elsewhere
hsa-miR-5003-3p -8.45 224 237 19 7 elsewhere
hsa-miR-5004-5p -9.45 51 66 14 2 leader
hsa-miR-5004-3p -7.58 232 248 16 1 elsewhere
hsa-miR-548ao-3p -8.07 184 202 22 3 elsewhere
hsa-miR-5006-5p -14.81 175 190 20 3 elsewhere
hsa-miR-5007-5p -4.87 219 240 21 3 elsewhere
hsa-miR-5007-3p -1.66 7 14 12 5 leader
hsa-miR-548ap-5p -6.77 187 197 17 5 elsewhere
hsa-miR-548ap-3p -2.33 257 264 19 12 elsewhere
hsa-miR-5008-5p -2.41 144 150 22 16 elsewhere
hsa-miR-5009-5p -8.31 17 39 23 1 leader
hsa-miR-5009-3p -3.33 39 45 16 10 leader
hsa-miR-5010-5p -9.35 171 184 15 2 elsewhere
hsa-miR-5010-3p -5.3 160 167 9 2 elsewhere
hsa-miR-5011-5p -7.73 85 95 18 8 elsewhere
hsa-miR-5011-3p -0.71 195 201 13 7 elsewhere
hsa-miR-5047 -0.63 97 107 13 2 elsewhere
hsa-miR-5087 -8.0 20 33 19 2 leader
hsa-miR-5088-5p -11.64 36 61 24 1 leader
hsa-miR-5088-3p -4.08 235 248 19 10 elsewhere
hsa-miR-5089-5p -7.74 104 123 19 1 elsewhere
hsa-miR-5089-3p -4.68 236 249 18 6 elsewhere
hsa-miR-5090 -8.63 181 199 21 1 elsewhere
hsa-miR-5091 -14.14 225 246 23 2 elsewhere
hsa-miR-5092 -4.81 104 116 20 7 elsewhere
hsa-miR-5093 -9.52 189 207 23 2 elsewhere
hsa-miR-5094 -0.27 6 12 22 16 elsewhere
hsa-miR-5186 -6.81 31 51 21 1 leader
hsa-miR-5187-5p -13.47 36 54 21 5 leader
hsa-miR-5189-5p -7.77 171 196 23 3 elsewhere
hsa-miR-5190 -0.3 236 242 20 14 elsewhere
hsa-miR-5191 -4.43 176 182 7 1 elsewhere
hsa-miR-5192 -8.15 46 67 22 2 leader
hsa-miR-5194 -11.89 176 196 22 1 elsewhere
hsa-miR-5195-5p -8.15 230 249 21 2 elsewhere
hsa-miR-5195-3p -5.66 61 76 20 5 leader
hsa-miR-5196-5p -17.45 36 67 21 1 leader
hsa-miR-5197-5p -4.93 148 155 8 1 elsewhere
hsa-miR-5197-3p -2.42 197 203 12 6 elsewhere
hsa-miR-4524b-5p -6.73 185 194 18 6 elsewhere
hsa-miR-4524b-3p -4.87 53 66 15 1 leader
hsa-miR-5571-5p -4.98 235 241 18 12 elsewhere
hsa-miR-5571-3p -1.62 179 185 11 5 elsewhere
hsa-miR-5100 -0.55 149 155 16 10 elsewhere
hsa-miR-5572 -7.8 53 69 20 2 leader
hsa-miR-548aq-5p -3.57 141 151 11 1 elsewhere
hsa-miR-548aq-3p -0.68 257 264 20 13 elsewhere
hsa-miR-548ar-5p -4.21 187 193 17 11 elsewhere
hsa-miR-548ar-3p -1.98 135 141 16 10 elsewhere
hsa-miR-548as-5p -6.14 182 195 15 3 elsewhere
hsa-miR-664b-5p -10.04 170 191 23 2 elsewhere
hsa-miR-664b-3p -3.87 259 265 11 5 elsewhere
hsa-miR-5581-5p -7.99 179 191 14 1 elsewhere
hsa-miR-5581-3p -5.71 72 78 21 15 leader
hsa-miR-548at-5p -4.01 185 193 21 11 elsewhere
hsa-miR-548at-3p -4.25 144 154 14 4 elsewhere
hsa-miR-5582-5p -4.84 73 94 17 1 leader
hsa-miR-5582-3p -7.13 232 238 22 16 elsewhere
hsa-miR-5583-5p -0.17 246 252 14 8 elsewhere
hsa-miR-5583-3p -4.71 138 148 19 8 elsewhere
hsa-miR-5584-5p -8.43 16 22 15 9 leader
hsa-miR-5585-5p -5.72 40 59 22 2 leader
hsa-miR-5585-3p -4.16 50 60 21 12 leader
hsa-miR-5586-5p -7.41 185 192 12 5 elsewhere
hsa-miR-5586-3p -7.3 90 100 14 3 elsewhere
hsa-miR-5587-5p -4.27 236 255 18 3 elsewhere
hsa-miR-5587-3p -7.67 228 248 15 3 elsewhere
hsa-miR-548au-5p -3.86 187 193 17 11 elsewhere
hsa-miR-548au-3p -4.58 184 194 17 2 elsewhere
hsa-miR-1295b-5p -9.46 51 61 15 5 leader
hsa-miR-1295b-3p -4.86 52 68 19 3 leader
hsa-miR-5588-5p -1.44 235 241 19 13 elsewhere
hsa-miR-5589-5p -8.34 102 122 21 4 elsewhere
hsa-miR-5589-3p -5.54 233 243 17 6 elsewhere
hsa-miR-5590-5p -5.29 78 92 19 3 elsewhere
hsa-miR-5590-3p -6.7 72 79 10 3 leader
hsa-miR-5591-5p -7.46 50 66 18 2 leader
hsa-miR-5591-3p -3.75 233 239 15 9 elsewhere
hsa-miR-548av-5p -11.61 182 195 15 3 elsewhere
hsa-miR-548av-3p -3.71 162 172 19 9 elsewhere
hsa-miR-5682 -10.28 181 197 16 1 elsewhere
hsa-miR-5683 -2.99 56 62 14 8 leader
hsa-miR-5684 -5.72 186 192 12 6 elsewhere
hsa-miR-548ax -4.83 185 197 20 5 elsewhere
hsa-miR-5685 -5.79 180 201 22 3 elsewhere
hsa-miR-5692c -3.76 229 235 20 14 elsewhere
hsa-miR-5687 -4.7 64 80 16 1 leader
hsa-miR-5688 -0.62 245 251 13 7 elsewhere
hsa-miR-5681b -0.01 124 130 9 3 elsewhere
hsa-miR-5689 -8.25 175 194 22 1 elsewhere
hsa-miR-5690 -2.23 88 94 8 2 elsewhere
hsa-miR-5692a -2.78 116 134 22 3 elsewhere
hsa-miR-5693 -3.08 181 194 19 3 elsewhere
hsa-miR-5694 -3.17 190 205 21 7 elsewhere
hsa-miR-5695 -7.12 232 240 19 11 elsewhere
hsa-miR-5696 -10.47 186 196 17 7 elsewhere
hsa-miR-5697 -6.81 177 195 18 3 elsewhere
hsa-miR-5698 -9.12 111 121 16 6 elsewhere
hsa-miR-5699-3p -7.3 155 161 7 1 elsewhere
hsa-miR-5700 -4.3 111 118 11 4 elsewhere
hsa-miR-5702 -0.98 208 214 14 8 elsewhere
hsa-miR-5703 -11.91 14 21 18 11 leader
hsa-miR-5692b -3.98 229 235 20 14 elsewhere
hsa-miR-5704 -0.61 127 133 22 16 elsewhere
hsa-miR-5705 -3.73 185 195 22 8 elsewhere
hsa-miR-5706 -10.81 224 237 18 2 elsewhere
hsa-miR-5707 -5.93 49 72 21 2 leader
hsa-miR-5708 -3.52 186 205 17 1 elsewhere
hsa-miR-5739 -9.82 58 72 16 2 leader
hsa-miR-5787 -14.61 14 33 20 1 leader
hsa-miR-1199-5p -8.33 84 102 20 2 elsewhere
hsa-miR-1199-3p -6.39 96 107 11 1 elsewhere
hsa-miR-6068 -6.03 36 56 21 2 leader
hsa-miR-6069 -8.74 185 191 14 8 elsewhere
hsa-miR-6072 -1.33 247 253 13 7 elsewhere
hsa-miR-6073 -4.76 167 180 13 1 elsewhere
hsa-miR-6074 -9.78 230 240 19 9 elsewhere
hsa-miR-6075 -5.17 186 201 18 3 elsewhere
hsa-miR-6076 -10.11 173 191 20 1 elsewhere
hsa-miR-6078 -0.85 195 201 18 12 elsewhere
hsa-miR-6079 -7.32 225 241 24 4 elsewhere
hsa-miR-6080 -4.34 197 209 19 7 elsewhere
hsa-miR-6081 -3.78 189 195 9 3 elsewhere
hsa-miR-6083 -6.75 193 203 20 10 elsewhere
hsa-miR-6085 -5.9 60 78 17 1 leader
hsa-miR-6086 -12.98 15 28 14 1 leader
hsa-miR-6088 -8.49 15 21 18 12 leader
hsa-miR-6089 -8.57 183 203 24 2 elsewhere
hsa-miR-6090 -11.06 171 186 17 1 elsewhere
hsa-miR-6124 -11.13 15 33 19 1 leader
hsa-miR-6125 -9.96 172 186 16 1 elsewhere
hsa-miR-6126 -7.49 238 249 17 7 elsewhere
hsa-miR-6127 -10.71 180 195 18 3 elsewhere
hsa-miR-6128 -2.9 192 204 14 3 elsewhere
hsa-miR-378j -7.51 232 247 18 2 elsewhere
hsa-miR-6129 -11.31 36 44 12 4 leader
hsa-miR-6130 -7.05 56 67 14 3 leader
hsa-miR-6131 -5.95 171 186 15 2 elsewhere
hsa-miR-6132 -7.05 17 23 14 8 leader
hsa-miR-6133 -14.58 36 50 16 2 leader
hsa-miR-6134 -6.52 182 195 19 3 elsewhere
hsa-miR-6165 -15.61 171 186 19 3 elsewhere
hsa-miR-6499-5p -4.97 234 247 18 1 elsewhere
hsa-miR-6499-3p -4.54 26 32 13 7 leader
hsa-miR-548ay-5p -3.98 134 148 20 4 elsewhere
hsa-miR-548az-5p -3.68 134 148 21 5 elsewhere
hsa-miR-6501-3p -19.74 183 195 16 4 elsewhere
hsa-miR-6502-5p -2.76 152 158 21 15 elsewhere
hsa-miR-6502-3p -2.97 256 262 13 7 elsewhere
hsa-miR-6503-5p -7.92 52 60 9 1 leader
hsa-miR-6504-5p -11.78 225 237 13 1 elsewhere
hsa-miR-6504-3p -4.24 89 95 16 10 elsewhere
hsa-miR-6505-5p -5.28 177 185 15 7 elsewhere
hsa-miR-6506-3p -4.63 45 57 14 1 leader
hsa-miR-6507-5p -5.27 47 65 15 3 leader
hsa-miR-6507-3p -2.66 256 263 20 13 elsewhere
hsa-miR-6508-3p -4.29 85 93 11 3 elsewhere
hsa-miR-6509-5p -13.53 179 196 19 3 elsewhere
hsa-miR-6510-5p -16.33 170 186 21 3 elsewhere
hsa-miR-6510-3p -9.85 183 200 21 2 elsewhere
hsa-miR-6511a-5p -8.84 174 186 16 4 elsewhere
hsa-miR-6512-5p -5.78 179 185 13 7 elsewhere
hsa-miR-6513-5p -4.57 18 24 7 1 leader
hsa-miR-6514-5p -7.8 99 121 22 5 elsewhere
hsa-miR-6515-5p -9.06 9 20 14 3 leader
hsa-miR-6715a-3p -8.69 183 202 21 3 elsewhere
hsa-miR-6715b-5p -5.04 28 34 18 12 leader
hsa-miR-6715b-3p -11.06 183 202 22 4 elsewhere
hsa-miR-6716-5p -7.4 48 66 18 2 leader
hsa-miR-6717-5p -9.33 181 206 21 2 elsewhere
hsa-miR-6511b-5p -9.53 172 193 22 3 elsewhere
hsa-miR-6511b-3p -9.97 184 190 23 17 elsewhere
hsa-miR-6718-5p -5.87 179 194 14 2 elsewhere
hsa-miR-6719-3p -5.31 142 154 16 4 elsewhere
hsa-miR-6720-5p -5.87 185 201 22 5 elsewhere
hsa-miR-6720-3p -16.91 175 193 22 2 elsewhere
hsa-miR-6721-5p -8.77 180 194 23 6 elsewhere
hsa-miR-6722-5p -6.53 242 255 13 2 elsewhere
hsa-miR-6722-3p -7.26 171 187 17 1 elsewhere
hsa-miR-892c-3p -2.25 96 102 20 14 elsewhere
hsa-miR-6726-5p -14.67 50 66 20 2 leader
hsa-miR-6727-5p -8.96 98 112 19 5 elsewhere
hsa-miR-6728-5p -6.34 179 204 22 2 elsewhere
hsa-miR-6729-5p -14.83 189 207 22 2 elsewhere
hsa-miR-6730-5p -12.99 165 184 20 1 elsewhere
hsa-miR-6731-5p -10.12 58 67 12 3 leader
hsa-miR-6732-5p -7.64 36 53 18 1 leader
hsa-miR-6733-3p -7.36 233 248 20 7 elsewhere
hsa-miR-6734-5p -9.59 41 67 23 7 leader
hsa-miR-6735-5p -8.96 45 65 22 2 leader
hsa-miR-6735-3p -6.61 183 191 10 2 elsewhere
hsa-miR-6736-5p -6.12 91 102 12 1 elsewhere
hsa-miR-6737-5p -1.03 216 225 14 5 elsewhere
hsa-miR-6738-5p -10.33 171 186 22 7 elsewhere
hsa-miR-6738-3p -10.54 184 190 12 6 elsewhere
hsa-miR-6739-3p -7.18 155 163 11 3 elsewhere
hsa-miR-6740-5p -11.21 58 76 20 1 leader
hsa-miR-6741-5p -9.36 221 230 14 5 elsewhere
hsa-miR-6742-3p -6.63 16 25 10 1 leader
hsa-miR-6743-5p -6.32 170 177 17 10 elsewhere
hsa-miR-6744-5p -9.07 140 154 16 3 elsewhere
hsa-miR-6744-3p -8.25 183 193 23 12 elsewhere
hsa-miR-6745 -8.54 169 186 21 4 elsewhere
hsa-miR-6746-5p -8.97 186 208 21 2 elsewhere
hsa-miR-6746-3p -3.45 88 94 7 1 elsewhere
hsa-miR-6747-5p -6.29 228 234 9 3 elsewhere
hsa-miR-6748-5p -11.48 15 29 14 1 leader
hsa-miR-6748-3p -6.87 155 161 7 1 elsewhere
hsa-miR-6749-5p -8.89 15 25 17 5 leader
hsa-miR-6749-3p -7.6 20 26 16 10 leader
hsa-miR-6750-5p -8.85 225 241 22 4 elsewhere
hsa-miR-6751-5p -14.22 20 44 23 3 leader
hsa-miR-6751-3p -3.36 109 115 7 1 elsewhere
hsa-miR-6752-5p -10.57 9 20 12 1 leader
hsa-miR-6753-5p -6.59 49 65 18 5 leader
hsa-miR-6753-3p -4.02 185 191 8 2 elsewhere
hsa-miR-6754-5p -8.82 28 42 17 3 leader
hsa-miR-6754-3p -9.03 184 190 22 16 elsewhere
hsa-miR-6755-5p -6.42 174 182 10 2 elsewhere
hsa-miR-6755-3p -1.36 23 29 7 1 leader
hsa-miR-6756-5p -7.53 176 195 19 2 elsewhere
hsa-miR-6757-5p -10.1 230 245 21 4 elsewhere
hsa-miR-6758-5p -12.69 10 21 20 8 leader
hsa-miR-6759-5p -10.22 180 198 17 2 elsewhere
hsa-miR-6759-3p -4.69 256 265 15 6 elsewhere
hsa-miR-6760-5p -11.28 175 186 15 4 elsewhere
hsa-miR-6761-5p -6.39 52 67 20 5 leader
hsa-miR-6762-5p -18.33 185 204 21 1 elsewhere
hsa-miR-6762-3p -0.13 213 219 7 1 elsewhere
hsa-miR-6763-5p -11.89 16 34 19 2 leader
hsa-miR-6764-5p -6.07 37 60 22 6 leader
hsa-miR-6765-5p -11.88 227 244 25 5 elsewhere
hsa-miR-6765-3p -3.67 236 250 18 2 elsewhere
hsa-miR-6766-5p -14.25 48 72 24 1 leader
hsa-miR-6766-3p -1.35 129 135 7 1 elsewhere
hsa-miR-6767-5p -5.99 83 96 21 6 elsewhere
hsa-miR-6768-5p -4.68 236 243 20 13 elsewhere
hsa-miR-6768-3p -1.35 86 93 12 5 elsewhere
hsa-miR-6769a-5p -4.12 62 68 16 10 leader
hsa-miR-6770-5p -9.31 184 192 19 11 elsewhere
hsa-miR-6770-3p -3.82 188 194 9 3 elsewhere
hsa-miR-6771-5p -10.62 7 21 18 4 leader
hsa-miR-6772-5p -15.25 98 122 21 1 elsewhere
hsa-miR-6774-5p -4.84 19 25 7 1 leader
hsa-miR-6774-3p -9.82 152 166 19 1 elsewhere
hsa-miR-6775-5p -10.86 15 21 17 11 leader
hsa-miR-6776-5p -10.97 107 122 18 3 elsewhere
hsa-miR-6777-5p -10.45 182 205 23 1 elsewhere
hsa-miR-6778-5p -13.7 50 71 21 2 leader
hsa-miR-6779-5p -11.64 15 23 9 1 leader
hsa-miR-6780a-5p -9.44 15 22 9 2 leader
hsa-miR-6781-5p -5.27 45 51 13 7 leader
hsa-miR-6782-5p -6.76 161 182 25 3 elsewhere
hsa-miR-6782-3p -5.9 159 167 13 5 elsewhere
hsa-miR-6783-5p -0.69 179 185 7 1 elsewhere
hsa-miR-6783-3p -8.75 229 248 20 3 elsewhere
hsa-miR-6784-5p -7.93 230 249 16 1 elsewhere
hsa-miR-6785-5p -11.88 220 245 21 3 elsewhere
hsa-miR-6786-5p -10.19 189 209 19 1 elsewhere
hsa-miR-6787-5p -4.32 175 186 13 3 elsewhere
hsa-miR-6787-3p -0.23 88 94 10 4 elsewhere
hsa-miR-6788-5p -7.86 17 23 7 1 leader
hsa-miR-6788-3p -8.75 183 189 22 16 elsewhere
hsa-miR-6789-5p -4.81 241 248 18 11 elsewhere
hsa-miR-6789-3p -4.25 159 171 14 2 elsewhere
hsa-miR-6790-5p -8.31 97 123 22 1 elsewhere
hsa-miR-6790-3p -5.64 149 156 13 6 elsewhere
hsa-miR-6791-5p -4.18 98 104 14 8 elsewhere
hsa-miR-6792-5p -11.4 177 197 20 1 elsewhere
hsa-miR-6793-5p -9.83 221 242 22 3 elsewhere
hsa-miR-6794-5p -6.61 189 203 20 5 elsewhere
hsa-miR-6795-5p -12.17 47 67 20 3 leader
hsa-miR-6796-5p -6.76 61 75 17 3 leader
hsa-miR-6797-5p -11.79 15 21 11 5 leader
hsa-miR-6798-5p -12.29 164 184 21 4 elsewhere
hsa-miR-6798-3p -6.58 183 189 21 15 elsewhere
hsa-miR-6799-5p -14.39 11 21 11 1 leader
hsa-miR-6800-5p -8.74 84 99 21 4 elsewhere
hsa-miR-6801-5p -7.38 186 195 17 8 elsewhere
hsa-miR-6802-5p -6.51 224 236 17 1 elsewhere
hsa-miR-6802-3p -8.04 190 200 22 13 elsewhere
hsa-miR-6803-5p -11.05 107 125 22 5 elsewhere
hsa-miR-6804-5p -3.25 12 19 9 2 leader
hsa-miR-6804-3p -3.95 236 252 17 1 elsewhere
hsa-miR-6805-5p -15.72 181 195 19 5 elsewhere
hsa-miR-6806-5p -8.0 181 198 18 1 elsewhere
hsa-miR-6806-3p -11.4 183 204 22 1 elsewhere
hsa-miR-6807-5p -2.86 62 76 21 8 leader
hsa-miR-6807-3p -3.6 20 26 18 12 leader
hsa-miR-6808-5p -8.94 176 186 15 4 elsewhere
hsa-miR-6808-3p -9.27 183 206 21 5 elsewhere
hsa-miR-6809-5p -6.75 178 194 20 2 elsewhere
hsa-miR-6810-5p -8.16 49 66 22 3 leader
hsa-miR-6811-5p -8.06 184 193 13 3 elsewhere
hsa-miR-6811-3p -7.27 183 199 21 4 elsewhere
hsa-miR-6812-5p -14.37 15 34 19 2 leader
hsa-miR-6814-5p -2.49 124 130 20 14 elsewhere
hsa-miR-6814-3p -2.08 246 253 10 3 elsewhere
hsa-miR-6815-5p -6.53 179 196 17 1 elsewhere
hsa-miR-6815-3p -4.24 246 262 19 3 elsewhere
hsa-miR-6816-5p -2.84 59 65 13 7 leader
hsa-miR-6817-5p -9.9 228 241 23 11 elsewhere
hsa-miR-6818-5p -12.49 107 127 21 1 elsewhere
hsa-miR-6818-3p -3.88 147 166 22 1 elsewhere
hsa-miR-6819-5p -5.88 180 186 12 6 elsewhere
hsa-miR-6820-5p -4.21 140 153 14 2 elsewhere
hsa-miR-6821-5p -6.02 182 198 22 4 elsewhere
hsa-miR-6821-3p -4.53 84 91 21 14 elsewhere
hsa-miR-6822-5p -2.67 61 67 8 2 leader
hsa-miR-6823-5p -14.57 23 43 21 3 leader
hsa-miR-6823-3p -0.96 6 12 7 1 elsewhere
hsa-miR-6824-5p -13.31 18 44 22 6 leader
hsa-miR-6825-5p -14.38 9 22 14 1 leader
hsa-miR-6825-3p -2.5 111 117 7 1 elsewhere
hsa-miR-6826-5p -5.78 42 52 20 10 leader
hsa-miR-6826-3p -5.31 155 161 19 13 elsewhere
hsa-miR-6827-5p -8.83 185 203 20 3 elsewhere
hsa-miR-6827-3p -2.13 155 161 15 9 elsewhere
hsa-miR-6828-5p -7.71 47 54 13 6 leader
hsa-miR-6828-3p -3.59 155 169 15 4 elsewhere
hsa-miR-6829-3p -5.73 183 193 20 11 elsewhere
hsa-miR-6830-5p -4.04 197 207 16 5 elsewhere
hsa-miR-6830-3p -6.1 183 189 23 17 elsewhere
hsa-miR-6831-5p -11.59 179 196 20 1 elsewhere
hsa-miR-6831-3p -4.54 51 57 21 15 leader
hsa-miR-6832-5p -5.32 60 68 11 3 leader
hsa-miR-6833-5p -15.59 171 187 19 2 elsewhere
hsa-miR-6834-5p -8.36 162 180 20 3 elsewhere
hsa-miR-6835-5p -11.58 33 52 19 1 leader
hsa-miR-6835-3p -3.83 155 161 17 11 elsewhere
hsa-miR-6780b-5p -10.89 15 21 9 3 leader
hsa-miR-6780b-3p -0.64 259 265 10 4 elsewhere
hsa-miR-6837-5p -3.04 61 76 19 4 leader
hsa-miR-6837-3p -8.52 183 200 23 6 elsewhere
hsa-miR-6838-5p -11.58 179 195 17 1 elsewhere
hsa-miR-6838-3p -1.32 155 161 16 10 elsewhere
hsa-miR-6839-5p -4.75 237 248 16 1 elsewhere
hsa-miR-6840-5p -12.56 231 248 24 4 elsewhere
hsa-miR-6841-3p -3.7 52 58 14 8 leader
hsa-miR-6842-5p -3.83 219 225 11 5 elsewhere
hsa-miR-6842-3p -0.23 99 105 8 2 elsewhere
hsa-miR-6843-3p -6.18 147 164 21 4 elsewhere
hsa-miR-6844 -2.08 59 74 21 4 leader
hsa-miR-6845-5p -10.95 190 204 14 1 elsewhere
hsa-miR-6846-5p -11.44 175 193 20 2 elsewhere
hsa-miR-6846-3p -3.82 155 161 14 8 elsewhere
hsa-miR-6847-5p -9.6 42 67 22 3 leader
hsa-miR-6847-3p -3.11 152 168 19 2 elsewhere
hsa-miR-6848-5p -2.89 174 186 17 6 elsewhere
hsa-miR-6848-3p -0.37 187 193 7 1 elsewhere
hsa-miR-6849-5p -13.2 161 184 20 2 elsewhere
hsa-miR-6849-3p -10.75 185 192 10 3 elsewhere
hsa-miR-6850-5p -6.51 227 243 21 3 elsewhere
hsa-miR-6850-3p -4.48 86 105 19 3 elsewhere
hsa-miR-6851-5p -4.47 102 120 23 5 elsewhere
hsa-miR-6852-5p -6.08 60 79 19 4 leader
hsa-miR-6853-5p -1.78 101 125 22 2 elsewhere
hsa-miR-6853-3p -6.26 190 204 22 8 elsewhere
hsa-miR-6854-5p -4.38 61 77 18 7 leader
hsa-miR-6854-3p -4.1 190 205 21 2 elsewhere
hsa-miR-6855-5p -9.04 58 71 19 6 leader
hsa-miR-6856-5p -6.12 183 195 24 8 elsewhere
hsa-miR-6856-3p -2.09 256 262 19 13 elsewhere
hsa-miR-6857-5p -5.66 50 69 21 1 leader
hsa-miR-6857-3p -4.62 109 118 9 1 elsewhere
hsa-miR-6859-5p -4.41 204 212 15 7 elsewhere
hsa-miR-6859-3p -4.56 183 189 23 17 elsewhere
hsa-miR-6769b-5p -14.48 15 38 15 1 leader
hsa-miR-6860 -8.21 180 196 21 3 elsewhere
hsa-miR-6861-5p -3.17 190 197 13 6 elsewhere
hsa-miR-6862-5p -11.85 235 256 21 1 elsewhere
hsa-miR-6863 -3.86 42 52 21 12 leader
hsa-miR-6864-5p -2.62 40 46 7 1 leader
hsa-miR-6864-3p -1.57 235 242 9 2 elsewhere
hsa-miR-6865-5p -12.32 174 186 19 7 elsewhere
hsa-miR-6866-5p -6.85 45 69 21 1 leader
hsa-miR-6866-3p -3.37 21 27 14 8 leader
hsa-miR-6867-5p -14.14 171 190 22 4 elsewhere
hsa-miR-6868-5p -9.57 189 206 22 4 elsewhere
hsa-miR-6868-3p -3.94 184 193 18 9 elsewhere
hsa-miR-6869-5p -7.65 180 197 21 1 elsewhere
hsa-miR-6869-3p -0.37 85 92 9 2 elsewhere
hsa-miR-6870-5p -14.21 37 55 18 1 leader
hsa-miR-6871-5p -13.66 33 54 21 2 leader
hsa-miR-6872-5p -2.9 179 185 15 9 elsewhere
hsa-miR-6873-5p -7.98 60 78 20 2 leader
hsa-miR-6873-3p -2.32 256 263 15 8 elsewhere
hsa-miR-6874-5p -7.26 227 246 23 2 elsewhere
hsa-miR-6874-3p -3.23 157 172 16 2 elsewhere
hsa-miR-6875-5p -10.83 47 67 21 3 leader
hsa-miR-6876-5p -8.93 189 207 19 3 elsewhere
hsa-miR-6876-3p -7.0 184 194 11 1 elsewhere
hsa-miR-6877-5p -4.39 175 191 16 3 elsewhere
hsa-miR-6878-5p -2.24 193 203 23 14 elsewhere
hsa-miR-6879-5p -15.05 171 195 22 3 elsewhere
hsa-miR-6880-5p -11.48 165 186 22 3 elsewhere
hsa-miR-6881-5p -10.38 170 186 20 5 elsewhere
hsa-miR-6881-3p -4.52 255 261 11 5 elsewhere
hsa-miR-6882-5p -9.59 190 203 22 10 elsewhere
hsa-miR-6882-3p -9.93 183 190 24 17 elsewhere
hsa-miR-6883-5p -15.44 11 21 12 2 leader
hsa-miR-6884-5p -11.25 177 191 16 3 elsewhere
hsa-miR-6884-3p -7.96 246 262 22 7 elsewhere
hsa-miR-6885-5p -2.19 60 67 9 2 leader
hsa-miR-6885-3p -0.28 259 265 8 2 elsewhere
hsa-miR-6886-5p -7.92 171 189 17 1 elsewhere
hsa-miR-6887-5p -14.39 49 67 21 3 leader
hsa-miR-6888-5p -4.51 177 184 9 2 elsewhere
hsa-miR-6889-5p -5.97 18 24 15 9 leader
hsa-miR-6890-5p -7.16 58 67 16 6 leader
hsa-miR-6891-5p -12.66 171 184 16 3 elsewhere
hsa-miR-6892-5p -10.97 190 203 19 5 elsewhere
hsa-miR-6892-3p -6.16 183 189 21 15 elsewhere
hsa-miR-6893-5p -10.86 175 195 19 2 elsewhere
hsa-miR-6894-5p -10.6 171 184 14 2 elsewhere
hsa-miR-6894-3p -5.68 21 27 7 1 leader
hsa-miR-6895-5p -6.52 83 93 16 4 elsewhere
hsa-miR-7106-5p -7.77 233 245 19 6 elsewhere
hsa-miR-7107-5p -14.99 171 192 22 2 elsewhere
hsa-miR-7107-3p -3.86 254 265 25 14 elsewhere
hsa-miR-7108-5p -8.48 170 193 19 3 elsewhere
hsa-miR-7109-5p -3.68 16 23 8 1 leader
hsa-miR-7110-5p -10.65 16 38 15 1 leader
hsa-miR-7110-3p -8.84 183 189 22 16 elsewhere
hsa-miR-7111-5p -9.73 15 21 9 3 leader
hsa-miR-7112-5p -3.58 189 195 14 8 elsewhere
hsa-miR-7113-5p -5.82 119 128 21 12 elsewhere
hsa-miR-7113-3p -5.1 183 193 23 12 elsewhere
hsa-miR-7114-5p -6.4 156 189 21 1 elsewhere
hsa-miR-7150 -10.41 173 186 16 4 elsewhere
hsa-miR-7151-5p -5.82 184 190 18 12 elsewhere
hsa-miR-7151-3p -4.36 36 56 16 1 leader
hsa-miR-7152-5p -6.3 155 161 9 3 elsewhere
hsa-miR-7152-3p -6.32 236 248 20 7 elsewhere
hsa-miR-7153-3p -8.17 236 250 18 1 elsewhere
hsa-miR-7154-5p -6.93 186 202 22 6 elsewhere
hsa-miR-7154-3p -9.42 46 67 20 2 leader
hsa-miR-7155-5p -4.06 15 24 14 1 leader
hsa-miR-7156-5p -4.08 153 159 22 16 elsewhere
hsa-miR-7156-3p -6.92 17 25 17 9 leader
hsa-miR-7157-3p -7.36 238 247 19 10 elsewhere
hsa-miR-7158-5p -6.31 183 191 22 13 elsewhere
hsa-miR-7158-3p -7.69 42 54 17 5 leader
hsa-miR-7161-5p -8.99 180 191 15 4 elsewhere
hsa-miR-7161-3p -8.48 183 194 27 16 elsewhere
hsa-miR-7159-5p -7.49 36 57 21 2 leader
hsa-miR-7159-3p -2.42 137 144 15 8 elsewhere
hsa-miR-7160-5p -8.06 227 248 20 9 elsewhere
hsa-miR-7162-3p -4.69 59 79 15 3 leader
hsa-miR-7515 -9.27 172 184 17 6 elsewhere
hsa-miR-7704 -4.24 148 157 14 5 elsewhere
hsa-miR-7706 -8.94 184 195 13 3 elsewhere
hsa-miR-7843-5p -6.65 58 66 9 1 leader
hsa-miR-7843-3p -9.54 227 243 16 1 elsewhere
hsa-miR-4433b-3p -11.49 173 186 20 6 elsewhere
hsa-miR-1273h-5p -8.09 16 23 8 1 leader
hsa-miR-1273h-3p -8.27 182 188 7 1 elsewhere
hsa-miR-6516-5p -5.41 228 234 18 12 elsewhere
hsa-miR-6516-3p -2.71 124 130 17 11 elsewhere
hsa-miR-7844-5p -8.74 115 128 22 10 elsewhere
hsa-miR-7845-5p -9.99 14 21 16 9 leader
hsa-miR-7846-3p -13.92 232 243 14 3 elsewhere
hsa-miR-7847-3p -11.98 171 186 19 2 elsewhere
hsa-miR-7848-3p -7.69 185 192 15 8 elsewhere
hsa-miR-7849-3p -5.23 223 229 13 7 elsewhere
hsa-miR-7850-5p -7.94 225 248 20 2 elsewhere
hsa-miR-7851-3p -9.23 14 26 18 1 leader
hsa-miR-7852-3p -5.31 184 194 19 6 elsewhere
hsa-miR-7853-5p -5.48 56 62 13 7 leader
hsa-miR-7854-3p -4.36 175 195 19 3 elsewhere
hsa-miR-7855-5p -2.54 221 227 7 1 elsewhere
hsa-miR-7856-5p -6.85 45 65 21 6 leader
hsa-miR-548ba -3.74 185 201 21 7 elsewhere
hsa-miR-7974 -3.93 186 201 19 2 elsewhere
hsa-miR-7975 -0.95 85 94 15 5 elsewhere
hsa-miR-7976 -7.07 226 249 18 2 elsewhere
hsa-miR-7978 -5.52 105 120 18 4 elsewhere
hsa-miR-8052 -12.06 171 192 21 1 elsewhere
hsa-miR-8053 -3.8 227 242 23 10 elsewhere
hsa-miR-8054 -8.56 170 186 21 5 elsewhere
hsa-miR-8055 -5.63 190 202 18 5 elsewhere
hsa-miR-8056 -7.79 230 248 17 1 elsewhere
hsa-miR-8057 -17.9 175 193 21 1 elsewhere
hsa-miR-8059 -9.78 179 193 16 1 elsewhere
hsa-miR-8060 -12.78 180 195 21 6 elsewhere
hsa-miR-8061 -7.64 177 185 16 8 elsewhere
hsa-miR-8062 -2.47 134 149 20 1 elsewhere
hsa-miR-8063 -5.33 98 106 18 10 elsewhere
hsa-miR-8064 -11.76 103 116 18 5 elsewhere
hsa-miR-8065 -4.92 181 187 7 1 elsewhere
hsa-miR-8066 -6.48 254 262 16 8 elsewhere
hsa-miR-8067 -7.73 188 203 22 5 elsewhere
hsa-miR-8068 -7.4 61 75 16 2 leader
hsa-miR-8069 -10.46 184 207 22 1 elsewhere
hsa-miR-8070 -5.06 90 101 15 4 elsewhere
hsa-miR-8071 -8.44 162 180 19 2 elsewhere
hsa-miR-8072 -12.63 174 194 18 1 elsewhere
hsa-miR-8073 -1.22 61 67 17 11 leader
hsa-miR-8074 -8.74 226 244 23 5 elsewhere
hsa-miR-8075 -10.56 222 229 8 1 elsewhere
hsa-miR-8076 -3.69 197 211 16 2 elsewhere
hsa-miR-8077 -5.01 97 104 8 1 elsewhere
hsa-miR-8078 -4.01 47 59 20 1 leader
hsa-miR-8079 -2.06 143 149 7 1 elsewhere
hsa-miR-8080 -7.86 149 158 22 13 elsewhere
hsa-miR-8081 -7.01 256 263 17 10 elsewhere
hsa-miR-8082 -7.15 225 244 22 2 elsewhere
hsa-miR-8083 -8.83 210 223 20 8 elsewhere
hsa-miR-8084 -4.27 108 116 12 4 elsewhere
hsa-miR-8085 -8.77 49 67 20 3 leader
hsa-miR-8086 -4.55 177 192 18 4 elsewhere
hsa-miR-8087 -4.04 48 60 23 12 leader
hsa-miR-8088 -3.34 111 117 12 6 elsewhere
hsa-miR-8089 -6.48 41 66 21 4 leader
hsa-miR-9500 -7.73 172 184 15 4 elsewhere
hsa-miR-548bb-3p -5.12 162 172 21 11 elsewhere
hsa-miR-9718 -9.9 223 239 20 6 elsewhere
hsa-miR-9898 -7.04 256 265 12 3 elsewhere
hsa-miR-9899 -2.17 86 92 12 6 elsewhere
hsa-miR-9900 -7.57 47 62 15 1 leader
hsa-miR-9901 -6.48 236 256 21 1 elsewhere
hsa-miR-9902 -6.18 227 241 18 5 elsewhere
hsa-miR-9985 -6.06 109 120 16 6 elsewhere
hsa-miR-1843 -6.44 36 51 19 4 leader
hsa-miR-548bc -4.27 185 202 21 3 elsewhere
hsa-miR-9986 -3.23 21 43 19 4 leader
hsa-miR-10226 -6.63 17 34 20 4 leader
hsa-miR-10392-5p -5.72 195 209 23 9 elsewhere
hsa-miR-10393-3p -2.82 54 64 12 2 leader
hsa-miR-10394-5p -7.8 182 189 8 1 elsewhere
hsa-miR-10394-3p -11.47 193 212 21 3 elsewhere
hsa-miR-10395-5p -8.76 60 71 13 1 leader
hsa-miR-10395-3p -5.93 149 169 20 4 elsewhere
hsa-miR-10396a-5p -7.24 98 117 19 2 elsewhere
hsa-miR-10396a-3p -2.95 236 248 18 4 elsewhere
hsa-miR-10397-5p -4.19 193 206 21 6 elsewhere
hsa-miR-10397-3p -4.8 36 62 22 2 leader
hsa-miR-10398-3p -6.84 227 249 18 1 elsewhere
hsa-miR-10399-5p -8.93 47 62 21 5 leader
hsa-miR-10399-3p -12.58 192 208 20 5 elsewhere
hsa-miR-10400-5p -4.61 147 155 9 1 elsewhere
hsa-miR-10400-3p -12.44 237 248 19 8 elsewhere
hsa-miR-10401-5p -9.43 15 22 12 5 leader
hsa-miR-10396b-5p -5.94 98 117 20 3 elsewhere
hsa-miR-10396b-3p -5.77 232 248 21 4 elsewhere
hsa-miR-10523-5p -5.92 234 244 20 10 elsewhere
hsa-miR-10525-3p -13.86 220 239 21 2 elsewhere
hsa-miR-10526-3p -9.78 175 195 19 3 elsewhere
hsa-miR-10527-5p -9.45 91 112 23 2 elsewhere
hsa-miR-11181-3p -8.56 174 186 18 5 elsewhere
hsa-miR-11399 -7.87 235 248 22 8 elsewhere
hsa-miR-11400 -4.27 185 201 18 3 elsewhere
hsa-miR-11401 -8.59 183 190 12 5 elsewhere
hsa-miR-3059-3p -10.89 36 56 22 2 leader
hsa-miR-6529-5p -9.5 40 52 12 1 leader
hsa-miR-6529-3p -5.61 256 263 12 5 elsewhere
hsa-miR-9851-5p -12.07 221 236 18 3 elsewhere
hsa-miR-9851-3p -2.66 111 117 15 9 elsewhere
hsa-miR-12113 -0.46 181 187 18 12 elsewhere
hsa-miR-12114 -12.26 10 21 15 3 leader
hsa-miR-12115 -2.34 16 22 16 10 leader
hsa-miR-12118 -6.44 58 67 14 4 leader
hsa-miR-12119 -9.81 19 42 24 5 leader
hsa-miR-12120 -6.85 227 243 26 9 elsewhere
hsa-miR-12121 -9.55 101 118 20 2 elsewhere
hsa-miR-12122 -6.66 179 192 20 6 elsewhere
hsa-miR-12125 -4.95 237 250 19 6 elsewhere
hsa-miR-12126 -7.04 17 25 10 2 leader
hsa-miR-12127 -5.84 30 51 24 2 leader
hsa-miR-12128 -2.47 176 182 11 5 elsewhere
hsa-miR-12129 -2.24 111 118 10 3 elsewhere
hsa-miR-12130 -3.19 256 263 15 8 elsewhere
hsa-miR-12131 -3.32 11 22 14 3 leader
hsa-miR-12132 -5.48 193 200 12 5 elsewhere
hsa-miR-12135 -9.2 67 78 14 3 leader
